<?xml version="1.0" ?>
<!DOCTYPE coverage SYSTEM "http://cobertura.sourceforge.net/xml/coverage-04.dtd">
<coverage lines-valid="2829"  lines-covered="651"  line-rate="0.23010000000000003"  branches-valid="1210"  branches-covered="168"  branch-rate="0.1388"  timestamp="1461852557060" complexity="0" version="0.1">
<sources>
	<source>/home/marin/matrix</source>
</sources>
<packages>
	<package name="specs"  line-rate="1"  branch-rate="1" >
	<classes>
		<class name="test_core.js"  filename="specs/test_core.js"  line-rate="1"  branch-rate="1" >
		<methods>
			<method name="(anonymous_1)"  hits="1"  signature="()V" >
				<lines><line number="1"  hits="1" /></lines>
			</method>
			<method name="(anonymous_2)"  hits="1"  signature="()V" >
				<lines><line number="2"  hits="1" /></lines>
			</method>
			<method name="(anonymous_3)"  hits="17"  signature="()V" >
				<lines><line number="5"  hits="17" /></lines>
			</method>
			<method name="(anonymous_4)"  hits="1"  signature="()V" >
				<lines><line number="9"  hits="1" /></lines>
			</method>
			<method name="(anonymous_5)"  hits="1"  signature="()V" >
				<lines><line number="13"  hits="1" /></lines>
			</method>
			<method name="(anonymous_6)"  hits="1"  signature="()V" >
				<lines><line number="18"  hits="1" /></lines>
			</method>
			<method name="(anonymous_7)"  hits="1"  signature="()V" >
				<lines><line number="25"  hits="1" /></lines>
			</method>
			<method name="(anonymous_8)"  hits="1"  signature="()V" >
				<lines><line number="32"  hits="1" /></lines>
			</method>
			<method name="(anonymous_9)"  hits="1"  signature="()V" >
				<lines><line number="37"  hits="1" /></lines>
			</method>
			<method name="(anonymous_10)"  hits="1"  signature="()V" >
				<lines><line number="42"  hits="1" /></lines>
			</method>
			<method name="(anonymous_11)"  hits="1"  signature="()V" >
				<lines><line number="47"  hits="1" /></lines>
			</method>
			<method name="(anonymous_12)"  hits="1"  signature="()V" >
				<lines><line number="52"  hits="1" /></lines>
			</method>
			<method name="(anonymous_13)"  hits="1"  signature="()V" >
				<lines><line number="57"  hits="1" /></lines>
			</method>
			<method name="(anonymous_14)"  hits="1"  signature="()V" >
				<lines><line number="62"  hits="1" /></lines>
			</method>
			<method name="(anonymous_15)"  hits="1"  signature="()V" >
				<lines><line number="67"  hits="1" /></lines>
			</method>
			<method name="(anonymous_16)"  hits="1"  signature="()V" >
				<lines><line number="72"  hits="1" /></lines>
			</method>
			<method name="(anonymous_17)"  hits="1"  signature="()V" >
				<lines><line number="80"  hits="1" /></lines>
			</method>
			<method name="(anonymous_18)"  hits="4"  signature="()V" >
				<lines><line number="81"  hits="4" /></lines>
			</method>
			<method name="(anonymous_19)"  hits="1"  signature="()V" >
				<lines><line number="85"  hits="1" /></lines>
			</method>
			<method name="(anonymous_20)"  hits="1"  signature="()V" >
				<lines><line number="91"  hits="1" /></lines>
			</method>
			<method name="(anonymous_21)"  hits="1"  signature="()V" >
				<lines><line number="97"  hits="1" /></lines>
			</method>
			<method name="(anonymous_22)"  hits="1"  signature="()V" >
				<lines><line number="103"  hits="1" /></lines>
			</method>
			<method name="(anonymous_23)"  hits="1"  signature="()V" >
				<lines><line number="112"  hits="1" /></lines>
			</method>
			<method name="(anonymous_24)"  hits="3"  signature="()V" >
				<lines><line number="120"  hits="3" /></lines>
			</method>
			<method name="(anonymous_25)"  hits="1"  signature="()V" >
				<lines><line number="128"  hits="1" /></lines>
			</method>
			<method name="(anonymous_26)"  hits="1"  signature="()V" >
				<lines><line number="133"  hits="1" /></lines>
			</method>
			<method name="(anonymous_27)"  hits="1"  signature="()V" >
				<lines><line number="138"  hits="1" /></lines>
			</method>
			<method name="(anonymous_28)"  hits="1"  signature="()V" >
				<lines><line number="144"  hits="1" /></lines>
			</method>
			<method name="(anonymous_29)"  hits="8"  signature="()V" >
				<lines><line number="154"  hits="8" /></lines>
			</method>
			<method name="(anonymous_30)"  hits="1"  signature="()V" >
				<lines><line number="164"  hits="1" /></lines>
			</method>
			<method name="(anonymous_31)"  hits="1"  signature="()V" >
				<lines><line number="170"  hits="1" /></lines>
			</method>
			<method name="(anonymous_32)"  hits="1"  signature="()V" >
				<lines><line number="175"  hits="1" /></lines>
			</method>
			<method name="(anonymous_33)"  hits="1"  signature="()V" >
				<lines><line number="181"  hits="1" /></lines>
			</method>
			<method name="(anonymous_34)"  hits="1"  signature="()V" >
				<lines><line number="186"  hits="1" /></lines>
			</method>
			<method name="(anonymous_35)"  hits="1"  signature="()V" >
				<lines><line number="191"  hits="1" /></lines>
			</method>
			<method name="(anonymous_36)"  hits="1"  signature="()V" >
				<lines><line number="198"  hits="1" /></lines>
			</method>
			<method name="(anonymous_37)"  hits="1"  signature="()V" >
				<lines><line number="203"  hits="1" /></lines>
			</method>
			<method name="(anonymous_38)"  hits="1"  signature="()V" >
				<lines><line number="209"  hits="1" /></lines>
			</method>
			<method name="(anonymous_39)"  hits="2"  signature="()V" >
				<lines><line number="217"  hits="2" /></lines>
			</method>
			<method name="(anonymous_40)"  hits="1"  signature="()V" >
				<lines><line number="227"  hits="1" /></lines>
			</method>
			<method name="(anonymous_41)"  hits="1"  signature="()V" >
				<lines><line number="231"  hits="1" /></lines>
			</method>
			<method name="(anonymous_42)"  hits="1"  signature="()V" >
				<lines><line number="238"  hits="1" /></lines>
			</method>
			<method name="(anonymous_43)"  hits="1"  signature="()V" >
				<lines><line number="241"  hits="1" /></lines>
			</method>
			<method name="(anonymous_44)"  hits="1"  signature="()V" >
				<lines><line number="247"  hits="1" /></lines>
			</method>
		</methods>
		<lines>
			<line number="1"  hits="1"  branch="false" />
			<line number="2"  hits="1"  branch="false" />
			<line number="3"  hits="1"  branch="false" />
			<line number="5"  hits="1"  branch="false" />
			<line number="6"  hits="17"  branch="false" />
			<line number="9"  hits="1"  branch="false" />
			<line number="10"  hits="1"  branch="false" />
			<line number="13"  hits="1"  branch="false" />
			<line number="14"  hits="1"  branch="false" />
			<line number="15"  hits="1"  branch="false" />
			<line number="18"  hits="1"  branch="false" />
			<line number="19"  hits="1"  branch="false" />
			<line number="22"  hits="1"  branch="false" />
			<line number="25"  hits="1"  branch="false" />
			<line number="26"  hits="1"  branch="false" />
			<line number="29"  hits="1"  branch="false" />
			<line number="32"  hits="1"  branch="false" />
			<line number="33"  hits="1"  branch="false" />
			<line number="34"  hits="1"  branch="false" />
			<line number="37"  hits="1"  branch="false" />
			<line number="38"  hits="1"  branch="false" />
			<line number="39"  hits="1"  branch="false" />
			<line number="42"  hits="1"  branch="false" />
			<line number="43"  hits="1"  branch="false" />
			<line number="44"  hits="1"  branch="false" />
			<line number="47"  hits="1"  branch="false" />
			<line number="48"  hits="1"  branch="false" />
			<line number="49"  hits="1"  branch="false" />
			<line number="52"  hits="1"  branch="false" />
			<line number="53"  hits="1"  branch="false" />
			<line number="54"  hits="1"  branch="false" />
			<line number="57"  hits="1"  branch="false" />
			<line number="58"  hits="1"  branch="false" />
			<line number="59"  hits="1"  branch="false" />
			<line number="62"  hits="1"  branch="false" />
			<line number="63"  hits="1"  branch="false" />
			<line number="64"  hits="1"  branch="false" />
			<line number="67"  hits="1"  branch="false" />
			<line number="68"  hits="1"  branch="false" />
			<line number="69"  hits="1"  branch="false" />
			<line number="72"  hits="1"  branch="false" />
			<line number="73"  hits="1"  branch="false" />
			<line number="74"  hits="1"  branch="false" />
			<line number="75"  hits="1"  branch="false" />
			<line number="76"  hits="1"  branch="false" />
			<line number="77"  hits="1"  branch="false" />
			<line number="80"  hits="1"  branch="false" />
			<line number="81"  hits="1"  branch="false" />
			<line number="82"  hits="4"  branch="false" />
			<line number="85"  hits="1"  branch="false" />
			<line number="86"  hits="1"  branch="false" />
			<line number="87"  hits="1"  branch="false" />
			<line number="88"  hits="1"  branch="false" />
			<line number="89"  hits="1"  branch="false" />
			<line number="91"  hits="1"  branch="false" />
			<line number="92"  hits="1"  branch="false" />
			<line number="93"  hits="1"  branch="false" />
			<line number="94"  hits="1"  branch="false" />
			<line number="95"  hits="1"  branch="false" />
			<line number="97"  hits="1"  branch="false" />
			<line number="98"  hits="1"  branch="false" />
			<line number="99"  hits="1"  branch="false" />
			<line number="100"  hits="1"  branch="false" />
			<line number="101"  hits="1"  branch="false" />
			<line number="103"  hits="1"  branch="false" />
			<line number="104"  hits="1"  branch="false" />
			<line number="105"  hits="1"  branch="false" />
			<line number="106"  hits="1"  branch="false" />
			<line number="107"  hits="1"  branch="false" />
			<line number="112"  hits="1"  branch="false" />
			<line number="113"  hits="1"  branch="false" />
			<line number="120"  hits="1"  branch="false" />
			<line number="121"  hits="3"  branch="false" />
			<line number="125"  hits="3"  branch="false" />
			<line number="128"  hits="1"  branch="false" />
			<line number="129"  hits="1"  branch="false" />
			<line number="130"  hits="1"  branch="false" />
			<line number="133"  hits="1"  branch="false" />
			<line number="134"  hits="1"  branch="false" />
			<line number="135"  hits="1"  branch="false" />
			<line number="138"  hits="1"  branch="false" />
			<line number="139"  hits="1"  branch="false" />
			<line number="140"  hits="1"  branch="false" />
			<line number="144"  hits="1"  branch="false" />
			<line number="145"  hits="1"  branch="false" />
			<line number="154"  hits="1"  branch="false" />
			<line number="155"  hits="8"  branch="false" />
			<line number="159"  hits="8"  branch="false" />
			<line number="160"  hits="8"  branch="false" />
			<line number="161"  hits="8"  branch="false" />
			<line number="164"  hits="1"  branch="false" />
			<line number="165"  hits="1"  branch="false" />
			<line number="166"  hits="1"  branch="false" />
			<line number="167"  hits="1"  branch="false" />
			<line number="170"  hits="1"  branch="false" />
			<line number="171"  hits="1"  branch="false" />
			<line number="172"  hits="1"  branch="false" />
			<line number="175"  hits="1"  branch="false" />
			<line number="176"  hits="1"  branch="false" />
			<line number="177"  hits="1"  branch="false" />
			<line number="178"  hits="1"  branch="false" />
			<line number="181"  hits="1"  branch="false" />
			<line number="182"  hits="1"  branch="false" />
			<line number="183"  hits="1"  branch="false" />
			<line number="186"  hits="1"  branch="false" />
			<line number="187"  hits="1"  branch="false" />
			<line number="188"  hits="1"  branch="false" />
			<line number="191"  hits="1"  branch="false" />
			<line number="192"  hits="1"  branch="false" />
			<line number="193"  hits="1"  branch="false" />
			<line number="195"  hits="1"  branch="false" />
			<line number="198"  hits="1"  branch="false" />
			<line number="199"  hits="1"  branch="false" />
			<line number="200"  hits="1"  branch="false" />
			<line number="203"  hits="1"  branch="false" />
			<line number="204"  hits="1"  branch="false" />
			<line number="205"  hits="1"  branch="false" />
			<line number="209"  hits="1"  branch="false" />
			<line number="210"  hits="1"  branch="false" />
			<line number="217"  hits="1"  branch="false" />
			<line number="218"  hits="2"  branch="false" />
			<line number="222"  hits="2"  branch="false" />
			<line number="223"  hits="2"  branch="false" />
			<line number="224"  hits="2"  branch="false" />
			<line number="227"  hits="1"  branch="false" />
			<line number="228"  hits="1"  branch="false" />
			<line number="231"  hits="1"  branch="false" />
			<line number="232"  hits="1"  branch="false" />
			<line number="233"  hits="1"  branch="false" />
			<line number="234"  hits="1"  branch="false" />
			<line number="238"  hits="1"  branch="false" />
			<line number="239"  hits="1"  branch="false" />
			<line number="241"  hits="1"  branch="false" />
			<line number="242"  hits="1"  branch="false" />
			<line number="247"  hits="1"  branch="false" />
			<line number="248"  hits="1"  branch="false" />
			<line number="255"  hits="1"  branch="false" />
			<line number="256"  hits="1"  branch="false" />
		</lines>
		</class>
	</classes>
	</package>
	<package name="specs.defaultImplementations"  line-rate="0.33899999999999997"  branch-rate="0.7726999999999999" >
	<classes>
		<class name="testRenderer.js"  filename="specs/defaultImplementations/testRenderer.js"  line-rate="0.33899999999999997"  branch-rate="0.7726999999999999" >
		<methods>
			<method name="(anonymous_1)"  hits="13"  signature="()V" >
				<lines><line number="3"  hits="13" /></lines>
			</method>
			<method name="(anonymous_2)"  hits="0"  signature="()V" >
				<lines><line number="9"  hits="0" /></lines>
			</method>
			<method name="(anonymous_3)"  hits="0"  signature="()V" >
				<lines><line number="13"  hits="0" /></lines>
			</method>
			<method name="(anonymous_4)"  hits="0"  signature="()V" >
				<lines><line number="20"  hits="0" /></lines>
			</method>
			<method name="(anonymous_5)"  hits="0"  signature="()V" >
				<lines><line number="27"  hits="0" /></lines>
			</method>
			<method name="(anonymous_6)"  hits="0"  signature="()V" >
				<lines><line number="32"  hits="0" /></lines>
			</method>
			<method name="(anonymous_7)"  hits="0"  signature="()V" >
				<lines><line number="36"  hits="0" /></lines>
			</method>
			<method name="(anonymous_8)"  hits="0"  signature="()V" >
				<lines><line number="40"  hits="0" /></lines>
			</method>
			<method name="(anonymous_9)"  hits="0"  signature="()V" >
				<lines><line number="44"  hits="0" /></lines>
			</method>
			<method name="(anonymous_10)"  hits="2"  signature="()V" >
				<lines><line number="48"  hits="2" /></lines>
			</method>
			<method name="(anonymous_11)"  hits="0"  signature="()V" >
				<lines><line number="67"  hits="0" /></lines>
			</method>
			<method name="(anonymous_12)"  hits="98"  signature="()V" >
				<lines><line number="71"  hits="98" /></lines>
			</method>
			<method name="(anonymous_13)"  hits="0"  signature="()V" >
				<lines><line number="86"  hits="0" /></lines>
			</method>
			<method name="(anonymous_14)"  hits="0"  signature="()V" >
				<lines><line number="90"  hits="0" /></lines>
			</method>
			<method name="(anonymous_15)"  hits="0"  signature="()V" >
				<lines><line number="94"  hits="0" /></lines>
			</method>
			<method name="(anonymous_16)"  hits="0"  signature="()V" >
				<lines><line number="98"  hits="0" /></lines>
			</method>
			<method name="(anonymous_17)"  hits="0"  signature="()V" >
				<lines><line number="104"  hits="0" /></lines>
			</method>
			<method name="(anonymous_18)"  hits="0"  signature="()V" >
				<lines><line number="109"  hits="0" /></lines>
			</method>
			<method name="(anonymous_19)"  hits="0"  signature="()V" >
				<lines><line number="117"  hits="0" /></lines>
			</method>
			<method name="(anonymous_20)"  hits="0"  signature="()V" >
				<lines><line number="125"  hits="0" /></lines>
			</method>
			<method name="(anonymous_21)"  hits="0"  signature="()V" >
				<lines><line number="132"  hits="0" /></lines>
			</method>
			<method name="(anonymous_22)"  hits="0"  signature="()V" >
				<lines><line number="150"  hits="0" /></lines>
			</method>
			<method name="(anonymous_23)"  hits="5"  signature="()V" >
				<lines><line number="156"  hits="5" /></lines>
			</method>
			<method name="(anonymous_24)"  hits="44"  signature="()V" >
				<lines><line number="185"  hits="44" /></lines>
			</method>
		</methods>
		<lines>
			<line number="1"  hits="1"  branch="false" />
			<line number="4"  hits="13"  branch="false" />
			<line number="5"  hits="13"  branch="false" />
			<line number="6"  hits="13"  branch="false" />
			<line number="10"  hits="0"  branch="false" />
			<line number="14"  hits="0"  branch="false" />
			<line number="17"  hits="0"  branch="false" />
			<line number="21"  hits="0"  branch="false" />
			<line number="24"  hits="0"  branch="false" />
			<line number="28"  hits="0"  branch="false" />
			<line number="29"  hits="0"  branch="false" />
			<line number="33"  hits="0"  branch="false" />
			<line number="37"  hits="0"  branch="false" />
			<line number="41"  hits="0"  branch="false" />
			<line number="45"  hits="0"  branch="false" />
			<line number="49"  hits="2"  branch="false" />
			<line number="62"  hits="2"  branch="false" />
			<line number="63"  hits="2"  branch="false" />
			<line number="64"  hits="2"  branch="false" />
			<line number="68"  hits="0"  branch="false" />
			<line number="72"  hits="98"  branch="false" />
			<line number="87"  hits="0"  branch="false" />
			<line number="91"  hits="0"  branch="false" />
			<line number="95"  hits="0"  branch="false" />
			<line number="99"  hits="0"  branch="false" />
			<line number="100"  hits="0"  branch="false" />
			<line number="105"  hits="0"  branch="false" />
			<line number="110"  hits="0"  branch="false" />
			<line number="111"  hits="0"  branch="false" />
			<line number="112"  hits="0"  branch="false" />
			<line number="114"  hits="0"  branch="false" />
			<line number="118"  hits="0"  branch="false" />
			<line number="119"  hits="0"  branch="false" />
			<line number="120"  hits="0"  branch="false" />
			<line number="122"  hits="0"  branch="false" />
			<line number="126"  hits="0"  branch="false" />
			<line number="127"  hits="0"  branch="false" />
			<line number="129"  hits="0"  branch="false" />
			<line number="133"  hits="0"  branch="true"  condition-coverage="0% (0/2)" />
			<line number="134"  hits="0"  branch="false" />
			<line number="136"  hits="0"  branch="false" />
			<line number="139"  hits="0"  branch="false" />
			<line number="140"  hits="0"  branch="false" />
			<line number="142"  hits="0"  branch="false" />
			<line number="145"  hits="0"  branch="false" />
			<line number="147"  hits="0"  branch="false" />
			<line number="151"  hits="0"  branch="false" />
			<line number="153"  hits="0"  branch="false" />
			<line number="157"  hits="5"  branch="false" />
			<line number="161"  hits="5"  branch="false" />
			<line number="162"  hits="5"  branch="false" />
			<line number="163"  hits="8"  branch="false" />
			<line number="182"  hits="5"  branch="false" />
			<line number="186"  hits="44"  branch="false" />
			<line number="190"  hits="44"  branch="false" />
			<line number="191"  hits="44"  branch="false" />
			<line number="192"  hits="88"  branch="false" />
			<line number="211"  hits="44"  branch="false" />
			<line number="215"  hits="1"  branch="false" />
		</lines>
		</class>
	</classes>
	</package>
	<package name="specs.jasmine.lib.jasmine-2.3.4"  line-rate="0.1183"  branch-rate="0.0197" >
	<classes>
		<class name="boot.js"  filename="specs/jasmine/lib/jasmine-2.3.4/boot.js"  line-rate="0.9473999999999999"  branch-rate="0.5" >
		<methods>
			<method name="(anonymous_1)"  hits="1"  signature="()V" >
				<lines><line number="11"  hits="1" /></lines>
			</method>
			<method name="(anonymous_2)"  hits="41"  signature="()V" >
				<lines><line number="49"  hits="41" /></lines>
			</method>
			<method name="(anonymous_3)"  hits="0"  signature="()V" >
				<lines><line number="64"  hits="0" /></lines>
			</method>
			<method name="(anonymous_4)"  hits="0"  signature="()V" >
				<lines><line number="65"  hits="0" /></lines>
			</method>
			<method name="(anonymous_5)"  hits="38"  signature="()V" >
				<lines><line number="66"  hits="38" /></lines>
			</method>
			<method name="(anonymous_6)"  hits="11"  signature="()V" >
				<lines><line number="67"  hits="11" /></lines>
			</method>
			<method name="(anonymous_7)"  hits="168"  signature="()V" >
				<lines><line number="68"  hits="168" /></lines>
			</method>
			<method name="(anonymous_8)"  hits="45"  signature="()V" >
				<lines><line number="69"  hits="45" /></lines>
			</method>
			<method name="(anonymous_9)"  hits="1"  signature="()V" >
				<lines><line number="83"  hits="1" /></lines>
			</method>
			<method name="(anonymous_10)"  hits="31"  signature="()V" >
				<lines><line number="86"  hits="31" /></lines>
			</method>
			<method name="(anonymous_11)"  hits="1"  signature="()V" >
				<lines><line number="105"  hits="1" /></lines>
			</method>
			<method name="extend"  hits="1"  signature="()V" >
				<lines><line number="116"  hits="1" /></lines>
			</method>
		</methods>
		<lines>
			<line number="11"  hits="1"  branch="false" />
			<line number="18"  hits="1"  branch="false" />
			<line number="23"  hits="1"  branch="false" />
			<line number="28"  hits="1"  branch="false" />
			<line number="35"  hits="1"  branch="false" />
			<line number="40"  hits="1"  branch="false" />
			<line number="48"  hits="1"  branch="false" />
			<line number="49"  hits="41"  branch="false" />
			<line number="52"  hits="1"  branch="false" />
			<line number="53"  hits="1"  branch="true"  condition-coverage="50% (1/2)" />
			<line number="55"  hits="1"  branch="false" />
			<line number="56"  hits="1"  branch="false" />
			<line number="62"  hits="1"  branch="false" />
			<line number="64"  hits="0"  branch="false" />
			<line number="65"  hits="0"  branch="false" />
			<line number="66"  hits="38"  branch="false" />
			<line number="67"  hits="11"  branch="false" />
			<line number="68"  hits="168"  branch="false" />
			<line number="69"  hits="45"  branch="false" />
			<line number="76"  hits="1"  branch="false" />
			<line number="77"  hits="1"  branch="false" />
			<line number="82"  hits="1"  branch="false" />
			<line number="83"  hits="1"  branch="false" />
			<line number="86"  hits="1"  branch="false" />
			<line number="87"  hits="31"  branch="false" />
			<line number="93"  hits="1"  branch="false" />
			<line number="94"  hits="1"  branch="false" />
			<line number="95"  hits="1"  branch="false" />
			<line number="96"  hits="1"  branch="false" />
			<line number="103"  hits="1"  branch="false" />
			<line number="105"  hits="1"  branch="false" />
			<line number="106"  hits="1"  branch="true"  condition-coverage="50% (1/2)" />
			<line number="107"  hits="1"  branch="false" />
			<line number="109"  hits="1"  branch="false" />
			<line number="110"  hits="1"  branch="false" />
			<line number="116"  hits="1"  branch="false" />
			<line number="117"  hits="16"  branch="false" />
			<line number="118"  hits="1"  branch="false" />
		</lines>
		</class>
		<class name="console.js"  filename="specs/jasmine/lib/jasmine-2.3.4/console.js"  line-rate="0.15560000000000002"  branch-rate="0.09380000000000001" >
		<methods>
			<method name="getJasmineRequireObj"  hits="2"  signature="()V" >
				<lines><line number="23"  hits="2" /></lines>
			</method>
			<method name="(anonymous_2)"  hits="0"  signature="()V" >
				<lines><line number="32"  hits="0" /></lines>
			</method>
			<method name="(anonymous_3)"  hits="0"  signature="()V" >
				<lines><line number="36"  hits="0" /></lines>
			</method>
			<method name="(anonymous_4)"  hits="0"  signature="()V" >
				<lines><line number="39"  hits="0" /></lines>
			</method>
			<method name="(anonymous_5)"  hits="0"  signature="()V" >
				<lines><line number="40"  hits="0" /></lines>
			</method>
			<method name="ConsoleReporter"  hits="0"  signature="()V" >
				<lines><line number="43"  hits="0" /></lines>
			</method>
			<method name="(anonymous_7)"  hits="0"  signature="()V" >
				<lines><line number="46"  hits="0" /></lines>
			</method>
			<method name="(anonymous_8)"  hits="0"  signature="()V" >
				<lines><line number="62"  hits="0" /></lines>
			</method>
			<method name="(anonymous_9)"  hits="0"  signature="()V" >
				<lines><line number="71"  hits="0" /></lines>
			</method>
			<method name="(anonymous_10)"  hits="0"  signature="()V" >
				<lines><line number="104"  hits="0" /></lines>
			</method>
			<method name="(anonymous_11)"  hits="0"  signature="()V" >
				<lines><line number="125"  hits="0" /></lines>
			</method>
			<method name="printNewline"  hits="0"  signature="()V" >
				<lines><line number="134"  hits="0" /></lines>
			</method>
			<method name="colored"  hits="0"  signature="()V" >
				<lines><line number="138"  hits="0" /></lines>
			</method>
			<method name="plural"  hits="0"  signature="()V" >
				<lines><line number="142"  hits="0" /></lines>
			</method>
			<method name="repeat"  hits="0"  signature="()V" >
				<lines><line number="146"  hits="0" /></lines>
			</method>
			<method name="indent"  hits="0"  signature="()V" >
				<lines><line number="154"  hits="0" /></lines>
			</method>
			<method name="specFailureDetails"  hits="0"  signature="()V" >
				<lines><line number="163"  hits="0" /></lines>
			</method>
			<method name="suiteFailureDetails"  hits="0"  signature="()V" >
				<lines><line number="177"  hits="0" /></lines>
			</method>
		</methods>
		<lines>
			<line number="23"  hits="1"  branch="false" />
			<line number="24"  hits="2"  branch="true"  condition-coverage="50% (2/4)" />
			<line number="25"  hits="0"  branch="false" />
			<line number="27"  hits="2"  branch="true"  condition-coverage="50% (1/2)" />
			<line number="28"  hits="2"  branch="false" />
			<line number="32"  hits="1"  branch="false" />
			<line number="33"  hits="0"  branch="false" />
			<line number="36"  hits="1"  branch="false" />
			<line number="38"  hits="0"  branch="false" />
			<line number="40"  hits="0"  branch="false" />
			<line number="43"  hits="1"  branch="false" />
			<line number="44"  hits="0"  branch="false" />
			<line number="60"  hits="0"  branch="false" />
			<line number="62"  hits="0"  branch="false" />
			<line number="63"  hits="0"  branch="false" />
			<line number="64"  hits="0"  branch="false" />
			<line number="65"  hits="0"  branch="false" />
			<line number="66"  hits="0"  branch="false" />
			<line number="67"  hits="0"  branch="false" />
			<line number="68"  hits="0"  branch="false" />
			<line number="71"  hits="0"  branch="false" />
			<line number="72"  hits="0"  branch="false" />
			<line number="73"  hits="0"  branch="false" />
			<line number="74"  hits="0"  branch="false" />
			<line number="77"  hits="0"  branch="true"  condition-coverage="0% (0/2)" />
			<line number="78"  hits="0"  branch="false" />
			<line number="80"  hits="0"  branch="false" />
			<line number="83"  hits="0"  branch="true"  condition-coverage="0% (0/2)" />
			<line number="84"  hits="0"  branch="false" />
			<line number="87"  hits="0"  branch="false" />
			<line number="89"  hits="0"  branch="false" />
			<line number="92"  hits="0"  branch="false" />
			<line number="93"  hits="0"  branch="false" />
			<line number="94"  hits="0"  branch="false" />
			<line number="95"  hits="0"  branch="false" />
			<line number="97"  hits="0"  branch="false" />
			<line number="98"  hits="0"  branch="false" />
			<line number="101"  hits="0"  branch="false" />
			<line number="104"  hits="0"  branch="false" />
			<line number="105"  hits="0"  branch="false" />
			<line number="107"  hits="0"  branch="true"  condition-coverage="0% (0/2)" />
			<line number="108"  hits="0"  branch="false" />
			<line number="109"  hits="0"  branch="false" />
			<line number="110"  hits="0"  branch="false" />
			<line number="113"  hits="0"  branch="true"  condition-coverage="0% (0/2)" />
			<line number="114"  hits="0"  branch="false" />
			<line number="115"  hits="0"  branch="false" />
			<line number="118"  hits="0"  branch="true"  condition-coverage="0% (0/2)" />
			<line number="119"  hits="0"  branch="false" />
			<line number="120"  hits="0"  branch="false" />
			<line number="121"  hits="0"  branch="false" />
			<line number="125"  hits="0"  branch="false" />
			<line number="126"  hits="0"  branch="true"  condition-coverage="0% (0/4)" />
			<line number="127"  hits="0"  branch="false" />
			<line number="128"  hits="0"  branch="false" />
			<line number="132"  hits="0"  branch="false" />
			<line number="134"  hits="1"  branch="false" />
			<line number="135"  hits="0"  branch="false" />
			<line number="138"  hits="1"  branch="false" />
			<line number="139"  hits="0"  branch="true"  condition-coverage="0% (0/2)" />
			<line number="142"  hits="1"  branch="false" />
			<line number="143"  hits="0"  branch="true"  condition-coverage="0% (0/2)" />
			<line number="146"  hits="1"  branch="false" />
			<line number="147"  hits="0"  branch="false" />
			<line number="148"  hits="0"  branch="false" />
			<line number="149"  hits="0"  branch="false" />
			<line number="151"  hits="0"  branch="false" />
			<line number="154"  hits="1"  branch="false" />
			<line number="155"  hits="0"  branch="true"  condition-coverage="0% (0/2)" />
			<line number="156"  hits="0"  branch="false" />
			<line number="157"  hits="0"  branch="false" />
			<line number="158"  hits="0"  branch="false" />
			<line number="160"  hits="0"  branch="false" />
			<line number="163"  hits="1"  branch="false" />
			<line number="164"  hits="0"  branch="false" />
			<line number="165"  hits="0"  branch="false" />
			<line number="167"  hits="0"  branch="false" />
			<line number="168"  hits="0"  branch="false" />
			<line number="169"  hits="0"  branch="false" />
			<line number="170"  hits="0"  branch="false" />
			<line number="171"  hits="0"  branch="false" />
			<line number="174"  hits="0"  branch="false" />
			<line number="177"  hits="1"  branch="false" />
			<line number="178"  hits="0"  branch="false" />
			<line number="179"  hits="0"  branch="false" />
			<line number="180"  hits="0"  branch="false" />
			<line number="181"  hits="0"  branch="false" />
			<line number="182"  hits="0"  branch="false" />
			<line number="185"  hits="0"  branch="false" />
			<line number="189"  hits="0"  branch="false" />
		</lines>
		</class>
		<class name="jasmine-html.js"  filename="specs/jasmine/lib/jasmine-2.3.4/jasmine-html.js"  line-rate="0.10310000000000001"  branch-rate="0" >
		<methods>
			<method name="(anonymous_1)"  hits="0"  signature="()V" >
				<lines><line number="23"  hits="0" /></lines>
			</method>
			<method name="(anonymous_2)"  hits="0"  signature="()V" >
				<lines><line number="30"  hits="0" /></lines>
			</method>
			<method name="(anonymous_3)"  hits="0"  signature="()V" >
				<lines><line number="33"  hits="0" /></lines>
			</method>
			<method name="(anonymous_4)"  hits="0"  signature="()V" >
				<lines><line number="34"  hits="0" /></lines>
			</method>
			<method name="HtmlReporter"  hits="0"  signature="()V" >
				<lines><line number="37"  hits="0" /></lines>
			</method>
			<method name="(anonymous_6)"  hits="0"  signature="()V" >
				<lines><line number="42"  hits="0" /></lines>
			</method>
			<method name="(anonymous_7)"  hits="0"  signature="()V" >
				<lines><line number="43"  hits="0" /></lines>
			</method>
			<method name="(anonymous_8)"  hits="0"  signature="()V" >
				<lines><line number="54"  hits="0" /></lines>
			</method>
			<method name="(anonymous_9)"  hits="0"  signature="()V" >
				<lines><line number="73"  hits="0" /></lines>
			</method>
			<method name="(anonymous_10)"  hits="0"  signature="()V" >
				<lines><line number="83"  hits="0" /></lines>
			</method>
			<method name="(anonymous_11)"  hits="0"  signature="()V" >
				<lines><line number="88"  hits="0" /></lines>
			</method>
			<method name="(anonymous_12)"  hits="0"  signature="()V" >
				<lines><line number="100"  hits="0" /></lines>
			</method>
			<method name="(anonymous_13)"  hits="0"  signature="()V" >
				<lines><line number="105"  hits="0" /></lines>
			</method>
			<method name="(anonymous_14)"  hits="0"  signature="()V" >
				<lines><line number="147"  hits="0" /></lines>
			</method>
			<method name="(anonymous_15)"  hits="0"  signature="()V" >
				<lines><line number="187"  hits="0" /></lines>
			</method>
			<method name="summaryList"  hits="0"  signature="()V" >
				<lines><line number="231"  hits="0" /></lines>
			</method>
			<method name="(anonymous_17)"  hits="0"  signature="()V" >
				<lines><line number="279"  hits="0" /></lines>
			</method>
			<method name="(anonymous_18)"  hits="0"  signature="()V" >
				<lines><line number="282"  hits="0" /></lines>
			</method>
			<method name="find"  hits="0"  signature="()V" >
				<lines><line number="297"  hits="0" /></lines>
			</method>
			<method name="clearPrior"  hits="0"  signature="()V" >
				<lines><line number="301"  hits="0" /></lines>
			</method>
			<method name="createDom"  hits="0"  signature="()V" >
				<lines><line number="310"  hits="0" /></lines>
			</method>
			<method name="pluralize"  hits="0"  signature="()V" >
				<lines><line number="336"  hits="0" /></lines>
			</method>
			<method name="specHref"  hits="0"  signature="()V" >
				<lines><line number="342"  hits="0" /></lines>
			</method>
			<method name="defaultQueryString"  hits="0"  signature="()V" >
				<lines><line number="346"  hits="0" /></lines>
			</method>
			<method name="setMenuModeTo"  hits="0"  signature="()V" >
				<lines><line number="350"  hits="0" /></lines>
			</method>
			<method name="noExpectations"  hits="0"  signature="()V" >
				<lines><line number="354"  hits="0" /></lines>
			</method>
			<method name="(anonymous_27)"  hits="0"  signature="()V" >
				<lines><line number="363"  hits="0" /></lines>
			</method>
			<method name="HtmlSpecFilter"  hits="0"  signature="()V" >
				<lines><line number="364"  hits="0" /></lines>
			</method>
			<method name="(anonymous_29)"  hits="0"  signature="()V" >
				<lines><line number="368"  hits="0" /></lines>
			</method>
			<method name="(anonymous_30)"  hits="0"  signature="()V" >
				<lines><line number="376"  hits="0" /></lines>
			</method>
			<method name="ResultsNode"  hits="0"  signature="()V" >
				<lines><line number="377"  hits="0" /></lines>
			</method>
			<method name="(anonymous_32)"  hits="0"  signature="()V" >
				<lines><line number="384"  hits="0" /></lines>
			</method>
			<method name="(anonymous_33)"  hits="0"  signature="()V" >
				<lines><line number="388"  hits="0" /></lines>
			</method>
			<method name="(anonymous_34)"  hits="0"  signature="()V" >
				<lines><line number="396"  hits="0" /></lines>
			</method>
			<method name="QueryString"  hits="0"  signature="()V" >
				<lines><line number="397"  hits="0" /></lines>
			</method>
			<method name="(anonymous_36)"  hits="0"  signature="()V" >
				<lines><line number="399"  hits="0" /></lines>
			</method>
			<method name="(anonymous_37)"  hits="0"  signature="()V" >
				<lines><line number="403"  hits="0" /></lines>
			</method>
			<method name="(anonymous_38)"  hits="0"  signature="()V" >
				<lines><line number="409"  hits="0" /></lines>
			</method>
			<method name="toQueryString"  hits="0"  signature="()V" >
				<lines><line number="415"  hits="0" /></lines>
			</method>
			<method name="queryStringToParamMap"  hits="0"  signature="()V" >
				<lines><line number="423"  hits="0" /></lines>
			</method>
		</methods>
		<lines>
			<line number="23"  hits="1"  branch="false" />
			<line number="24"  hits="0"  branch="false" />
			<line number="25"  hits="0"  branch="false" />
			<line number="26"  hits="0"  branch="false" />
			<line number="27"  hits="0"  branch="false" />
			<line number="30"  hits="1"  branch="false" />
			<line number="32"  hits="0"  branch="false" />
			<line number="34"  hits="0"  branch="false" />
			<line number="37"  hits="1"  branch="false" />
			<line number="38"  hits="0"  branch="true"  condition-coverage="0% (0/2)" />
			<line number="54"  hits="0"  branch="false" />
			<line number="55"  hits="0"  branch="false" />
			<line number="56"  hits="0"  branch="false" />
			<line number="67"  hits="0"  branch="false" />
			<line number="69"  hits="0"  branch="false" />
			<line number="72"  hits="0"  branch="false" />
			<line number="73"  hits="0"  branch="false" />
			<line number="74"  hits="0"  branch="true"  condition-coverage="0% (0/2)" />
			<line number="75"  hits="0"  branch="false" />
			<line number="78"  hits="0"  branch="false" />
			<line number="80"  hits="0"  branch="false" />
			<line number="83"  hits="0"  branch="false" />
			<line number="84"  hits="0"  branch="false" />
			<line number="85"  hits="0"  branch="false" />
			<line number="88"  hits="0"  branch="false" />
			<line number="89"  hits="0"  branch="true"  condition-coverage="0% (0/2)" />
			<line number="90"  hits="0"  branch="false" />
			<line number="93"  hits="0"  branch="true"  condition-coverage="0% (0/2)" />
			<line number="94"  hits="0"  branch="false" />
			<line number="97"  hits="0"  branch="false" />
			<line number="100"  hits="0"  branch="false" />
			<line number="101"  hits="0"  branch="false" />
			<line number="104"  hits="0"  branch="false" />
			<line number="105"  hits="0"  branch="false" />
			<line number="106"  hits="0"  branch="true"  condition-coverage="0% (0/5)" />
			<line number="107"  hits="0"  branch="false" />
			<line number="110"  hits="0"  branch="true"  condition-coverage="0% (0/2)" />
			<line number="111"  hits="0"  branch="false" />
			<line number="114"  hits="0"  branch="false" />
			<line number="121"  hits="0"  branch="true"  condition-coverage="0% (0/2)" />
			<line number="122"  hits="0"  branch="false" />
			<line number="124"  hits="0"  branch="false" />
			<line number="131"  hits="0"  branch="false" />
			<line number="133"  hits="0"  branch="false" />
			<line number="134"  hits="0"  branch="false" />
			<line number="135"  hits="0"  branch="false" />
			<line number="136"  hits="0"  branch="false" />
			<line number="139"  hits="0"  branch="false" />
			<line number="142"  hits="0"  branch="true"  condition-coverage="0% (0/2)" />
			<line number="143"  hits="0"  branch="false" />
			<line number="147"  hits="0"  branch="false" />
			<line number="148"  hits="0"  branch="false" />
			<line number="149"  hits="0"  branch="false" />
			<line number="150"  hits="0"  branch="false" />
			<line number="152"  hits="0"  branch="false" />
			<line number="173"  hits="0"  branch="false" />
			<line number="175"  hits="0"  branch="false" />
			<line number="176"  hits="0"  branch="false" />
			<line number="178"  hits="0"  branch="false" />
			<line number="179"  hits="0"  branch="false" />
			<line number="180"  hits="0"  branch="false" />
			<line number="182"  hits="0"  branch="false" />
			<line number="187"  hits="0"  branch="false" />
			<line number="188"  hits="0"  branch="true"  condition-coverage="0% (0/2)" />
			<line number="189"  hits="0"  branch="false" />
			<line number="191"  hits="0"  branch="false" />
			<line number="195"  hits="0"  branch="true"  condition-coverage="0% (0/2)" />
			<line number="196"  hits="0"  branch="false" />
			<line number="197"  hits="0"  branch="false" />
			<line number="203"  hits="0"  branch="false" />
			<line number="204"  hits="0"  branch="false" />
			<line number="206"  hits="0"  branch="true"  condition-coverage="0% (0/2)" />
			<line number="207"  hits="0"  branch="false" />
			<line number="208"  hits="0"  branch="true"  condition-coverage="0% (0/2)" />
			<line number="209"  hits="0"  branch="true"  condition-coverage="0% (0/2)" />
			<line number="211"  hits="0"  branch="false" />
			<line number="212"  hits="0"  branch="false" />
			<line number="215"  hits="0"  branch="false" />
			<line number="217"  hits="0"  branch="false" />
			<line number="218"  hits="0"  branch="false" />
			<line number="219"  hits="0"  branch="false" />
			<line number="220"  hits="0"  branch="false" />
			<line number="221"  hits="0"  branch="false" />
			<line number="222"  hits="0"  branch="false" />
			<line number="226"  hits="0"  branch="false" />
			<line number="227"  hits="0"  branch="false" />
			<line number="229"  hits="0"  branch="false" />
			<line number="231"  hits="1"  branch="false" />
			<line number="232"  hits="0"  branch="false" />
			<line number="233"  hits="0"  branch="false" />
			<line number="234"  hits="0"  branch="false" />
			<line number="235"  hits="0"  branch="true"  condition-coverage="0% (0/2)" />
			<line number="236"  hits="0"  branch="false" />
			<line number="242"  hits="0"  branch="false" />
			<line number="243"  hits="0"  branch="false" />
			<line number="245"  hits="0"  branch="true"  condition-coverage="0% (0/2)" />
			<line number="246"  hits="0"  branch="true"  condition-coverage="0% (0/2)" />
			<line number="247"  hits="0"  branch="false" />
			<line number="248"  hits="0"  branch="false" />
			<line number="250"  hits="0"  branch="false" />
			<line number="251"  hits="0"  branch="true"  condition-coverage="0% (0/2)" />
			<line number="252"  hits="0"  branch="false" />
			<line number="254"  hits="0"  branch="true"  condition-coverage="0% (0/4)" />
			<line number="255"  hits="0"  branch="false" />
			<line number="257"  hits="0"  branch="false" />
			<line number="269"  hits="0"  branch="true"  condition-coverage="0% (0/2)" />
			<line number="270"  hits="0"  branch="false" />
			<line number="274"  hits="0"  branch="false" />
			<line number="279"  hits="0"  branch="false" />
			<line number="280"  hits="0"  branch="false" />
			<line number="282"  hits="0"  branch="false" />
			<line number="283"  hits="0"  branch="false" />
			<line number="286"  hits="0"  branch="false" />
			<line number="288"  hits="0"  branch="false" />
			<line number="289"  hits="0"  branch="false" />
			<line number="290"  hits="0"  branch="false" />
			<line number="295"  hits="0"  branch="false" />
			<line number="297"  hits="1"  branch="false" />
			<line number="298"  hits="0"  branch="false" />
			<line number="301"  hits="1"  branch="false" />
			<line number="303"  hits="0"  branch="false" />
			<line number="305"  hits="0"  branch="true"  condition-coverage="0% (0/2)" />
			<line number="306"  hits="0"  branch="false" />
			<line number="310"  hits="1"  branch="false" />
			<line number="311"  hits="0"  branch="false" />
			<line number="313"  hits="0"  branch="false" />
			<line number="314"  hits="0"  branch="false" />
			<line number="316"  hits="0"  branch="true"  condition-coverage="0% (0/2)" />
			<line number="317"  hits="0"  branch="false" />
			<line number="319"  hits="0"  branch="true"  condition-coverage="0% (0/2)" />
			<line number="320"  hits="0"  branch="false" />
			<line number="325"  hits="0"  branch="false" />
			<line number="326"  hits="0"  branch="true"  condition-coverage="0% (0/2)" />
			<line number="327"  hits="0"  branch="false" />
			<line number="329"  hits="0"  branch="false" />
			<line number="333"  hits="0"  branch="false" />
			<line number="336"  hits="1"  branch="false" />
			<line number="337"  hits="0"  branch="true"  condition-coverage="0% (0/2)" />
			<line number="339"  hits="0"  branch="false" />
			<line number="342"  hits="1"  branch="false" />
			<line number="343"  hits="0"  branch="false" />
			<line number="346"  hits="1"  branch="false" />
			<line number="347"  hits="0"  branch="false" />
			<line number="350"  hits="1"  branch="false" />
			<line number="351"  hits="0"  branch="false" />
			<line number="354"  hits="1"  branch="false" />
			<line number="355"  hits="0"  branch="true"  condition-coverage="0% (0/2)" />
			<line number="360"  hits="0"  branch="false" />
			<line number="363"  hits="1"  branch="false" />
			<line number="364"  hits="1"  branch="false" />
			<line number="365"  hits="0"  branch="true"  condition-coverage="0% (0/3)" />
			<line number="366"  hits="0"  branch="false" />
			<line number="368"  hits="0"  branch="false" />
			<line number="369"  hits="0"  branch="false" />
			<line number="373"  hits="0"  branch="false" />
			<line number="376"  hits="1"  branch="false" />
			<line number="377"  hits="1"  branch="false" />
			<line number="378"  hits="0"  branch="false" />
			<line number="379"  hits="0"  branch="false" />
			<line number="380"  hits="0"  branch="false" />
			<line number="382"  hits="0"  branch="false" />
			<line number="384"  hits="0"  branch="false" />
			<line number="385"  hits="0"  branch="false" />
			<line number="388"  hits="0"  branch="false" />
			<line number="389"  hits="0"  branch="false" />
			<line number="393"  hits="0"  branch="false" />
			<line number="396"  hits="1"  branch="false" />
			<line number="397"  hits="1"  branch="false" />
			<line number="399"  hits="0"  branch="false" />
			<line number="400"  hits="0"  branch="false" />
			<line number="403"  hits="0"  branch="false" />
			<line number="404"  hits="0"  branch="false" />
			<line number="405"  hits="0"  branch="false" />
			<line number="406"  hits="0"  branch="false" />
			<line number="409"  hits="0"  branch="false" />
			<line number="410"  hits="0"  branch="false" />
			<line number="413"  hits="0"  branch="false" />
			<line number="415"  hits="1"  branch="false" />
			<line number="416"  hits="0"  branch="false" />
			<line number="417"  hits="0"  branch="false" />
			<line number="418"  hits="0"  branch="false" />
			<line number="420"  hits="0"  branch="false" />
			<line number="423"  hits="1"  branch="false" />
			<line number="424"  hits="0"  branch="false" />
			<line number="428"  hits="0"  branch="true"  condition-coverage="0% (0/2)" />
			<line number="429"  hits="0"  branch="false" />
			<line number="430"  hits="0"  branch="false" />
			<line number="431"  hits="0"  branch="false" />
			<line number="432"  hits="0"  branch="false" />
			<line number="433"  hits="0"  branch="true"  condition-coverage="0% (0/4)" />
			<line number="434"  hits="0"  branch="false" />
			<line number="436"  hits="0"  branch="false" />
			<line number="440"  hits="0"  branch="false" />
			<line number="445"  hits="0"  branch="false" />
		</lines>
		</class>
		<class name="jasmine.js"  filename="specs/jasmine/lib/jasmine-2.3.4/jasmine.js"  line-rate="0.09820000000000001"  branch-rate="0.015700000000000002" >
		<methods>
			<method name="(anonymous_1)"  hits="1"  signature="()V" >
				<lines><line number="23"  hits="1" /></lines>
			</method>
			<method name="getJasmineRequire"  hits="48"  signature="()V" >
				<lines><line number="36"  hits="48" /></lines>
			</method>
			<method name="(anonymous_3)"  hits="0"  signature="()V" >
				<lines><line number="40"  hits="0" /></lines>
			</method>
			<method name="(anonymous_4)"  hits="0"  signature="()V" >
				<lines><line number="80"  hits="0" /></lines>
			</method>
			<method name="(anonymous_5)"  hits="0"  signature="()V" >
				<lines><line number="110"  hits="0" /></lines>
			</method>
			<method name="(anonymous_6)"  hits="0"  signature="()V" >
				<lines><line number="111"  hits="0" /></lines>
			</method>
			<method name="(anonymous_7)"  hits="0"  signature="()V" >
				<lines><line number="119"  hits="0" /></lines>
			</method>
			<method name="(anonymous_8)"  hits="0"  signature="()V" >
				<lines><line number="123"  hits="0" /></lines>
			</method>
			<method name="(anonymous_9)"  hits="0"  signature="()V" >
				<lines><line number="129"  hits="0" /></lines>
			</method>
			<method name="(anonymous_10)"  hits="0"  signature="()V" >
				<lines><line number="133"  hits="0" /></lines>
			</method>
			<method name="(anonymous_11)"  hits="0"  signature="()V" >
				<lines><line number="137"  hits="0" /></lines>
			</method>
			<method name="(anonymous_12)"  hits="0"  signature="()V" >
				<lines><line number="141"  hits="0" /></lines>
			</method>
			<method name="(anonymous_13)"  hits="0"  signature="()V" >
				<lines><line number="145"  hits="0" /></lines>
			</method>
			<method name="(anonymous_14)"  hits="0"  signature="()V" >
				<lines><line number="149"  hits="0" /></lines>
			</method>
			<method name="(anonymous_15)"  hits="0"  signature="()V" >
				<lines><line number="153"  hits="0" /></lines>
			</method>
			<method name="(anonymous_16)"  hits="0"  signature="()V" >
				<lines><line number="157"  hits="0" /></lines>
			</method>
			<method name="(anonymous_17)"  hits="0"  signature="()V" >
				<lines><line number="161"  hits="0" /></lines>
			</method>
			<method name="(anonymous_18)"  hits="0"  signature="()V" >
				<lines><line number="165"  hits="0" /></lines>
			</method>
			<method name="(anonymous_19)"  hits="0"  signature="()V" >
				<lines><line number="169"  hits="0" /></lines>
			</method>
			<method name="(anonymous_20)"  hits="0"  signature="()V" >
				<lines><line number="173"  hits="0" /></lines>
			</method>
			<method name="(anonymous_21)"  hits="0"  signature="()V" >
				<lines><line number="178"  hits="0" /></lines>
			</method>
			<method name="(anonymous_22)"  hits="0"  signature="()V" >
				<lines><line number="181"  hits="0" /></lines>
			</method>
			<method name="(anonymous_23)"  hits="0"  signature="()V" >
				<lines><line number="208"  hits="0" /></lines>
			</method>
			<method name="(anonymous_24)"  hits="0"  signature="()V" >
				<lines><line number="216"  hits="0" /></lines>
			</method>
			<method name="(anonymous_25)"  hits="0"  signature="()V" >
				<lines><line number="233"  hits="0" /></lines>
			</method>
			<method name="(anonymous_26)"  hits="0"  signature="()V" >
				<lines><line number="237"  hits="0" /></lines>
			</method>
			<method name="(anonymous_27)"  hits="0"  signature="()V" >
				<lines><line number="238"  hits="0" /></lines>
			</method>
			<method name="(anonymous_28)"  hits="0"  signature="()V" >
				<lines><line number="244"  hits="0" /></lines>
			</method>
			<method name="(anonymous_29)"  hits="0"  signature="()V" >
				<lines><line number="253"  hits="0" /></lines>
			</method>
			<method name="(anonymous_30)"  hits="0"  signature="()V" >
				<lines><line number="261"  hits="0" /></lines>
			</method>
			<method name="(anonymous_31)"  hits="0"  signature="()V" >
				<lines><line number="265"  hits="0" /></lines>
			</method>
			<method name="(anonymous_32)"  hits="0"  signature="()V" >
				<lines><line number="275"  hits="0" /></lines>
			</method>
			<method name="(anonymous_33)"  hits="0"  signature="()V" >
				<lines><line number="293"  hits="0" /></lines>
			</method>
			<method name="Spec"  hits="0"  signature="()V" >
				<lines><line number="294"  hits="0" /></lines>
			</method>
			<method name="(anonymous_35)"  hits="0"  signature="()V" >
				<lines><line number="296"  hits="0" /></lines>
			</method>
			<method name="(anonymous_36)"  hits="0"  signature="()V" >
				<lines><line number="300"  hits="0" /></lines>
			</method>
			<method name="(anonymous_37)"  hits="0"  signature="()V" >
				<lines><line number="301"  hits="0" /></lines>
			</method>
			<method name="(anonymous_38)"  hits="0"  signature="()V" >
				<lines><line number="302"  hits="0" /></lines>
			</method>
			<method name="(anonymous_39)"  hits="0"  signature="()V" >
				<lines><line number="303"  hits="0" /></lines>
			</method>
			<method name="(anonymous_40)"  hits="0"  signature="()V" >
				<lines><line number="304"  hits="0" /></lines>
			</method>
			<method name="(anonymous_41)"  hits="0"  signature="()V" >
				<lines><line number="305"  hits="0" /></lines>
			</method>
			<method name="(anonymous_42)"  hits="0"  signature="()V" >
				<lines><line number="306"  hits="0" /></lines>
			</method>
			<method name="(anonymous_43)"  hits="0"  signature="()V" >
				<lines><line number="323"  hits="0" /></lines>
			</method>
			<method name="(anonymous_44)"  hits="0"  signature="()V" >
				<lines><line number="336"  hits="0" /></lines>
			</method>
			<method name="(anonymous_45)"  hits="0"  signature="()V" >
				<lines><line number="340"  hits="0" /></lines>
			</method>
			<method name="(anonymous_46)"  hits="0"  signature="()V" >
				<lines><line number="355"  hits="0" /></lines>
			</method>
			<method name="complete"  hits="0"  signature="()V" >
				<lines><line number="360"  hits="0" /></lines>
			</method>
			<method name="onException"  hits="0"  signature="()V" >
				<lines><line number="370"  hits="0" /></lines>
			</method>
			<method name="(anonymous_49)"  hits="0"  signature="()V" >
				<lines><line number="389"  hits="0" /></lines>
			</method>
			<method name="(anonymous_50)"  hits="0"  signature="()V" >
				<lines><line number="393"  hits="0" /></lines>
			</method>
			<method name="(anonymous_51)"  hits="0"  signature="()V" >
				<lines><line number="400"  hits="0" /></lines>
			</method>
			<method name="(anonymous_52)"  hits="0"  signature="()V" >
				<lines><line number="405"  hits="0" /></lines>
			</method>
			<method name="(anonymous_53)"  hits="0"  signature="()V" >
				<lines><line number="421"  hits="0" /></lines>
			</method>
			<method name="(anonymous_54)"  hits="0"  signature="()V" >
				<lines><line number="425"  hits="0" /></lines>
			</method>
			<method name="(anonymous_55)"  hits="0"  signature="()V" >
				<lines><line number="429"  hits="0" /></lines>
			</method>
			<method name="(anonymous_56)"  hits="0"  signature="()V" >
				<lines><line number="439"  hits="0" /></lines>
			</method>
			<method name="(anonymous_57)"  hits="0"  signature="()V" >
				<lines><line number="450"  hits="0" /></lines>
			</method>
			<method name="Env"  hits="0"  signature="()V" >
				<lines><line number="451"  hits="0" /></lines>
			</method>
			<method name="(anonymous_59)"  hits="0"  signature="()V" >
				<lines><line number="463"  hits="0" /></lines>
			</method>
			<method name="(anonymous_60)"  hits="0"  signature="()V" >
				<lines><line number="473"  hits="0" /></lines>
			</method>
			<method name="(anonymous_61)"  hits="0"  signature="()V" >
				<lines><line number="477"  hits="0" /></lines>
			</method>
			<method name="(anonymous_62)"  hits="0"  signature="()V" >
				<lines><line number="490"  hits="0" /></lines>
			</method>
			<method name="(anonymous_63)"  hits="0"  signature="()V" >
				<lines><line number="494"  hits="0" /></lines>
			</method>
			<method name="(anonymous_64)"  hits="0"  signature="()V" >
				<lines><line number="501"  hits="0" /></lines>
			</method>
			<method name="(anonymous_65)"  hits="0"  signature="()V" >
				<lines><line number="514"  hits="0" /></lines>
			</method>
			<method name="(anonymous_66)"  hits="0"  signature="()V" >
				<lines><line number="519"  hits="0" /></lines>
			</method>
			<method name="(anonymous_67)"  hits="0"  signature="()V" >
				<lines><line number="523"  hits="0" /></lines>
			</method>
			<method name="addExpectationResult"  hits="0"  signature="()V" >
				<lines><line number="532"  hits="0" /></lines>
			</method>
			<method name="(anonymous_69)"  hits="0"  signature="()V" >
				<lines><line number="537"  hits="0" /></lines>
			</method>
			<method name="(anonymous_70)"  hits="0"  signature="()V" >
				<lines><line number="548"  hits="0" /></lines>
			</method>
			<method name="(anonymous_71)"  hits="0"  signature="()V" >
				<lines><line number="553"  hits="0" /></lines>
			</method>
			<method name="(anonymous_72)"  hits="0"  signature="()V" >
				<lines><line number="554"  hits="0" /></lines>
			</method>
			<method name="(anonymous_73)"  hits="0"  signature="()V" >
				<lines><line number="572"  hits="0" /></lines>
			</method>
			<method name="(anonymous_74)"  hits="0"  signature="()V" >
				<lines><line number="579"  hits="0" /></lines>
			</method>
			<method name="(anonymous_75)"  hits="0"  signature="()V" >
				<lines><line number="587"  hits="0" /></lines>
			</method>
			<method name="(anonymous_76)"  hits="0"  signature="()V" >
				<lines><line number="592"  hits="0" /></lines>
			</method>
			<method name="clearStack"  hits="0"  signature="()V" >
				<lines><line number="599"  hits="0" /></lines>
			</method>
			<method name="(anonymous_78)"  hits="0"  signature="()V" >
				<lines><line number="609"  hits="0" /></lines>
			</method>
			<method name="(anonymous_79)"  hits="0"  signature="()V" >
				<lines><line number="613"  hits="0" /></lines>
			</method>
			<method name="(anonymous_80)"  hits="0"  signature="()V" >
				<lines><line number="617"  hits="0" /></lines>
			</method>
			<method name="(anonymous_81)"  hits="0"  signature="()V" >
				<lines><line number="621"  hits="0" /></lines>
			</method>
			<method name="(anonymous_82)"  hits="0"  signature="()V" >
				<lines><line number="640"  hits="0" /></lines>
			</method>
			<method name="(anonymous_83)"  hits="0"  signature="()V" >
				<lines><line number="644"  hits="0" /></lines>
			</method>
			<method name="(anonymous_84)"  hits="0"  signature="()V" >
				<lines><line number="656"  hits="0" /></lines>
			</method>
			<method name="(anonymous_85)"  hits="0"  signature="()V" >
				<lines><line number="661"  hits="0" /></lines>
			</method>
			<method name="(anonymous_86)"  hits="0"  signature="()V" >
				<lines><line number="681"  hits="0" /></lines>
			</method>
			<method name="(anonymous_87)"  hits="0"  signature="()V" >
				<lines><line number="685"  hits="0" /></lines>
			</method>
			<method name="(anonymous_88)"  hits="0"  signature="()V" >
				<lines><line number="692"  hits="0" /></lines>
			</method>
			<method name="(anonymous_89)"  hits="0"  signature="()V" >
				<lines><line number="696"  hits="0" /></lines>
			</method>
			<method name="(anonymous_90)"  hits="0"  signature="()V" >
				<lines><line number="711"  hits="0" /></lines>
			</method>
			<method name="(anonymous_91)"  hits="0"  signature="()V" >
				<lines><line number="717"  hits="0" /></lines>
			</method>
			<method name="(anonymous_92)"  hits="0"  signature="()V" >
				<lines><line number="725"  hits="0" /></lines>
			</method>
			<method name="addSpecsToSuite"  hits="0"  signature="()V" >
				<lines><line number="736"  hits="0" /></lines>
			</method>
			<method name="(anonymous_94)"  hits="0"  signature="()V" >
				<lines><line number="749"  hits="0" /></lines>
			</method>
			<method name="findFocusedAncestor"  hits="0"  signature="()V" >
				<lines><line number="757"  hits="0" /></lines>
			</method>
			<method name="unfocusAncestor"  hits="0"  signature="()V" >
				<lines><line number="768"  hits="0" /></lines>
			</method>
			<method name="(anonymous_97)"  hits="0"  signature="()V" >
				<lines><line number="780"  hits="0" /></lines>
			</method>
			<method name="(anonymous_98)"  hits="0"  signature="()V" >
				<lines><line number="787"  hits="0" /></lines>
			</method>
			<method name="(anonymous_99)"  hits="0"  signature="()V" >
				<lines><line number="794"  hits="0" /></lines>
			</method>
			<method name="(anonymous_100)"  hits="0"  signature="()V" >
				<lines><line number="797"  hits="0" /></lines>
			</method>
			<method name="specResultCallback"  hits="0"  signature="()V" >
				<lines><line number="810"  hits="0" /></lines>
			</method>
			<method name="specStarted"  hits="0"  signature="()V" >
				<lines><line number="816"  hits="0" /></lines>
			</method>
			<method name="(anonymous_103)"  hits="0"  signature="()V" >
				<lines><line number="823"  hits="0" /></lines>
			</method>
			<method name="(anonymous_104)"  hits="0"  signature="()V" >
				<lines><line number="829"  hits="0" /></lines>
			</method>
			<method name="(anonymous_105)"  hits="0"  signature="()V" >
				<lines><line number="835"  hits="0" /></lines>
			</method>
			<method name="(anonymous_106)"  hits="0"  signature="()V" >
				<lines><line number="843"  hits="0" /></lines>
			</method>
			<method name="(anonymous_107)"  hits="0"  signature="()V" >
				<lines><line number="851"  hits="0" /></lines>
			</method>
			<method name="(anonymous_108)"  hits="0"  signature="()V" >
				<lines><line number="854"  hits="0" /></lines>
			</method>
			<method name="(anonymous_109)"  hits="0"  signature="()V" >
				<lines><line number="858"  hits="0" /></lines>
			</method>
			<method name="(anonymous_110)"  hits="0"  signature="()V" >
				<lines><line number="861"  hits="0" /></lines>
			</method>
			<method name="(anonymous_111)"  hits="0"  signature="()V" >
				<lines><line number="865"  hits="0" /></lines>
			</method>
			<method name="(anonymous_112)"  hits="0"  signature="()V" >
				<lines><line number="868"  hits="0" /></lines>
			</method>
			<method name="(anonymous_113)"  hits="0"  signature="()V" >
				<lines><line number="872"  hits="0" /></lines>
			</method>
			<method name="(anonymous_114)"  hits="0"  signature="()V" >
				<lines><line number="875"  hits="0" /></lines>
			</method>
			<method name="(anonymous_115)"  hits="0"  signature="()V" >
				<lines><line number="879"  hits="0" /></lines>
			</method>
			<method name="(anonymous_116)"  hits="0"  signature="()V" >
				<lines><line number="887"  hits="0" /></lines>
			</method>
			<method name="(anonymous_117)"  hits="0"  signature="()V" >
				<lines><line number="908"  hits="0" /></lines>
			</method>
			<method name="(anonymous_118)"  hits="0"  signature="()V" >
				<lines><line number="911"  hits="0" /></lines>
			</method>
			<method name="(anonymous_119)"  hits="0"  signature="()V" >
				<lines><line number="912"  hits="0" /></lines>
			</method>
			<method name="JsApiReporter"  hits="0"  signature="()V" >
				<lines><line number="915"  hits="0" /></lines>
			</method>
			<method name="(anonymous_121)"  hits="0"  signature="()V" >
				<lines><line number="922"  hits="0" /></lines>
			</method>
			<method name="(anonymous_122)"  hits="0"  signature="()V" >
				<lines><line number="930"  hits="0" /></lines>
			</method>
			<method name="(anonymous_123)"  hits="0"  signature="()V" >
				<lines><line number="936"  hits="0" /></lines>
			</method>
			<method name="(anonymous_124)"  hits="0"  signature="()V" >
				<lines><line number="943"  hits="0" /></lines>
			</method>
			<method name="(anonymous_125)"  hits="0"  signature="()V" >
				<lines><line number="947"  hits="0" /></lines>
			</method>
			<method name="(anonymous_126)"  hits="0"  signature="()V" >
				<lines><line number="951"  hits="0" /></lines>
			</method>
			<method name="storeSuite"  hits="0"  signature="()V" >
				<lines><line number="955"  hits="0" /></lines>
			</method>
			<method name="(anonymous_128)"  hits="0"  signature="()V" >
				<lines><line number="960"  hits="0" /></lines>
			</method>
			<method name="(anonymous_129)"  hits="0"  signature="()V" >
				<lines><line number="966"  hits="0" /></lines>
			</method>
			<method name="(anonymous_130)"  hits="0"  signature="()V" >
				<lines><line number="970"  hits="0" /></lines>
			</method>
			<method name="(anonymous_131)"  hits="0"  signature="()V" >
				<lines><line number="974"  hits="0" /></lines>
			</method>
			<method name="(anonymous_132)"  hits="0"  signature="()V" >
				<lines><line number="978"  hits="0" /></lines>
			</method>
			<method name="(anonymous_133)"  hits="0"  signature="()V" >
				<lines><line number="987"  hits="0" /></lines>
			</method>
			<method name="CallTracker"  hits="0"  signature="()V" >
				<lines><line number="989"  hits="0" /></lines>
			</method>
			<method name="(anonymous_135)"  hits="0"  signature="()V" >
				<lines><line number="992"  hits="0" /></lines>
			</method>
			<method name="(anonymous_136)"  hits="0"  signature="()V" >
				<lines><line number="996"  hits="0" /></lines>
			</method>
			<method name="(anonymous_137)"  hits="0"  signature="()V" >
				<lines><line number="1000"  hits="0" /></lines>
			</method>
			<method name="(anonymous_138)"  hits="0"  signature="()V" >
				<lines><line number="1004"  hits="0" /></lines>
			</method>
			<method name="(anonymous_139)"  hits="0"  signature="()V" >
				<lines><line number="1009"  hits="0" /></lines>
			</method>
			<method name="(anonymous_140)"  hits="0"  signature="()V" >
				<lines><line number="1013"  hits="0" /></lines>
			</method>
			<method name="(anonymous_141)"  hits="0"  signature="()V" >
				<lines><line number="1022"  hits="0" /></lines>
			</method>
			<method name="(anonymous_142)"  hits="0"  signature="()V" >
				<lines><line number="1026"  hits="0" /></lines>
			</method>
			<method name="(anonymous_143)"  hits="0"  signature="()V" >
				<lines><line number="1030"  hits="0" /></lines>
			</method>
			<method name="(anonymous_144)"  hits="0"  signature="()V" >
				<lines><line number="1038"  hits="0" /></lines>
			</method>
			<method name="Clock"  hits="0"  signature="()V" >
				<lines><line number="1039"  hits="0" /></lines>
			</method>
			<method name="(anonymous_146)"  hits="0"  signature="()V" >
				<lines><line number="1058"  hits="0" /></lines>
			</method>
			<method name="(anonymous_147)"  hits="0"  signature="()V" >
				<lines><line number="1070"  hits="0" /></lines>
			</method>
			<method name="(anonymous_148)"  hits="0"  signature="()V" >
				<lines><line number="1079"  hits="0" /></lines>
			</method>
			<method name="(anonymous_149)"  hits="0"  signature="()V" >
				<lines><line number="1088"  hits="0" /></lines>
			</method>
			<method name="(anonymous_150)"  hits="0"  signature="()V" >
				<lines><line number="1092"  hits="0" /></lines>
			</method>
			<method name="(anonymous_151)"  hits="0"  signature="()V" >
				<lines><line number="1102"  hits="0" /></lines>
			</method>
			<method name="(anonymous_152)"  hits="0"  signature="()V" >
				<lines><line number="1112"  hits="0" /></lines>
			</method>
			<method name="(anonymous_153)"  hits="0"  signature="()V" >
				<lines><line number="1116"  hits="0" /></lines>
			</method>
			<method name="(anonymous_154)"  hits="0"  signature="()V" >
				<lines><line number="1120"  hits="0" /></lines>
			</method>
			<method name="originalTimingFunctionsIntact"  hits="0"  signature="()V" >
				<lines><line number="1131"  hits="0" /></lines>
			</method>
			<method name="legacyIE"  hits="0"  signature="()V" >
				<lines><line number="1138"  hits="0" /></lines>
			</method>
			<method name="replace"  hits="0"  signature="()V" >
				<lines><line number="1143"  hits="0" /></lines>
			</method>
			<method name="setTimeout"  hits="0"  signature="()V" >
				<lines><line number="1149"  hits="0" /></lines>
			</method>
			<method name="clearTimeout"  hits="0"  signature="()V" >
				<lines><line number="1153"  hits="0" /></lines>
			</method>
			<method name="setInterval"  hits="0"  signature="()V" >
				<lines><line number="1157"  hits="0" /></lines>
			</method>
			<method name="clearInterval"  hits="0"  signature="()V" >
				<lines><line number="1161"  hits="0" /></lines>
			</method>
			<method name="argSlice"  hits="0"  signature="()V" >
				<lines><line number="1165"  hits="0" /></lines>
			</method>
			<method name="(anonymous_163)"  hits="0"  signature="()V" >
				<lines><line number="1173"  hits="0" /></lines>
			</method>
			<method name="DelayedFunctionScheduler"  hits="0"  signature="()V" >
				<lines><line number="1174"  hits="0" /></lines>
			</method>
			<method name="(anonymous_165)"  hits="0"  signature="()V" >
				<lines><line number="1181"  hits="0" /></lines>
			</method>
			<method name="(anonymous_166)"  hits="0"  signature="()V" >
				<lines><line number="1189"  hits="0" /></lines>
			</method>
			<method name="(anonymous_167)"  hits="0"  signature="()V" >
				<lines><line number="1193"  hits="0" /></lines>
			</method>
			<method name="(anonymous_168)"  hits="0"  signature="()V" >
				<lines><line number="1217"  hits="0" /></lines>
			</method>
			<method name="(anonymous_169)"  hits="0"  signature="()V" >
				<lines><line number="1225"  hits="0" /></lines>
			</method>
			<method name="(anonymous_170)"  hits="0"  signature="()V" >
				<lines><line number="1228"  hits="0" /></lines>
			</method>
			<method name="indexOfFirstToPass"  hits="0"  signature="()V" >
				<lines><line number="1249"  hits="0" /></lines>
			</method>
			<method name="deleteFromLookup"  hits="0"  signature="()V" >
				<lines><line number="1262"  hits="0" /></lines>
			</method>
			<method name="(anonymous_173)"  hits="0"  signature="()V" >
				<lines><line number="1264"  hits="0" /></lines>
			</method>
			<method name="reschedule"  hits="0"  signature="()V" >
				<lines><line number="1273"  hits="0" /></lines>
			</method>
			<method name="forEachFunction"  hits="0"  signature="()V" >
				<lines><line number="1282"  hits="0" /></lines>
			</method>
			<method name="runScheduledFunctions"  hits="0"  signature="()V" >
				<lines><line number="1288"  hits="0" /></lines>
			</method>
			<method name="(anonymous_177)"  hits="0"  signature="()V" >
				<lines><line number="1299"  hits="0" /></lines>
			</method>
			<method name="(anonymous_178)"  hits="0"  signature="()V" >
				<lines><line number="1305"  hits="0" /></lines>
			</method>
			<method name="(anonymous_179)"  hits="0"  signature="()V" >
				<lines><line number="1319"  hits="0" /></lines>
			</method>
			<method name="ExceptionFormatter"  hits="0"  signature="()V" >
				<lines><line number="1320"  hits="0" /></lines>
			</method>
			<method name="(anonymous_181)"  hits="0"  signature="()V" >
				<lines><line number="1321"  hits="0" /></lines>
			</method>
			<method name="(anonymous_182)"  hits="0"  signature="()V" >
				<lines><line number="1341"  hits="0" /></lines>
			</method>
			<method name="(anonymous_183)"  hits="0"  signature="()V" >
				<lines><line number="1349"  hits="0" /></lines>
			</method>
			<method name="Expectation"  hits="0"  signature="()V" >
				<lines><line number="1351"  hits="0" /></lines>
			</method>
			<method name="(anonymous_185)"  hits="0"  signature="()V" >
				<lines><line number="1352"  hits="0" /></lines>
			</method>
			<method name="(anonymous_186)"  hits="0"  signature="()V" >
				<lines><line number="1355"  hits="0" /></lines>
			</method>
			<method name="(anonymous_187)"  hits="0"  signature="()V" >
				<lines><line number="1364"  hits="0" /></lines>
			</method>
			<method name="(anonymous_188)"  hits="0"  signature="()V" >
				<lines><line number="1365"  hits="0" /></lines>
			</method>
			<method name="defaultNegativeCompare"  hits="0"  signature="()V" >
				<lines><line number="1375"  hits="0" /></lines>
			</method>
			<method name="(anonymous_190)"  hits="0"  signature="()V" >
				<lines><line number="1419"  hits="0" /></lines>
			</method>
			<method name="(anonymous_191)"  hits="0"  signature="()V" >
				<lines><line number="1427"  hits="0" /></lines>
			</method>
			<method name="(anonymous_192)"  hits="0"  signature="()V" >
				<lines><line number="1444"  hits="0" /></lines>
			</method>
			<method name="buildExpectationResult"  hits="0"  signature="()V" >
				<lines><line number="1445"  hits="0" /></lines>
			</method>
			<method name="(anonymous_194)"  hits="0"  signature="()V" >
				<lines><line number="1446"  hits="0" /></lines>
			</method>
			<method name="(anonymous_195)"  hits="0"  signature="()V" >
				<lines><line number="1447"  hits="0" /></lines>
			</method>
			<method name="message"  hits="0"  signature="()V" >
				<lines><line number="1463"  hits="0" /></lines>
			</method>
			<method name="stack"  hits="0"  signature="()V" >
				<lines><line number="1474"  hits="0" /></lines>
			</method>
			<method name="(anonymous_198)"  hits="0"  signature="()V" >
				<lines><line number="1494"  hits="0" /></lines>
			</method>
			<method name="MockDate"  hits="0"  signature="()V" >
				<lines><line number="1495"  hits="0" /></lines>
			</method>
			<method name="(anonymous_200)"  hits="0"  signature="()V" >
				<lines><line number="1500"  hits="0" /></lines>
			</method>
			<method name="(anonymous_201)"  hits="0"  signature="()V" >
				<lines><line number="1501"  hits="0" /></lines>
			</method>
			<method name="(anonymous_202)"  hits="0"  signature="()V" >
				<lines><line number="1502"  hits="0" /></lines>
			</method>
			<method name="(anonymous_203)"  hits="0"  signature="()V" >
				<lines><line number="1508"  hits="0" /></lines>
			</method>
			<method name="(anonymous_204)"  hits="0"  signature="()V" >
				<lines><line number="1518"  hits="0" /></lines>
			</method>
			<method name="(anonymous_205)"  hits="0"  signature="()V" >
				<lines><line number="1523"  hits="0" /></lines>
			</method>
			<method name="FakeDate"  hits="0"  signature="()V" >
				<lines><line number="1532"  hits="0" /></lines>
			</method>
			<method name="createDateProperties"  hits="0"  signature="()V" >
				<lines><line number="1556"  hits="0" /></lines>
			</method>
			<method name="(anonymous_208)"  hits="0"  signature="()V" >
				<lines><line number="1559"  hits="0" /></lines>
			</method>
			<method name="(anonymous_209)"  hits="0"  signature="()V" >
				<lines><line number="1577"  hits="0" /></lines>
			</method>
			<method name="PrettyPrinter"  hits="0"  signature="()V" >
				<lines><line number="1579"  hits="0" /></lines>
			</method>
			<method name="(anonymous_211)"  hits="0"  signature="()V" >
				<lines><line number="1584"  hits="0" /></lines>
			</method>
			<method name="(anonymous_212)"  hits="0"  signature="()V" >
				<lines><line number="1627"  hits="0" /></lines>
			</method>
			<method name="StringPrettyPrinter"  hits="0"  signature="()V" >
				<lines><line number="1640"  hits="0" /></lines>
			</method>
			<method name="(anonymous_214)"  hits="0"  signature="()V" >
				<lines><line number="1648"  hits="0" /></lines>
			</method>
			<method name="(anonymous_215)"  hits="0"  signature="()V" >
				<lines><line number="1652"  hits="0" /></lines>
			</method>
			<method name="(anonymous_216)"  hits="0"  signature="()V" >
				<lines><line number="1656"  hits="0" /></lines>
			</method>
			<method name="(anonymous_217)"  hits="0"  signature="()V" >
				<lines><line number="1675"  hits="0" /></lines>
			</method>
			<method name="(anonymous_218)"  hits="0"  signature="()V" >
				<lines><line number="1692"  hits="0" /></lines>
			</method>
			<method name="(anonymous_219)"  hits="0"  signature="()V" >
				<lines><line number="1704"  hits="0" /></lines>
			</method>
			<method name="(anonymous_220)"  hits="0"  signature="()V" >
				<lines><line number="1717"  hits="0" /></lines>
			</method>
			<method name="(anonymous_221)"  hits="0"  signature="()V" >
				<lines><line number="1727"  hits="0" /></lines>
			</method>
			<method name="(anonymous_222)"  hits="0"  signature="()V" >
				<lines><line number="1731"  hits="0" /></lines>
			</method>
			<method name="(anonymous_223)"  hits="0"  signature="()V" >
				<lines><line number="1738"  hits="0" /></lines>
			</method>
			<method name="once"  hits="0"  signature="()V" >
				<lines><line number="1740"  hits="0" /></lines>
			</method>
			<method name="(anonymous_225)"  hits="0"  signature="()V" >
				<lines><line number="1742"  hits="0" /></lines>
			</method>
			<method name="QueueRunner"  hits="0"  signature="()V" >
				<lines><line number="1750"  hits="0" /></lines>
			</method>
			<method name="(anonymous_227)"  hits="0"  signature="()V" >
				<lines><line number="1752"  hits="0" /></lines>
			</method>
			<method name="(anonymous_228)"  hits="0"  signature="()V" >
				<lines><line number="1753"  hits="0" /></lines>
			</method>
			<method name="(anonymous_229)"  hits="0"  signature="()V" >
				<lines><line number="1754"  hits="0" /></lines>
			</method>
			<method name="(anonymous_230)"  hits="0"  signature="()V" >
				<lines><line number="1755"  hits="0" /></lines>
			</method>
			<method name="(anonymous_231)"  hits="0"  signature="()V" >
				<lines><line number="1758"  hits="0" /></lines>
			</method>
			<method name="(anonymous_232)"  hits="0"  signature="()V" >
				<lines><line number="1761"  hits="0" /></lines>
			</method>
			<method name="(anonymous_233)"  hits="0"  signature="()V" >
				<lines><line number="1765"  hits="0" /></lines>
			</method>
			<method name="attemptSync"  hits="0"  signature="()V" >
				<lines><line number="1787"  hits="0" /></lines>
			</method>
			<method name="attemptAsync"  hits="0"  signature="()V" >
				<lines><line number="1795"  hits="0" /></lines>
			</method>
			<method name="(anonymous_236)"  hits="0"  signature="()V" >
				<lines><line number="1796"  hits="0" /></lines>
			</method>
			<method name="(anonymous_237)"  hits="0"  signature="()V" >
				<lines><line number="1799"  hits="0" /></lines>
			</method>
			<method name="(anonymous_238)"  hits="0"  signature="()V" >
				<lines><line number="1805"  hits="0" /></lines>
			</method>
			<method name="(anonymous_239)"  hits="0"  signature="()V" >
				<lines><line number="1811"  hits="0" /></lines>
			</method>
			<method name="onException"  hits="0"  signature="()V" >
				<lines><line number="1826"  hits="0" /></lines>
			</method>
			<method name="handleException"  hits="0"  signature="()V" >
				<lines><line number="1830"  hits="0" /></lines>
			</method>
			<method name="(anonymous_242)"  hits="0"  signature="()V" >
				<lines><line number="1843"  hits="0" /></lines>
			</method>
			<method name="ReportDispatcher"  hits="0"  signature="()V" >
				<lines><line number="1844"  hits="0" /></lines>
			</method>
			<method name="(anonymous_244)"  hits="0"  signature="()V" >
				<lines><line number="1850"  hits="0" /></lines>
			</method>
			<method name="(anonymous_245)"  hits="0"  signature="()V" >
				<lines><line number="1851"  hits="0" /></lines>
			</method>
			<method name="(anonymous_246)"  hits="0"  signature="()V" >
				<lines><line number="1859"  hits="0" /></lines>
			</method>
			<method name="dispatch"  hits="0"  signature="()V" >
				<lines><line number="1865"  hits="0" /></lines>
			</method>
			<method name="(anonymous_248)"  hits="0"  signature="()V" >
				<lines><line number="1879"  hits="0" /></lines>
			</method>
			<method name="SpyRegistry"  hits="0"  signature="()V" >
				<lines><line number="1881"  hits="0" /></lines>
			</method>
			<method name="(anonymous_250)"  hits="0"  signature="()V" >
				<lines><line number="1883"  hits="0" /></lines>
			</method>
			<method name="(anonymous_251)"  hits="0"  signature="()V" >
				<lines><line number="1885"  hits="0" /></lines>
			</method>
			<method name="(anonymous_252)"  hits="0"  signature="()V" >
				<lines><line number="1917"  hits="0" /></lines>
			</method>
			<method name="(anonymous_253)"  hits="0"  signature="()V" >
				<lines><line number="1929"  hits="0" /></lines>
			</method>
			<method name="SpyStrategy"  hits="0"  signature="()V" >
				<lines><line number="1931"  hits="0" /></lines>
			</method>
			<method name="(anonymous_255)"  hits="0"  signature="()V" >
				<lines><line number="1935"  hits="0" /></lines>
			</method>
			<method name="(anonymous_256)"  hits="0"  signature="()V" >
				<lines><line number="1936"  hits="0" /></lines>
			</method>
			<method name="(anonymous_257)"  hits="0"  signature="()V" >
				<lines><line number="1937"  hits="0" /></lines>
			</method>
			<method name="(anonymous_258)"  hits="0"  signature="()V" >
				<lines><line number="1939"  hits="0" /></lines>
			</method>
			<method name="(anonymous_259)"  hits="0"  signature="()V" >
				<lines><line number="1943"  hits="0" /></lines>
			</method>
			<method name="(anonymous_260)"  hits="0"  signature="()V" >
				<lines><line number="1947"  hits="0" /></lines>
			</method>
			<method name="(anonymous_261)"  hits="0"  signature="()V" >
				<lines><line number="1952"  hits="0" /></lines>
			</method>
			<method name="(anonymous_262)"  hits="0"  signature="()V" >
				<lines><line number="1953"  hits="0" /></lines>
			</method>
			<method name="(anonymous_263)"  hits="0"  signature="()V" >
				<lines><line number="1959"  hits="0" /></lines>
			</method>
[...]
			</method>
		</methods>
		<lines>
			<line number="1"  hits="1"  branch="true"  condition-coverage="50% (1/2)" />
			<line number="3"  hits="1"  branch="false" />
			<line number="10"  hits="1"  branch="false" />
			<line number="30"  hits="1"  branch="false" />
			<line number="32"  hits="1"  branch="false" />
			<line number="35"  hits="1"  branch="false" />
		</lines>
		</class>
		<class name="ij.IIJDataProvider.js"  filename="src/js/ij.IIJDataProvider.js"  line-rate="1"  branch-rate="0.5" >
		<methods>
			<method name="(anonymous_1)"  hits="1"  signature="()V" >
				<lines><line number="4"  hits="1" /></lines>
			</method>
			<method name="(anonymous_2)"  hits="6"  signature="()V" >
				<lines><line number="15"  hits="6" /></lines>
			</method>
			<method name="(anonymous_3)"  hits="0"  signature="()V" >
				<lines><line number="23"  hits="0" /></lines>
			</method>
			<method name="(anonymous_4)"  hits="0"  signature="()V" >
				<lines><line number="32"  hits="0" /></lines>
			</method>
			<method name="(anonymous_5)"  hits="0"  signature="()V" >
				<lines><line number="41"  hits="0" /></lines>
			</method>
			<method name="(anonymous_6)"  hits="0"  signature="()V" >
				<lines><line number="51"  hits="0" /></lines>
			</method>
			<method name="(anonymous_7)"  hits="0"  signature="()V" >
				<lines><line number="60"  hits="0" /></lines>
			</method>
			<method name="(anonymous_8)"  hits="0"  signature="()V" >
				<lines><line number="69"  hits="0" /></lines>
			</method>
		</methods>
		<lines>
			<line number="1"  hits="1"  branch="true"  condition-coverage="50% (1/2)" />
			<line number="3"  hits="1"  branch="false" />
			<line number="14"  hits="1"  branch="false" />
			<line number="72"  hits="1"  branch="false" />
			<line number="74"  hits="1"  branch="false" />
			<line number="77"  hits="1"  branch="false" />
		</lines>
		</class>
		<class name="ij.IIJRenderer.HTMLRenderer.js"  filename="src/js/ij.IIJRenderer.HTMLRenderer.js"  line-rate="0.4242"  branch-rate="0.25" >
		<methods>
			<method name="(anonymous_1)"  hits="1"  signature="()V" >
				<lines><line number="4"  hits="1" /></lines>
			</method>
			<method name="(anonymous_2)"  hits="19"  signature="()V" >
				<lines><line number="11"  hits="19" /></lines>
			</method>
			<method name="(anonymous_3)"  hits="0"  signature="()V" >
				<lines><line number="22"  hits="0" /></lines>
			</method>
			<method name="(anonymous_4)"  hits="98"  signature="()V" >
				<lines><line number="32"  hits="98" /></lines>
			</method>
			<method name="(anonymous_5)"  hits="0"  signature="()V" >
				<lines><line number="42"  hits="0" /></lines>
			</method>
			<method name="(anonymous_6)"  hits="98"  signature="()V" >
				<lines><line number="54"  hits="98" /></lines>
			</method>
			<method name="(anonymous_7)"  hits="98"  signature="()V" >
				<lines><line number="68"  hits="98" /></lines>
			</method>
			<method name="(anonymous_8)"  hits="0"  signature="()V" >
				<lines><line number="75"  hits="0" /></lines>
			</method>
		</methods>
		<lines>
			<line number="1"  hits="1"  branch="true"  condition-coverage="50% (1/2)" />
			<line number="3"  hits="1"  branch="false" />
			<line number="10"  hits="1"  branch="false" />
			<line number="23"  hits="0"  branch="true"  condition-coverage="0% (0/2)" />
			<line number="24"  hits="0"  branch="false" />
			<line number="25"  hits="0"  branch="true"  condition-coverage="0% (0/2)" />
			<line number="26"  hits="0"  branch="false" />
			<line number="27"  hits="0"  branch="false" />
			<line number="29"  hits="0"  branch="false" />
			<line number="33"  hits="98"  branch="false" />
			<line number="34"  hits="98"  branch="false" />
			<line number="43"  hits="0"  branch="false" />
			<line number="44"  hits="0"  branch="false" />
			<line number="55"  hits="98"  branch="false" />
			<line number="57"  hits="98"  branch="false" />
			<line number="58"  hits="98"  branch="false" />
			<line number="69"  hits="98"  branch="false" />
			<line number="70"  hits="98"  branch="true"  condition-coverage="50% (1/2)" />
			<line number="71"  hits="0"  branch="false" />
			<line number="72"  hits="98"  branch="false" />
			<line number="76"  hits="0"  branch="false" />
			<line number="78"  hits="0"  branch="true"  condition-coverage="0% (0/2)" />
			<line number="79"  hits="0"  branch="false" />
			<line number="80"  hits="0"  branch="false" />
			<line number="81"  hits="0"  branch="false" />
			<line number="83"  hits="0"  branch="false" />
			<line number="84"  hits="0"  branch="false" />
			<line number="85"  hits="0"  branch="false" />
			<line number="87"  hits="0"  branch="false" />
			<line number="89"  hits="0"  branch="false" />
			<line number="92"  hits="1"  branch="false" />
			<line number="95"  hits="1"  branch="false" />
			<line number="97"  hits="1"  branch="false" />
		</lines>
		</class>
		<class name="ij.IIJRenderer.HTMLTemplate.js"  filename="src/js/ij.IIJRenderer.HTMLTemplate.js"  line-rate="0.5625"  branch-rate="0.3" >
		<methods>
			<method name="(anonymous_1)"  hits="1"  signature="()V" >
				<lines><line number="4"  hits="1" /></lines>
			</method>
			<method name="(anonymous_2)"  hits="19"  signature="()V" >
				<lines><line number="13"  hits="19" /></lines>
			</method>
			<method name="(anonymous_3)"  hits="0"  signature="()V" >
				<lines><line number="23"  hits="0" /></lines>
			</method>
			<method name="(anonymous_4)"  hits="0"  signature="()V" >
				<lines><line number="36"  hits="0" /></lines>
			</method>
			<method name="(anonymous_5)"  hits="98"  signature="()V" >
				<lines><line number="42"  hits="98" /></lines>
			</method>
		</methods>
		<lines>
			<line number="1"  hits="1"  branch="true"  condition-coverage="50% (1/2)" />
			<line number="3"  hits="1"  branch="false" />
			<line number="12"  hits="1"  branch="false" />
			<line number="14"  hits="19"  branch="false" />
			<line number="24"  hits="0"  branch="true"  condition-coverage="0% (0/2)" />
			<line number="25"  hits="0"  branch="false" />
			<line number="26"  hits="0"  branch="false" />
			<line number="37"  hits="0"  branch="true"  condition-coverage="0% (0/2)" />
			<line number="38"  hits="0"  branch="false" />
			<line number="39"  hits="0"  branch="false" />
			<line number="43"  hits="98"  branch="true"  condition-coverage="50% (1/2)" />
			<line number="44"  hits="0"  branch="false" />
			<line number="46"  hits="98"  branch="false" />
			<line number="50"  hits="1"  branch="false" />
			<line number="52"  hits="1"  branch="false" />
			<line number="54"  hits="1"  branch="false" />
		</lines>
		</class>
		<class name="ij.IIJRenderer.js"  filename="src/js/ij.IIJRenderer.js"  line-rate="0.8"  branch-rate="0.5" >
		<methods>
			<method name="(anonymous_1)"  hits="1"  signature="()V" >
				<lines><line number="4"  hits="1" /></lines>
			</method>
			<method name="(anonymous_2)"  hits="6"  signature="()V" >
				<lines><line number="15"  hits="6" /></lines>
			</method>
			<method name="(anonymous_3)"  hits="0"  signature="()V" >
				<lines><line number="25"  hits="0" /></lines>
			</method>
			<method name="(anonymous_4)"  hits="0"  signature="()V" >
				<lines><line number="34"  hits="0" /></lines>
			</method>
			<method name="(anonymous_5)"  hits="0"  signature="()V" >
				<lines><line number="37"  hits="0" /></lines>
			</method>
			<method name="(anonymous_6)"  hits="0"  signature="()V" >
				<lines><line number="40"  hits="0" /></lines>
			</method>
			<method name="(anonymous_7)"  hits="0"  signature="()V" >
				<lines><line number="48"  hits="0" /></lines>
			</method>
			<method name="(anonymous_8)"  hits="0"  signature="()V" >
				<lines><line number="51"  hits="0" /></lines>
			</method>
			<method name="(anonymous_9)"  hits="0"  signature="()V" >
				<lines><line number="63"  hits="0" /></lines>
			</method>
			<method name="(anonymous_10)"  hits="0"  signature="()V" >
				<lines><line number="71"  hits="0" /></lines>
			</method>
			<method name="(anonymous_11)"  hits="0"  signature="()V" >
				<lines><line number="79"  hits="0" /></lines>
			</method>
			<method name="(anonymous_12)"  hits="0"  signature="()V" >
				<lines><line number="87"  hits="0" /></lines>
			</method>
			<method name="(anonymous_13)"  hits="0"  signature="()V" >
				<lines><line number="94"  hits="0" /></lines>
			</method>
			<method name="(anonymous_14)"  hits="0"  signature="()V" >
				<lines><line number="103"  hits="0" /></lines>
			</method>
			<method name="(anonymous_15)"  hits="0"  signature="()V" >
				<lines><line number="106"  hits="0" /></lines>
			</method>
			<method name="(anonymous_16)"  hits="0"  signature="()V" >
				<lines><line number="109"  hits="0" /></lines>
			</method>
			<method name="(anonymous_17)"  hits="0"  signature="()V" >
				<lines><line number="112"  hits="0" /></lines>
			</method>
			<method name="(anonymous_18)"  hits="0"  signature="()V" >
				<lines><line number="122"  hits="0" /></lines>
			</method>
			<method name="(anonymous_19)"  hits="0"  signature="()V" >
				<lines><line number="132"  hits="0" /></lines>
			</method>
			<method name="(anonymous_20)"  hits="20"  signature="()V" >
				<lines><line number="136"  hits="20" /></lines>
			</method>
			<method name="(anonymous_21)"  hits="0"  signature="()V" >
				<lines><line number="145"  hits="0" /></lines>
			</method>
			<method name="(anonymous_22)"  hits="20"  signature="()V" >
				<lines><line number="154"  hits="20" /></lines>
			</method>
			<method name="(anonymous_23)"  hits="0"  signature="()V" >
				<lines><line number="165"  hits="0" /></lines>
			</method>
			<method name="(anonymous_24)"  hits="0"  signature="()V" >
				<lines><line number="173"  hits="0" /></lines>
			</method>
		</methods>
		<lines>
			<line number="1"  hits="1"  branch="true"  condition-coverage="50% (1/2)" />
			<line number="3"  hits="1"  branch="false" />
			<line number="13"  hits="1"  branch="false" />
			<line number="16"  hits="6"  branch="false" />
			<line number="17"  hits="6"  branch="false" />
			<line number="123"  hits="0"  branch="false" />
			<line number="133"  hits="0"  branch="false" />
			<line number="177"  hits="1"  branch="false" />
			<line number="179"  hits="1"  branch="false" />
			<line number="182"  hits="1"  branch="false" />
		</lines>
		</class>
	</classes>
	</package>
	<package name="src.js.defaultImplementations.defaultHTMLRenderer"  line-rate="0.0426"  branch-rate="0" >
	<classes>
		<class name="ij.IIJDefaultHTMLRenderer.js"  filename="src/js/defaultImplementations/defaultHTMLRenderer/ij.IIJDefaultHTMLRenderer.js"  line-rate="0.0426"  branch-rate="0" >
		<methods>
			<method name="(anonymous_1)"  hits="0"  signature="()V" >
				<lines><line number="3"  hits="0" /></lines>
			</method>
			<method name="(anonymous_2)"  hits="0"  signature="()V" >
				<lines><line number="9"  hits="0" /></lines>
			</method>
			<method name="(anonymous_3)"  hits="0"  signature="()V" >
				<lines><line number="13"  hits="0" /></lines>
			</method>
			<method name="(anonymous_4)"  hits="0"  signature="()V" >
				<lines><line number="20"  hits="0" /></lines>
			</method>
			<method name="(anonymous_5)"  hits="0"  signature="()V" >
				<lines><line number="27"  hits="0" /></lines>
			</method>
			<method name="(anonymous_6)"  hits="0"  signature="()V" >
				<lines><line number="32"  hits="0" /></lines>
			</method>
			<method name="(anonymous_7)"  hits="0"  signature="()V" >
				<lines><line number="36"  hits="0" /></lines>
			</method>
			<method name="(anonymous_8)"  hits="0"  signature="()V" >
				<lines><line number="40"  hits="0" /></lines>
			</method>
			<method name="(anonymous_9)"  hits="0"  signature="()V" >
				<lines><line number="44"  hits="0" /></lines>
			</method>
			<method name="(anonymous_10)"  hits="0"  signature="()V" >
				<lines><line number="48"  hits="0" /></lines>
			</method>
			<method name="(anonymous_11)"  hits="0"  signature="()V" >
				<lines><line number="67"  hits="0" /></lines>
			</method>
			<method name="(anonymous_12)"  hits="0"  signature="()V" >
				<lines><line number="71"  hits="0" /></lines>
			</method>
			<method name="(anonymous_13)"  hits="0"  signature="()V" >
				<lines><line number="85"  hits="0" /></lines>
			</method>
			<method name="(anonymous_14)"  hits="0"  signature="()V" >
				<lines><line number="89"  hits="0" /></lines>
			</method>
			<method name="(anonymous_15)"  hits="0"  signature="()V" >
				<lines><line number="93"  hits="0" /></lines>
			</method>
			<method name="(anonymous_16)"  hits="0"  signature="()V" >
				<lines><line number="97"  hits="0" /></lines>
			</method>
			<method name="(anonymous_17)"  hits="0"  signature="()V" >
				<lines><line number="102"  hits="0" /></lines>
			</method>
			<method name="(anonymous_18)"  hits="0"  signature="()V" >
				<lines><line number="110"  hits="0" /></lines>
			</method>
			<method name="(anonymous_19)"  hits="0"  signature="()V" >
				<lines><line number="118"  hits="0" /></lines>
			</method>
			<method name="(anonymous_20)"  hits="0"  signature="()V" >
				<lines><line number="125"  hits="0" /></lines>
			</method>
			<method name="(anonymous_21)"  hits="0"  signature="()V" >
				<lines><line number="143"  hits="0" /></lines>
			</method>
		</methods>
		<lines>
			<line number="1"  hits="1"  branch="false" />
			<line number="4"  hits="0"  branch="false" />
			<line number="5"  hits="0"  branch="false" />
			<line number="6"  hits="0"  branch="false" />
			<line number="10"  hits="0"  branch="false" />
			<line number="14"  hits="0"  branch="false" />
			<line number="17"  hits="0"  branch="false" />
			<line number="21"  hits="0"  branch="false" />
			<line number="24"  hits="0"  branch="false" />
			<line number="28"  hits="0"  branch="false" />
			<line number="29"  hits="0"  branch="false" />
			<line number="33"  hits="0"  branch="false" />
			<line number="37"  hits="0"  branch="false" />
			<line number="41"  hits="0"  branch="false" />
			<line number="45"  hits="0"  branch="false" />
			<line number="49"  hits="0"  branch="false" />
			<line number="62"  hits="0"  branch="false" />
			<line number="63"  hits="0"  branch="false" />
			<line number="64"  hits="0"  branch="false" />
			<line number="68"  hits="0"  branch="false" />
			<line number="72"  hits="0"  branch="false" />
			<line number="86"  hits="0"  branch="false" />
			<line number="90"  hits="0"  branch="false" />
			<line number="94"  hits="0"  branch="false" />
			<line number="98"  hits="0"  branch="false" />
			<line number="103"  hits="0"  branch="false" />
			<line number="104"  hits="0"  branch="false" />
			<line number="105"  hits="0"  branch="false" />
			<line number="107"  hits="0"  branch="false" />
			<line number="111"  hits="0"  branch="false" />
			<line number="112"  hits="0"  branch="false" />
			<line number="113"  hits="0"  branch="false" />
			<line number="115"  hits="0"  branch="false" />
			<line number="119"  hits="0"  branch="false" />
			<line number="120"  hits="0"  branch="false" />
			<line number="122"  hits="0"  branch="false" />
			<line number="126"  hits="0"  branch="true"  condition-coverage="0% (0/2)" />
			<line number="127"  hits="0"  branch="false" />
			<line number="129"  hits="0"  branch="false" />
			<line number="132"  hits="0"  branch="false" />
			<line number="133"  hits="0"  branch="false" />
			<line number="135"  hits="0"  branch="false" />
			<line number="138"  hits="0"  branch="false" />
			<line number="140"  hits="0"  branch="false" />
			<line number="144"  hits="0"  branch="false" />
			<line number="146"  hits="0"  branch="false" />
			<line number="150"  hits="1"  branch="false" />
		</lines>
		</class>
	</classes>
	</package>
	<package name="src.js.defaultImplementations.fileImport"  line-rate="0.11539999999999999"  branch-rate="0.11109999999999999" >
	<classes>
		<class name="DSVDataProvider.js"  filename="src/js/defaultImplementations/fileImport/DSVDataProvider.js"  line-rate="0.11539999999999999"  branch-rate="0.11109999999999999" >
		<methods>
			<method name="(anonymous_1)"  hits="1"  signature="()V" >
				<lines><line number="4"  hits="1" /></lines>
			</method>
			<method name="(anonymous_2)"  hits="0"  signature="()V" >
				<lines><line number="15"  hits="0" /></lines>
			</method>
			<method name="(anonymous_3)"  hits="0"  signature="()V" >
				<lines><line number="23"  hits="0" /></lines>
			</method>
			<method name="(anonymous_4)"  hits="0"  signature="()V" >
				<lines><line number="42"  hits="0" /></lines>
			</method>
			<method name="(anonymous_5)"  hits="0"  signature="()V" >
				<lines><line number="58"  hits="0" /></lines>
			</method>
			<method name="(anonymous_6)"  hits="0"  signature="()V" >
				<lines><line number="68"  hits="0" /></lines>
			</method>
			<method name="(anonymous_7)"  hits="0"  signature="()V" >
				<lines><line number="72"  hits="0" /></lines>
			</method>
			<method name="(anonymous_8)"  hits="0"  signature="()V" >
				<lines><line number="87"  hits="0" /></lines>
			</method>
		</methods>
		<lines>
			<line number="1"  hits="1"  branch="true"  condition-coverage="50% (1/2)" />
			<line number="3"  hits="1"  branch="false" />
			<line number="14"  hits="1"  branch="false" />
			<line number="16"  hits="0"  branch="false" />
			<line number="20"  hits="0"  branch="true"  condition-coverage="0% (0/2)" />
			<line number="21"  hits="0"  branch="true"  condition-coverage="0% (0/2)" />
			<line number="23"  hits="0"  branch="false" />
			<line number="24"  hits="0"  branch="true"  condition-coverage="0% (0/4)" />
			<line number="25"  hits="0"  branch="false" />
			<line number="26"  hits="0"  branch="false" />
			<line number="27"  hits="0"  branch="false" />
			<line number="28"  hits="0"  branch="false" />
			<line number="29"  hits="0"  branch="false" />
			<line number="33"  hits="0"  branch="false" />
			<line number="34"  hits="0"  branch="false" />
			<line number="43"  hits="0"  branch="false" />
			<line number="44"  hits="0"  branch="false" />
			<line number="45"  hits="0"  branch="false" />
			<line number="46"  hits="0"  branch="false" />
			<line number="49"  hits="0"  branch="false" />
			<line number="59"  hits="0"  branch="false" />
			<line number="69"  hits="0"  branch="false" />
			<line number="73"  hits="0"  branch="false" />
			<line number="74"  hits="0"  branch="false" />
			<line number="76"  hits="0"  branch="true"  condition-coverage="0% (0/2)" />
			<line number="77"  hits="0"  branch="false" />
			<line number="78"  hits="0"  branch="false" />
			<line number="80"  hits="0"  branch="false" />
			<line number="81"  hits="0"  branch="false" />
			<line number="84"  hits="0"  branch="false" />
			<line number="88"  hits="0"  branch="false" />
			<line number="89"  hits="0"  branch="false" />
			<line number="90"  hits="0"  branch="false" />
			<line number="92"  hits="0"  branch="false" />
			<line number="94"  hits="0"  branch="false" />
			<line number="95"  hits="0"  branch="false" />
			<line number="96"  hits="0"  branch="false" />
			<line number="98"  hits="0"  branch="false" />
			<line number="99"  hits="0"  branch="false" />
			<line number="100"  hits="0"  branch="false" />
			<line number="101"  hits="0"  branch="false" />
			<line number="102"  hits="0"  branch="false" />
			<line number="103"  hits="0"  branch="false" />
			<line number="105"  hits="0"  branch="false" />
			<line number="106"  hits="0"  branch="false" />
			<line number="107"  hits="0"  branch="true"  condition-coverage="0% (0/2)" />
			<line number="108"  hits="0"  branch="false" />
			<line number="109"  hits="0"  branch="true"  condition-coverage="0% (0/2)" />
			<line number="112"  hits="0"  branch="false" />
			<line number="115"  hits="1"  branch="false" />
			<line number="117"  hits="1"  branch="false" />
			<line number="120"  hits="1"  branch="false" />
		</lines>
		</class>
	</classes>
	</package>
</packages>
</coverage>
