{"src/js/ij.Core.DataCell.js":{"path":"src/js/ij.Core.DataCell.js","s":{"1":1,"2":1,"3":1,"4":0,"5":0,"6":1,"7":1,"8":1},"b":{"1":[1,1],"2":[1,1]},"f":{"1":1,"2":0,"3":0,"4":0},"fnMap":{"1":{"name":"(anonymous_1)","line":4,"loc":{"start":{"line":4,"column":4},"end":{"line":4,"column":24}}},"2":{"name":"(anonymous_2)","line":12,"loc":{"start":{"line":12,"column":25},"end":{"line":12,"column":36}}},"3":{"name":"(anonymous_3)","line":39,"loc":{"start":{"line":39,"column":23},"end":{"line":39,"column":38}}},"4":{"name":"(anonymous_4)","line":46,"loc":{"start":{"line":46,"column":23},"end":{"line":46,"column":33}}}},"statementMap":{"1":{"start":{"line":1,"column":0},"end":{"line":1,"column":28}},"2":{"start":{"line":3,"column":0},"end":{"line":58,"column":2}},"3":{"start":{"line":11,"column":8},"end":{"line":49,"column":10}},"4":{"start":{"line":40,"column":16},"end":{"line":40,"column":35}},"5":{"start":{"line":47,"column":16},"end":{"line":47,"column":34}},"6":{"start":{"line":51,"column":8},"end":{"line":51,"column":42}},"7":{"start":{"line":54,"column":8},"end":{"line":54,"column":37}},"8":{"start":{"line":56,"column":8},"end":{"line":56,"column":24}}},"branchMap":{"1":{"line":1,"type":"binary-expr","locations":[{"start":{"line":1,"column":14},"end":{"line":1,"column":20}},{"start":{"line":1,"column":24},"end":{"line":1,"column":26}}]},"2":{"line":57,"type":"binary-expr","locations":[{"start":{"line":57,"column":6},"end":{"line":57,"column":15}},{"start":{"line":57,"column":19},"end":{"line":57,"column":21}}]}}},"src/js/ij.Core.DataHeader.State.js":{"path":"src/js/ij.Core.DataHeader.State.js","s":{"1":1,"2":1,"3":1,"4":1,"5":1,"6":1},"b":{"1":[1,0],"2":[1,0]},"f":{"1":1,"2":0},"fnMap":{"1":{"name":"(anonymous_1)","line":4,"loc":{"start":{"line":4,"column":4},"end":{"line":4,"column":24}}},"2":{"name":"(anonymous_2)","line":12,"loc":{"start":{"line":12,"column":25},"end":{"line":12,"column":36}}}},"statementMap":{"1":{"start":{"line":1,"column":0},"end":{"line":1,"column":28}},"2":{"start":{"line":3,"column":0},"end":{"line":23,"column":2}},"3":{"start":{"line":11,"column":8},"end":{"line":14,"column":10}},"4":{"start":{"line":16,"column":8},"end":{"line":16,"column":36}},"5":{"start":{"line":19,"column":8},"end":{"line":19,"column":31}},"6":{"start":{"line":21,"column":8},"end":{"line":21,"column":24}}},"branchMap":{"1":{"line":1,"type":"binary-expr","locations":[{"start":{"line":1,"column":14},"end":{"line":1,"column":20}},{"start":{"line":1,"column":24},"end":{"line":1,"column":26}}]},"2":{"line":22,"type":"binary-expr","locations":[{"start":{"line":22,"column":6},"end":{"line":22,"column":15}},{"start":{"line":22,"column":19},"end":{"line":22,"column":21}}]}}},"src/js/ij.Core.DataHeader.js":{"path":"src/js/ij.Core.DataHeader.js","s":{"1":1,"2":1,"3":1,"4":0,"5":0,"6":1,"7":1,"8":1},"b":{"1":[1,0],"2":[1,0]},"f":{"1":1,"2":0,"3":0,"4":0},"fnMap":{"1":{"name":"(anonymous_1)","line":4,"loc":{"start":{"line":4,"column":4},"end":{"line":4,"column":24}}},"2":{"name":"(anonymous_2)","line":12,"loc":{"start":{"line":12,"column":25},"end":{"line":12,"column":36}}},"3":{"name":"(anonymous_3)","line":20,"loc":{"start":{"line":20,"column":23},"end":{"line":20,"column":38}}},"4":{"name":"(anonymous_4)","line":29,"loc":{"start":{"line":29,"column":23},"end":{"line":29,"column":33}}}},"statementMap":{"1":{"start":{"line":1,"column":0},"end":{"line":1,"column":28}},"2":{"start":{"line":3,"column":0},"end":{"line":41,"column":2}},"3":{"start":{"line":11,"column":8},"end":{"line":32,"column":10}},"4":{"start":{"line":21,"column":16},"end":{"line":21,"column":35}},"5":{"start":{"line":30,"column":16},"end":{"line":30,"column":34}},"6":{"start":{"line":34,"column":8},"end":{"line":34,"column":46}},"7":{"start":{"line":37,"column":8},"end":{"line":37,"column":41}},"8":{"start":{"line":39,"column":8},"end":{"line":39,"column":24}}},"branchMap":{"1":{"line":1,"type":"binary-expr","locations":[{"start":{"line":1,"column":14},"end":{"line":1,"column":20}},{"start":{"line":1,"column":24},"end":{"line":1,"column":26}}]},"2":{"line":40,"type":"binary-expr","locations":[{"start":{"line":40,"column":6},"end":{"line":40,"column":15}},{"start":{"line":40,"column":19},"end":{"line":40,"column":21}}]}}},"src/js/ij.Core.js":{"path":"src/js/ij.Core.js","s":{"1":1,"2":1,"3":1,"4":36,"5":21,"6":15,"7":28,"8":1,"9":1,"10":6,"11":5,"12":1,"13":6,"14":6,"15":2,"16":6,"17":1,"18":5,"19":6,"20":6,"21":1,"22":5,"23":6,"24":6,"25":1,"26":5,"27":6,"28":5,"29":1,"30":1,"31":4,"32":1,"33":1,"34":3,"35":1,"36":1,"37":2,"38":1,"39":1,"40":1,"41":1,"42":1,"43":1,"44":1,"45":1,"46":12,"47":1,"48":1,"49":11,"50":11,"51":44,"52":11,"53":1,"54":1,"55":1,"56":5,"57":1,"58":10,"59":10,"60":10,"61":10,"62":10,"63":40,"64":40,"65":80,"66":60,"67":20,"68":20,"69":80,"70":80,"71":40,"72":0,"73":40,"74":40,"75":40,"76":10,"77":10,"78":10,"79":10,"80":10,"81":2,"82":2,"83":2,"84":40,"85":40,"86":10,"87":10,"88":22,"89":10,"90":10,"91":10,"92":0,"93":0,"94":0,"95":0,"96":0,"97":0,"98":40,"99":30,"100":10,"101":10,"102":10,"103":10,"104":10,"105":80,"106":10,"107":0,"108":0,"109":0,"110":0,"111":0,"112":20,"113":20,"114":220,"115":20,"116":200,"117":10,"118":190,"119":20,"120":170,"121":20,"122":150,"123":20,"124":130,"125":20,"126":20,"127":9,"128":2,"129":9,"130":9,"131":9,"132":18,"133":16,"134":18,"135":18,"136":6,"137":9,"138":4,"139":9,"140":16,"141":12,"142":9,"143":17,"144":17,"145":6,"146":14,"147":7,"148":7,"149":5,"150":2,"151":11,"152":6,"153":6,"154":12,"155":4,"156":4,"157":4,"158":4,"159":6,"160":3,"161":6,"162":2,"163":2,"164":4,"165":3,"166":3,"167":7,"168":2,"169":6,"170":1,"171":1,"172":1,"173":7,"174":2,"175":0,"176":0,"177":0,"178":0,"179":0,"180":0,"181":0,"182":0,"183":0,"184":0,"185":0,"186":0,"187":0,"188":0,"189":0,"190":0,"191":0,"192":0,"193":0,"194":0,"195":0,"196":0,"197":0,"198":0,"199":0,"200":0,"201":0,"202":0,"203":0,"204":0,"205":0,"206":0,"207":0,"208":0,"209":0,"210":0,"211":0,"212":0,"213":0,"214":0,"215":0,"216":0,"217":0,"218":0,"219":0,"220":0,"221":0,"222":0,"223":0,"224":0,"225":0,"226":0,"227":0,"228":0,"229":0,"230":0,"231":0,"232":0,"233":0,"234":0,"235":0,"236":0,"237":0,"238":0,"239":0,"240":0,"241":0,"242":0,"243":0,"244":0,"245":0,"246":0,"247":0,"248":0,"249":0,"250":0,"251":0,"252":0,"253":0,"254":0,"255":0,"256":0,"257":0,"258":0,"259":0,"260":0,"261":0,"262":0,"263":0,"264":0,"265":0,"266":0,"267":0,"268":0,"269":0,"270":0,"271":0,"272":0,"273":0,"274":0,"275":0,"276":0,"277":0,"278":0,"279":0,"280":0,"281":0,"282":0,"283":0,"284":0,"285":0,"286":0,"287":0,"288":0,"289":0,"290":0,"291":0,"292":0,"293":0,"294":0,"295":0,"296":0,"297":0,"298":0,"299":0,"300":0,"301":0,"302":0,"303":0,"304":0,"305":0,"306":0,"307":0,"308":0,"309":0,"310":0,"311":0,"312":0,"313":0,"314":0,"315":0,"316":0,"317":0,"318":0,"319":0,"320":0,"321":0,"322":0,"323":0,"324":0,"325":0,"326":0,"327":0,"328":0,"329":0,"330":0,"331":0,"332":0,"333":0,"334":0,"335":0,"336":0,"337":0,"338":0,"339":0,"340":0,"341":0,"342":0,"343":0,"344":0,"345":0,"346":0,"347":0,"348":0,"349":0,"350":0,"351":0,"352":0,"353":0,"354":0,"355":0,"356":0,"357":0,"358":0,"359":0,"360":0,"361":0,"362":0,"363":0,"364":0,"365":0,"366":0,"367":0,"368":0,"369":0,"370":0,"371":0,"372":0,"373":0,"374":0,"375":0,"376":0,"377":0,"378":0,"379":0,"380":0,"381":0,"382":0,"383":0,"384":0,"385":0,"386":0,"387":0,"388":0,"389":0,"390":0,"391":0,"392":0,"393":0,"394":0,"395":0,"396":0,"397":0,"398":0,"399":0,"400":0,"401":0,"402":0,"403":0,"404":0,"405":0,"406":0,"407":0,"408":0,"409":0,"410":0,"411":0,"412":0,"413":0,"414":0,"415":0,"416":0,"417":0,"418":0,"419":0,"420":0,"421":0,"422":0,"423":0,"424":0,"425":0,"426":0,"427":0,"428":0,"429":0,"430":0,"431":0,"432":0,"433":0,"434":0,"435":0,"436":0,"437":0,"438":0,"439":0,"440":0,"441":0,"442":0,"443":0,"444":0,"445":0,"446":0,"447":0,"448":3,"449":3,"450":0,"451":3,"452":6,"453":0,"454":6,"455":2,"456":2,"457":2,"458":4,"459":0,"460":4,"461":4,"462":3,"463":0,"464":3,"465":5,"466":5,"467":12,"468":0,"469":12,"470":8,"471":12,"472":3,"473":5,"474":0,"475":0,"476":0,"477":0,"478":0,"479":0,"480":0,"481":0,"482":0,"483":0,"484":0,"485":0,"486":0,"487":0,"488":2,"489":2,"490":2,"491":2,"492":0,"493":0,"494":0,"495":0,"496":0,"497":0,"498":0,"499":0,"500":0,"501":0,"502":0,"503":0,"504":0,"505":0,"506":0,"507":0,"508":0,"509":0,"510":0,"511":0,"512":0,"513":0,"514":0,"515":0,"516":0,"517":0,"518":0,"519":1,"520":1,"521":1,"522":1},"b":{"1":[1,0],"2":[21,15],"3":[5,1],"4":[1,5],"5":[1,5],"6":[1,5],"7":[1,4],"8":[1,3],"9":[1,2],"10":[1,1],"11":[1,11],"12":[1,0],"13":[60,20],"14":[20,0],"15":[40,40],"16":[0,40],"17":[10,30],"18":[10,0],"19":[2,8],"20":[10,10],"21":[10,30],"22":[10,12],"23":[22,22],"24":[0,10],"25":[10,0],"26":[30,10],"27":[10,20],"28":[10,0],"29":[0,0],"30":[0,0],"31":[20,200],"32":[10,190],"33":[20,170],"34":[20,150],"35":[20,130],"36":[2,7],"37":[16,2],"38":[6,12],"39":[4,5],"40":[12,4],"41":[6,11],"42":[7,7],"43":[5,2],"44":[4,8],"45":[4,0],"46":[2,4],"47":[6,2],"48":[2,5],"49":[7,6,2],"50":[1,5],"51":[2,5],"52":[7,2],"53":[0,0],"54":[0,0],"55":[0,0],"56":[0,0],"57":[0,0],"58":[0,0],"59":[0,0],"60":[0,0],"61":[0,0],"62":[0,0],"63":[0,0],"64":[0,0],"65":[0,0],"66":[0,0],"67":[0,0],"68":[0,0],"69":[0,0],"70":[0,0],"71":[0,0],"72":[0,0],"73":[0,0],"74":[0,0],"75":[0,0],"76":[0,0],"77":[0,0],"78":[0,0],"79":[0,0],"80":[0,0],"81":[0,0],"82":[0,0],"83":[0,0],"84":[0,0],"85":[0,0],"86":[0,0,0],"87":[0,0,0],"88":[0,0,0],"89":[0,0],"90":[0,0],"91":[0,0],"92":[0,0],"93":[0,0],"94":[0,0],"95":[0,0],"96":[0,0],"97":[0,0,0],"98":[0,0],"99":[0,0,0],"100":[0,0],"101":[0,0],"102":[0,0],"103":[0,0],"104":[0,0],"105":[0,0],"106":[0,0],"107":[0,0],"108":[0,0],"109":[0,0],"110":[0,0],"111":[0,0],"112":[0,0],"113":[0,0],"114":[0,0],"115":[0,0],"116":[0,0],"117":[0,0],"118":[0,0],"119":[0,0],"120":[0,3],"121":[0,6],"122":[6,0],"123":[2,4],"124":[2,0],"125":[0,4],"126":[4,0],"127":[0,3],"128":[0,12],"129":[12,0,0],"130":[8,4],"131":[12,9],"132":[3,9],"133":[0,0],"134":[0,0],"135":[0,0],"136":[0,0],"137":[0,0],"138":[0,0],"139":[2,0],"140":[0,0],"141":[0,0],"142":[0,0],"143":[0,0],"144":[0,0],"145":[0,0],"146":[1,0]},"f":{"1":1,"2":36,"3":1,"4":6,"5":2,"6":6,"7":6,"8":6,"9":5,"10":12,"11":1,"12":10,"13":0,"14":20,"15":9,"16":17,"17":14,"18":6,"19":3,"20":3,"21":0,"22":0,"23":0,"24":0,"25":0,"26":0,"27":0,"28":0,"29":0,"30":0,"31":0,"32":0,"33":0,"34":0,"35":0,"36":0,"37":0,"38":0,"39":0,"40":0,"41":0,"42":0,"43":0,"44":0,"45":0,"46":0,"47":0,"48":0,"49":0,"50":0,"51":0,"52":0,"53":0,"54":0,"55":0,"56":0,"57":3,"58":5,"59":0,"60":0,"61":0,"62":0,"63":0,"64":0,"65":0,"66":0,"67":0,"68":0,"69":0,"70":0,"71":0,"72":0,"73":0,"74":0,"75":0,"76":0,"77":2,"78":2,"79":0,"80":0,"81":0},"fnMap":{"1":{"name":"(anonymous_1)","line":13,"loc":{"start":{"line":13,"column":4},"end":{"line":13,"column":24}}},"2":{"name":"(anonymous_2)","line":32,"loc":{"start":{"line":32,"column":24},"end":{"line":32,"column":46}}},"3":{"name":"(anonymous_3)","line":76,"loc":{"start":{"line":76,"column":18},"end":{"line":76,"column":36}}},"4":{"name":"(anonymous_4)","line":87,"loc":{"start":{"line":87,"column":26},"end":{"line":87,"column":47}}},"5":{"name":"(anonymous_5)","line":101,"loc":{"start":{"line":101,"column":26},"end":{"line":101,"column":38}}},"6":{"name":"(anonymous_6)","line":111,"loc":{"start":{"line":111,"column":29},"end":{"line":111,"column":53}}},"7":{"name":"(anonymous_7)","line":125,"loc":{"start":{"line":125,"column":27},"end":{"line":125,"column":49}}},"8":{"name":"(anonymous_8)","line":139,"loc":{"start":{"line":139,"column":25},"end":{"line":139,"column":45}}},"9":{"name":"(anonymous_9)","line":153,"loc":{"start":{"line":153,"column":32},"end":{"line":153,"column":44}}},"10":{"name":"(anonymous_10)","line":180,"loc":{"start":{"line":180,"column":29},"end":{"line":180,"column":45}}},"11":{"name":"(anonymous_11)","line":198,"loc":{"start":{"line":198,"column":32},"end":{"line":198,"column":51}}},"12":{"name":"(anonymous_12)","line":216,"loc":{"start":{"line":216,"column":31},"end":{"line":216,"column":64}}},"13":{"name":"(anonymous_13)","line":309,"loc":{"start":{"line":309,"column":25},"end":{"line":309,"column":49}}},"14":{"name":"(anonymous_14)","line":318,"loc":{"start":{"line":318,"column":26},"end":{"line":318,"column":50}}},"15":{"name":"(anonymous_15)","line":347,"loc":{"start":{"line":347,"column":31},"end":{"line":347,"column":70}}},"16":{"name":"(anonymous_16)","line":375,"loc":{"start":{"line":375,"column":30},"end":{"line":375,"column":47}}},"17":{"name":"compare","line":379,"loc":{"start":{"line":379,"column":20},"end":{"line":379,"column":43}}},"18":{"name":"(anonymous_18)","line":397,"loc":{"start":{"line":397,"column":26},"end":{"line":397,"column":56}}},"19":{"name":"(anonymous_19)","line":410,"loc":{"start":{"line":410,"column":28},"end":{"line":410,"column":65}}},"20":{"name":"(anonymous_20)","line":428,"loc":{"start":{"line":428,"column":32},"end":{"line":428,"column":50}}},"21":{"name":"(anonymous_21)","line":451,"loc":{"start":{"line":451,"column":31},"end":{"line":451,"column":62}}},"22":{"name":"(anonymous_22)","line":500,"loc":{"start":{"line":500,"column":28},"end":{"line":500,"column":58}}},"23":{"name":"(anonymous_23)","line":540,"loc":{"start":{"line":540,"column":26},"end":{"line":540,"column":60}}},"24":{"name":"(anonymous_24)","line":573,"loc":{"start":{"line":573,"column":28},"end":{"line":573,"column":56}}},"25":{"name":"(anonymous_25)","line":619,"loc":{"start":{"line":619,"column":25},"end":{"line":619,"column":50}}},"26":{"name":"(anonymous_26)","line":636,"loc":{"start":{"line":636,"column":25},"end":{"line":636,"column":37}}},"27":{"name":"(anonymous_27)","line":664,"loc":{"start":{"line":664,"column":36},"end":{"line":664,"column":81}}},"28":{"name":"(anonymous_28)","line":683,"loc":{"start":{"line":683,"column":26},"end":{"line":683,"column":86}}},"29":{"name":"(anonymous_29)","line":726,"loc":{"start":{"line":726,"column":23},"end":{"line":726,"column":67}}},"30":{"name":"(anonymous_30)","line":784,"loc":{"start":{"line":784,"column":30},"end":{"line":784,"column":74}}},"31":{"name":"(anonymous_31)","line":792,"loc":{"start":{"line":792,"column":37},"end":{"line":792,"column":81}}},"32":{"name":"(anonymous_32)","line":820,"loc":{"start":{"line":820,"column":28},"end":{"line":820,"column":71}}},"33":{"name":"(anonymous_33)","line":845,"loc":{"start":{"line":845,"column":32},"end":{"line":845,"column":74}}},"34":{"name":"(anonymous_34)","line":874,"loc":{"start":{"line":874,"column":26},"end":{"line":874,"column":52}}},"35":{"name":"(anonymous_35)","line":885,"loc":{"start":{"line":885,"column":29},"end":{"line":885,"column":58}}},"36":{"name":"(anonymous_36)","line":899,"loc":{"start":{"line":899,"column":26},"end":{"line":899,"column":60}}},"37":{"name":"(anonymous_37)","line":925,"loc":{"start":{"line":925,"column":21},"end":{"line":925,"column":33}}},"38":{"name":"(anonymous_38)","line":956,"loc":{"start":{"line":956,"column":37},"end":{"line":956,"column":76}}},"39":{"name":"(anonymous_39)","line":964,"loc":{"start":{"line":964,"column":39},"end":{"line":964,"column":59}}},"40":{"name":"(anonymous_40)","line":976,"loc":{"start":{"line":976,"column":20},"end":{"line":976,"column":32}}},"41":{"name":"(anonymous_41)","line":983,"loc":{"start":{"line":983,"column":25},"end":{"line":983,"column":37}}},"42":{"name":"(anonymous_42)","line":990,"loc":{"start":{"line":990,"column":26},"end":{"line":990,"column":38}}},"43":{"name":"(anonymous_43)","line":997,"loc":{"start":{"line":997,"column":27},"end":{"line":997,"column":49}}},"44":{"name":"(anonymous_44)","line":1001,"loc":{"start":{"line":1001,"column":26},"end":{"line":1001,"column":53}}},"45":{"name":"(anonymous_45)","line":1008,"loc":{"start":{"line":1008,"column":28},"end":{"line":1008,"column":56}}},"46":{"name":"(anonymous_46)","line":1020,"loc":{"start":{"line":1020,"column":29},"end":{"line":1020,"column":56}}},"47":{"name":"(anonymous_47)","line":1027,"loc":{"start":{"line":1027,"column":31},"end":{"line":1027,"column":59}}},"48":{"name":"(anonymous_48)","line":1039,"loc":{"start":{"line":1039,"column":26},"end":{"line":1039,"column":44}}},"49":{"name":"(anonymous_49)","line":1051,"loc":{"start":{"line":1051,"column":29},"end":{"line":1051,"column":47}}},"50":{"name":"(anonymous_50)","line":1063,"loc":{"start":{"line":1063,"column":42},"end":{"line":1063,"column":68}}},"51":{"name":"(anonymous_51)","line":1074,"loc":{"start":{"line":1074,"column":31},"end":{"line":1074,"column":43}}},"52":{"name":"(anonymous_52)","line":1081,"loc":{"start":{"line":1081,"column":34},"end":{"line":1081,"column":46}}},"53":{"name":"(anonymous_53)","line":1088,"loc":{"start":{"line":1088,"column":27},"end":{"line":1088,"column":39}}},"54":{"name":"(anonymous_54)","line":1095,"loc":{"start":{"line":1095,"column":30},"end":{"line":1095,"column":42}}},"55":{"name":"(anonymous_55)","line":1102,"loc":{"start":{"line":1102,"column":33},"end":{"line":1102,"column":66}}},"56":{"name":"(anonymous_56)","line":1119,"loc":{"start":{"line":1119,"column":36},"end":{"line":1119,"column":69}}},"57":{"name":"(anonymous_57)","line":1150,"loc":{"start":{"line":1150,"column":31},"end":{"line":1150,"column":62}}},"58":{"name":"(anonymous_58)","line":1182,"loc":{"start":{"line":1182,"column":33},"end":{"line":1182,"column":73}}},"59":{"name":"(anonymous_59)","line":1207,"loc":{"start":{"line":1207,"column":22},"end":{"line":1207,"column":34}}},"60":{"name":"(anonymous_60)","line":1215,"loc":{"start":{"line":1215,"column":29},"end":{"line":1215,"column":41}}},"61":{"name":"(anonymous_61)","line":1223,"loc":{"start":{"line":1223,"column":25},"end":{"line":1223,"column":71}}},"62":{"name":"(anonymous_62)","line":1242,"loc":{"start":{"line":1242,"column":25},"end":{"line":1242,"column":71}}},"63":{"name":"(anonymous_63)","line":1252,"loc":{"start":{"line":1252,"column":23},"end":{"line":1252,"column":69}}},"64":{"name":"(anonymous_64)","line":1262,"loc":{"start":{"line":1262,"column":30},"end":{"line":1262,"column":42}}},"65":{"name":"(anonymous_65)","line":1270,"loc":{"start":{"line":1270,"column":31},"end":{"line":1270,"column":43}}},"66":{"name":"(anonymous_66)","line":1278,"loc":{"start":{"line":1278,"column":27},"end":{"line":1278,"column":56}}},"67":{"name":"(anonymous_67)","line":1288,"loc":{"start":{"line":1288,"column":27},"end":{"line":1288,"column":44}}},"68":{"name":"(anonymous_68)","line":1298,"loc":{"start":{"line":1298,"column":25},"end":{"line":1298,"column":42}}},"69":{"name":"(anonymous_69)","line":1308,"loc":{"start":{"line":1308,"column":32},"end":{"line":1308,"column":44}}},"70":{"name":"(anonymous_70)","line":1316,"loc":{"start":{"line":1316,"column":33},"end":{"line":1316,"column":45}}},"71":{"name":"(anonymous_71)","line":1328,"loc":{"start":{"line":1328,"column":32},"end":{"line":1328,"column":50}}},"72":{"name":"(anonymous_72)","line":1336,"loc":{"start":{"line":1336,"column":27},"end":{"line":1336,"column":45}}},"73":{"name":"(anonymous_73)","line":1344,"loc":{"start":{"line":1344,"column":35},"end":{"line":1344,"column":53}}},"74":{"name":"(anonymous_74)","line":1352,"loc":{"start":{"line":1352,"column":30},"end":{"line":1352,"column":48}}},"75":{"name":"(anonymous_75)","line":1360,"loc":{"start":{"line":1360,"column":33},"end":{"line":1360,"column":51}}},"76":{"name":"(anonymous_76)","line":1368,"loc":{"start":{"line":1368,"column":28},"end":{"line":1368,"column":46}}},"77":{"name":"(anonymous_77)","line":1375,"loc":{"start":{"line":1375,"column":17},"end":{"line":1375,"column":56}}},"78":{"name":"(anonymous_78)","line":1380,"loc":{"start":{"line":1380,"column":17},"end":{"line":1380,"column":41}}},"79":{"name":"(anonymous_79)","line":1391,"loc":{"start":{"line":1391,"column":26},"end":{"line":1391,"column":48}}},"80":{"name":"(anonymous_80)","line":1399,"loc":{"start":{"line":1399,"column":36},"end":{"line":1399,"column":58}}},"81":{"name":"(anonymous_81)","line":1411,"loc":{"start":{"line":1411,"column":21},"end":{"line":1411,"column":37}}}},"statementMap":{"1":{"start":{"line":1,"column":0},"end":{"line":1,"column":28}},"2":{"start":{"line":12,"column":0},"end":{"line":1448,"column":2}},"3":{"start":{"line":31,"column":8},"end":{"line":1438,"column":10}},"4":{"start":{"line":33,"column":16},"end":{"line":39,"column":17}},"5":{"start":{"line":34,"column":20},"end":{"line":34,"column":27}},"6":{"start":{"line":36,"column":20},"end":{"line":38,"column":21}},"7":{"start":{"line":37,"column":24},"end":{"line":37,"column":54}},"8":{"start":{"line":77,"column":16},"end":{"line":79,"column":17}},"9":{"start":{"line":78,"column":20},"end":{"line":78,"column":46}},"10":{"start":{"line":88,"column":16},"end":{"line":91,"column":51}},"11":{"start":{"line":89,"column":20},"end":{"line":89,"column":47}},"12":{"start":{"line":91,"column":20},"end":{"line":91,"column":51}},"13":{"start":{"line":92,"column":16},"end":{"line":92,"column":65}},"14":{"start":{"line":93,"column":16},"end":{"line":93,"column":28}},"15":{"start":{"line":102,"column":16},"end":{"line":102,"column":38}},"16":{"start":{"line":112,"column":16},"end":{"line":115,"column":76}},"17":{"start":{"line":113,"column":20},"end":{"line":113,"column":53}},"18":{"start":{"line":115,"column":20},"end":{"line":115,"column":76}},"19":{"start":{"line":116,"column":16},"end":{"line":116,"column":41}},"20":{"start":{"line":126,"column":16},"end":{"line":129,"column":72}},"21":{"start":{"line":127,"column":20},"end":{"line":127,"column":49}},"22":{"start":{"line":129,"column":20},"end":{"line":129,"column":72}},"23":{"start":{"line":130,"column":16},"end":{"line":130,"column":39}},"24":{"start":{"line":140,"column":16},"end":{"line":143,"column":68}},"25":{"start":{"line":141,"column":20},"end":{"line":141,"column":45}},"26":{"start":{"line":143,"column":20},"end":{"line":143,"column":68}},"27":{"start":{"line":144,"column":16},"end":{"line":144,"column":28}},"28":{"start":{"line":154,"column":16},"end":{"line":173,"column":17}},"29":{"start":{"line":155,"column":20},"end":{"line":155,"column":70}},"30":{"start":{"line":156,"column":20},"end":{"line":156,"column":33}},"31":{"start":{"line":157,"column":23},"end":{"line":173,"column":17}},"32":{"start":{"line":158,"column":20},"end":{"line":158,"column":74}},"33":{"start":{"line":159,"column":20},"end":{"line":159,"column":33}},"34":{"start":{"line":160,"column":23},"end":{"line":173,"column":17}},"35":{"start":{"line":161,"column":20},"end":{"line":161,"column":72}},"36":{"start":{"line":162,"column":20},"end":{"line":162,"column":33}},"37":{"start":{"line":163,"column":23},"end":{"line":173,"column":17}},"38":{"start":{"line":164,"column":20},"end":{"line":164,"column":71}},"39":{"start":{"line":165,"column":20},"end":{"line":165,"column":33}},"40":{"start":{"line":167,"column":20},"end":{"line":167,"column":71}},"41":{"start":{"line":168,"column":20},"end":{"line":168,"column":62}},"42":{"start":{"line":169,"column":20},"end":{"line":169,"column":70}},"43":{"start":{"line":170,"column":20},"end":{"line":170,"column":66}},"44":{"start":{"line":171,"column":20},"end":{"line":171,"column":64}},"45":{"start":{"line":172,"column":20},"end":{"line":172,"column":32}},"46":{"start":{"line":181,"column":16},"end":{"line":184,"column":17}},"47":{"start":{"line":182,"column":20},"end":{"line":182,"column":52}},"48":{"start":{"line":183,"column":20},"end":{"line":183,"column":30}},"49":{"start":{"line":185,"column":16},"end":{"line":185,"column":35}},"50":{"start":{"line":186,"column":16},"end":{"line":188,"column":63}},"51":{"start":{"line":187,"column":20},"end":{"line":188,"column":63}},"52":{"start":{"line":189,"column":16},"end":{"line":189,"column":33}},"53":{"start":{"line":199,"column":16},"end":{"line":199,"column":38}},"54":{"start":{"line":200,"column":16},"end":{"line":203,"column":73}},"55":{"start":{"line":201,"column":20},"end":{"line":203,"column":73}},"56":{"start":{"line":202,"column":24},"end":{"line":203,"column":73}},"57":{"start":{"line":204,"column":16},"end":{"line":204,"column":36}},"58":{"start":{"line":217,"column":16},"end":{"line":217,"column":39}},"59":{"start":{"line":219,"column":16},"end":{"line":219,"column":32}},"60":{"start":{"line":220,"column":16},"end":{"line":221,"column":32}},"61":{"start":{"line":222,"column":16},"end":{"line":222,"column":33}},"62":{"start":{"line":223,"column":16},"end":{"line":305,"column":17}},"63":{"start":{"line":225,"column":20},"end":{"line":227,"column":39}},"64":{"start":{"line":228,"column":20},"end":{"line":304,"column":21}},"65":{"start":{"line":230,"column":24},"end":{"line":235,"column":25}},"66":{"start":{"line":231,"column":28},"end":{"line":231,"column":73}},"67":{"start":{"line":233,"column":29},"end":{"line":235,"column":25}},"68":{"start":{"line":234,"column":28},"end":{"line":234,"column":73}},"69":{"start":{"line":236,"column":24},"end":{"line":236,"column":62}},"70":{"start":{"line":238,"column":24},"end":{"line":302,"column":25}},"71":{"start":{"line":239,"column":28},"end":{"line":240,"column":48}},"72":{"start":{"line":240,"column":32},"end":{"line":240,"column":48}},"73":{"start":{"line":241,"column":28},"end":{"line":241,"column":62}},"74":{"start":{"line":243,"column":28},"end":{"line":243,"column":67}},"75":{"start":{"line":245,"column":28},"end":{"line":265,"column":29}},"76":{"start":{"line":246,"column":32},"end":{"line":246,"column":68}},"77":{"start":{"line":247,"column":32},"end":{"line":253,"column":33}},"78":{"start":{"line":248,"column":36},"end":{"line":251,"column":38}},"79":{"start":{"line":252,"column":36},"end":{"line":252,"column":72}},"80":{"start":{"line":255,"column":32},"end":{"line":264,"column":33}},"81":{"start":{"line":256,"column":36},"end":{"line":258,"column":74}},"82":{"start":{"line":260,"column":36},"end":{"line":260,"column":59}},"83":{"start":{"line":261,"column":36},"end":{"line":263,"column":38}},"84":{"start":{"line":266,"column":28},"end":{"line":266,"column":67}},"85":{"start":{"line":268,"column":28},"end":{"line":287,"column":29}},"86":{"start":{"line":269,"column":32},"end":{"line":269,"column":50}},"87":{"start":{"line":272,"column":32},"end":{"line":278,"column":33}},"88":{"start":{"line":273,"column":36},"end":{"line":277,"column":37}},"89":{"start":{"line":275,"column":40},"end":{"line":275,"column":53}},"90":{"start":{"line":276,"column":40},"end":{"line":276,"column":46}},"91":{"start":{"line":279,"column":32},"end":{"line":286,"column":33}},"92":{"start":{"line":280,"column":36},"end":{"line":280,"column":70}},"93":{"start":{"line":281,"column":36},"end":{"line":281,"column":65}},"94":{"start":{"line":282,"column":36},"end":{"line":282,"column":70}},"95":{"start":{"line":283,"column":36},"end":{"line":283,"column":61}},"96":{"start":{"line":284,"column":36},"end":{"line":284,"column":58}},"97":{"start":{"line":285,"column":36},"end":{"line":285,"column":61}},"98":{"start":{"line":289,"column":28},"end":{"line":301,"column":29}},"99":{"start":{"line":290,"column":32},"end":{"line":300,"column":33}},"100":{"start":{"line":291,"column":36},"end":{"line":291,"column":65}},"101":{"start":{"line":292,"column":36},"end":{"line":299,"column":37}},"102":{"start":{"line":293,"column":40},"end":{"line":296,"column":42}},"103":{"start":{"line":297,"column":40},"end":{"line":297,"column":98}},"104":{"start":{"line":298,"column":40},"end":{"line":298,"column":69}},"105":{"start":{"line":303,"column":24},"end":{"line":303,"column":61}},"106":{"start":{"line":306,"column":16},"end":{"line":306,"column":35}},"107":{"start":{"line":310,"column":16},"end":{"line":315,"column":17}},"108":{"start":{"line":311,"column":20},"end":{"line":314,"column":68}},"109":{"start":{"line":312,"column":24},"end":{"line":312,"column":40}},"110":{"start":{"line":313,"column":25},"end":{"line":314,"column":68}},"111":{"start":{"line":314,"column":24},"end":{"line":314,"column":68}},"112":{"start":{"line":319,"column":16},"end":{"line":319,"column":42}},"113":{"start":{"line":320,"column":16},"end":{"line":337,"column":17}},"114":{"start":{"line":321,"column":20},"end":{"line":336,"column":62}},"115":{"start":{"line":322,"column":24},"end":{"line":322,"column":76}},"116":{"start":{"line":323,"column":25},"end":{"line":336,"column":62}},"117":{"start":{"line":324,"column":24},"end":{"line":324,"column":33}},"118":{"start":{"line":325,"column":25},"end":{"line":336,"column":62}},"119":{"start":{"line":326,"column":24},"end":{"line":326,"column":52}},"120":{"start":{"line":327,"column":25},"end":{"line":336,"column":62}},"121":{"start":{"line":328,"column":24},"end":{"line":328,"column":73}},"122":{"start":{"line":330,"column":25},"end":{"line":336,"column":62}},"123":{"start":{"line":331,"column":24},"end":{"line":333,"column":83}},"124":{"start":{"line":336,"column":24},"end":{"line":336,"column":62}},"125":{"start":{"line":338,"column":16},"end":{"line":338,"column":45}},"126":{"start":{"line":339,"column":16},"end":{"line":339,"column":40}},"127":{"start":{"line":348,"column":16},"end":{"line":349,"column":44}},"128":{"start":{"line":349,"column":20},"end":{"line":349,"column":44}},"129":{"start":{"line":350,"column":16},"end":{"line":350,"column":39}},"130":{"start":{"line":351,"column":16},"end":{"line":352,"column":30}},"131":{"start":{"line":353,"column":16},"end":{"line":360,"column":17}},"132":{"start":{"line":354,"column":20},"end":{"line":355,"column":70}},"133":{"start":{"line":355,"column":24},"end":{"line":355,"column":70}},"134":{"start":{"line":356,"column":20},"end":{"line":356,"column":84}},"135":{"start":{"line":357,"column":20},"end":{"line":359,"column":89}},"136":{"start":{"line":358,"column":24},"end":{"line":359,"column":89}},"137":{"start":{"line":361,"column":16},"end":{"line":362,"column":77}},"138":{"start":{"line":362,"column":20},"end":{"line":362,"column":77}},"139":{"start":{"line":363,"column":16},"end":{"line":366,"column":17}},"140":{"start":{"line":364,"column":20},"end":{"line":365,"column":79}},"141":{"start":{"line":365,"column":24},"end":{"line":365,"column":79}},"142":{"start":{"line":367,"column":16},"end":{"line":367,"column":28}},"143":{"start":{"line":376,"column":16},"end":{"line":376,"column":60}},"144":{"start":{"line":377,"column":16},"end":{"line":388,"column":33}},"145":{"start":{"line":378,"column":16},"end":{"line":386,"column":18}},"146":{"start":{"line":380,"column":24},"end":{"line":381,"column":38}},"147":{"start":{"line":381,"column":28},"end":{"line":381,"column":38}},"148":{"start":{"line":382,"column":24},"end":{"line":383,"column":37}},"149":{"start":{"line":383,"column":28},"end":{"line":383,"column":37}},"150":{"start":{"line":384,"column":24},"end":{"line":384,"column":33}},"151":{"start":{"line":388,"column":20},"end":{"line":388,"column":33}},"152":{"start":{"line":398,"column":16},"end":{"line":398,"column":30}},"153":{"start":{"line":399,"column":16},"end":{"line":406,"column":17}},"154":{"start":{"line":400,"column":20},"end":{"line":405,"column":21}},"155":{"start":{"line":401,"column":24},"end":{"line":401,"column":95}},"156":{"start":{"line":402,"column":24},"end":{"line":402,"column":60}},"157":{"start":{"line":403,"column":24},"end":{"line":404,"column":50}},"158":{"start":{"line":404,"column":28},"end":{"line":404,"column":50}},"159":{"start":{"line":407,"column":16},"end":{"line":407,"column":33}},"160":{"start":{"line":411,"column":16},"end":{"line":420,"column":17}},"161":{"start":{"line":412,"column":20},"end":{"line":419,"column":21}},"162":{"start":{"line":414,"column":24},"end":{"line":414,"column":57}},"163":{"start":{"line":415,"column":24},"end":{"line":416,"column":92}},"164":{"start":{"line":418,"column":24},"end":{"line":418,"column":61}},"165":{"start":{"line":421,"column":16},"end":{"line":421,"column":42}},"166":{"start":{"line":429,"column":16},"end":{"line":444,"column":17}},"167":{"start":{"line":430,"column":20},"end":{"line":441,"column":21}},"168":{"start":{"line":433,"column":24},"end":{"line":440,"column":25}},"169":{"start":{"line":434,"column":28},"end":{"line":439,"column":29}},"170":{"start":{"line":435,"column":32},"end":{"line":435,"column":69}},"171":{"start":{"line":436,"column":32},"end":{"line":437,"column":91}},"172":{"start":{"line":438,"column":32},"end":{"line":438,"column":74}},"173":{"start":{"line":442,"column":20},"end":{"line":443,"column":70}},"174":{"start":{"line":443,"column":24},"end":{"line":443,"column":70}},"175":{"start":{"line":452,"column":16},"end":{"line":452,"column":53}},"176":{"start":{"line":453,"column":16},"end":{"line":453,"column":36}},"177":{"start":{"line":454,"column":16},"end":{"line":469,"column":17}},"178":{"start":{"line":455,"column":20},"end":{"line":457,"column":22}},"179":{"start":{"line":458,"column":20},"end":{"line":462,"column":26}},"180":{"start":{"line":463,"column":20},"end":{"line":463,"column":78}},"181":{"start":{"line":464,"column":23},"end":{"line":469,"column":17}},"182":{"start":{"line":465,"column":20},"end":{"line":465,"column":61}},"183":{"start":{"line":468,"column":20},"end":{"line":468,"column":27}},"184":{"start":{"line":470,"column":16},"end":{"line":473,"column":17}},"185":{"start":{"line":471,"column":20},"end":{"line":472,"column":80}},"186":{"start":{"line":474,"column":16},"end":{"line":475,"column":60}},"187":{"start":{"line":475,"column":20},"end":{"line":475,"column":60}},"188":{"start":{"line":476,"column":16},"end":{"line":476,"column":70}},"189":{"start":{"line":477,"column":16},"end":{"line":478,"column":50}},"190":{"start":{"line":479,"column":16},"end":{"line":482,"column":52}},"191":{"start":{"line":483,"column":16},"end":{"line":486,"column":53}},"192":{"start":{"line":488,"column":16},"end":{"line":492,"column":46}},"193":{"start":{"line":493,"column":16},"end":{"line":493,"column":37}},"194":{"start":{"line":494,"column":16},"end":{"line":497,"column":18}},"195":{"start":{"line":501,"column":16},"end":{"line":501,"column":78}},"196":{"start":{"line":502,"column":16},"end":{"line":502,"column":73}},"197":{"start":{"line":505,"column":16},"end":{"line":509,"column":18}},"198":{"start":{"line":510,"column":16},"end":{"line":512,"column":72}},"199":{"start":{"line":513,"column":16},"end":{"line":515,"column":72}},"200":{"start":{"line":517,"column":16},"end":{"line":518,"column":72}},"201":{"start":{"line":518,"column":20},"end":{"line":518,"column":72}},"202":{"start":{"line":519,"column":16},"end":{"line":529,"column":17}},"203":{"start":{"line":520,"column":20},"end":{"line":520,"column":76}},"204":{"start":{"line":521,"column":20},"end":{"line":525,"column":21}},"205":{"start":{"line":522,"column":24},"end":{"line":524,"column":43}},"206":{"start":{"line":526,"column":20},"end":{"line":528,"column":31}},"207":{"start":{"line":530,"column":16},"end":{"line":530,"column":68}},"208":{"start":{"line":541,"column":16},"end":{"line":541,"column":65}},"209":{"start":{"line":542,"column":16},"end":{"line":542,"column":38}},"210":{"start":{"line":543,"column":16},"end":{"line":543,"column":41}},"211":{"start":{"line":544,"column":16},"end":{"line":565,"column":17}},"212":{"start":{"line":545,"column":20},"end":{"line":550,"column":54}},"213":{"start":{"line":551,"column":20},"end":{"line":551,"column":76}},"214":{"start":{"line":552,"column":20},"end":{"line":564,"column":21}},"215":{"start":{"line":553,"column":24},"end":{"line":554,"column":87}},"216":{"start":{"line":555,"column":24},"end":{"line":563,"column":25}},"217":{"start":{"line":556,"column":28},"end":{"line":557,"column":55}},"218":{"start":{"line":557,"column":32},"end":{"line":557,"column":55}},"219":{"start":{"line":558,"column":28},"end":{"line":562,"column":29}},"220":{"start":{"line":559,"column":32},"end":{"line":561,"column":34}},"221":{"start":{"line":566,"column":16},"end":{"line":566,"column":36}},"222":{"start":{"line":574,"column":16},"end":{"line":574,"column":40}},"223":{"start":{"line":575,"column":16},"end":{"line":575,"column":33}},"224":{"start":{"line":576,"column":16},"end":{"line":590,"column":17}},"225":{"start":{"line":577,"column":20},"end":{"line":583,"column":26}},"226":{"start":{"line":584,"column":20},"end":{"line":584,"column":72}},"227":{"start":{"line":585,"column":23},"end":{"line":590,"column":17}},"228":{"start":{"line":586,"column":20},"end":{"line":586,"column":55}},"229":{"start":{"line":589,"column":20},"end":{"line":589,"column":27}},"230":{"start":{"line":591,"column":16},"end":{"line":593,"column":17}},"231":{"start":{"line":592,"column":20},"end":{"line":592,"column":95}},"232":{"start":{"line":594,"column":16},"end":{"line":595,"column":57}},"233":{"start":{"line":595,"column":20},"end":{"line":595,"column":57}},"234":{"start":{"line":596,"column":16},"end":{"line":596,"column":64}},"235":{"start":{"line":597,"column":16},"end":{"line":598,"column":47}},"236":{"start":{"line":599,"column":16},"end":{"line":602,"column":52}},"237":{"start":{"line":603,"column":16},"end":{"line":606,"column":53}},"238":{"start":{"line":607,"column":16},"end":{"line":611,"column":46}},"239":{"start":{"line":612,"column":16},"end":{"line":612,"column":37}},"240":{"start":{"line":613,"column":16},"end":{"line":616,"column":18}},"241":{"start":{"line":620,"column":16},"end":{"line":621,"column":69}},"242":{"start":{"line":621,"column":20},"end":{"line":621,"column":69}},"243":{"start":{"line":622,"column":16},"end":{"line":622,"column":72}},"244":{"start":{"line":624,"column":16},"end":{"line":629,"column":46}},"245":{"start":{"line":625,"column":20},"end":{"line":625,"column":72}},"246":{"start":{"line":626,"column":21},"end":{"line":629,"column":46}},"247":{"start":{"line":627,"column":20},"end":{"line":627,"column":69}},"248":{"start":{"line":629,"column":20},"end":{"line":629,"column":46}},"249":{"start":{"line":630,"column":16},"end":{"line":632,"column":17}},"250":{"start":{"line":631,"column":20},"end":{"line":631,"column":64}},"251":{"start":{"line":633,"column":16},"end":{"line":633,"column":65}},"252":{"start":{"line":637,"column":16},"end":{"line":640,"column":26}},"253":{"start":{"line":641,"column":16},"end":{"line":641,"column":36}},"254":{"start":{"line":642,"column":16},"end":{"line":653,"column":17}},"255":{"start":{"line":643,"column":20},"end":{"line":643,"column":31}},"256":{"start":{"line":644,"column":20},"end":{"line":644,"column":70}},"257":{"start":{"line":645,"column":20},"end":{"line":650,"column":21}},"258":{"start":{"line":646,"column":24},"end":{"line":649,"column":101}},"259":{"start":{"line":651,"column":20},"end":{"line":651,"column":62}},"260":{"start":{"line":652,"column":20},"end":{"line":652,"column":44}},"261":{"start":{"line":654,"column":16},"end":{"line":654,"column":28}},"262":{"start":{"line":665,"column":16},"end":{"line":671,"column":17}},"263":{"start":{"line":666,"column":20},"end":{"line":667,"column":90}},"264":{"start":{"line":668,"column":20},"end":{"line":670,"column":100}},"265":{"start":{"line":669,"column":24},"end":{"line":670,"column":100}},"266":{"start":{"line":672,"column":16},"end":{"line":672,"column":39}},"267":{"start":{"line":684,"column":16},"end":{"line":685,"column":34}},"268":{"start":{"line":685,"column":20},"end":{"line":685,"column":34}},"269":{"start":{"line":686,"column":16},"end":{"line":716,"column":17}},"270":{"start":{"line":687,"column":20},"end":{"line":689,"column":26}},"271":{"start":{"line":690,"column":20},"end":{"line":709,"column":21}},"272":{"start":{"line":691,"column":24},"end":{"line":694,"column":54}},"273":{"start":{"line":695,"column":24},"end":{"line":700,"column":92}},"274":{"start":{"line":697,"column":28},"end":{"line":697,"column":51}},"275":{"start":{"line":699,"column":28},"end":{"line":700,"column":92}},"276":{"start":{"line":701,"column":24},"end":{"line":703,"column":25}},"277":{"start":{"line":702,"column":28},"end":{"line":702,"column":44}},"278":{"start":{"line":704,"column":27},"end":{"line":709,"column":21}},"279":{"start":{"line":705,"column":24},"end":{"line":705,"column":47}},"280":{"start":{"line":706,"column":24},"end":{"line":708,"column":25}},"281":{"start":{"line":707,"column":28},"end":{"line":707,"column":44}},"282":{"start":{"line":711,"column":20},"end":{"line":711,"column":39}},"283":{"start":{"line":712,"column":20},"end":{"line":715,"column":73}},"284":{"start":{"line":717,"column":16},"end":{"line":717,"column":39}},"285":{"start":{"line":727,"column":16},"end":{"line":728,"column":34}},"286":{"start":{"line":728,"column":20},"end":{"line":728,"column":34}},"287":{"start":{"line":729,"column":16},"end":{"line":729,"column":30}},"288":{"start":{"line":730,"column":16},"end":{"line":777,"column":21}},"289":{"start":{"line":731,"column":20},"end":{"line":777,"column":21}},"290":{"start":{"line":732,"column":24},"end":{"line":733,"column":36}},"291":{"start":{"line":734,"column":24},"end":{"line":739,"column":25}},"292":{"start":{"line":736,"column":28},"end":{"line":738,"column":35}},"293":{"start":{"line":740,"column":24},"end":{"line":745,"column":55}},"294":{"start":{"line":746,"column":24},"end":{"line":746,"column":75}},"295":{"start":{"line":747,"column":24},"end":{"line":776,"column":25}},"296":{"start":{"line":748,"column":28},"end":{"line":750,"column":83}},"297":{"start":{"line":751,"column":28},"end":{"line":751,"column":63}},"298":{"start":{"line":752,"column":28},"end":{"line":752,"column":40}},"299":{"start":{"line":753,"column":28},"end":{"line":753,"column":43}},"300":{"start":{"line":754,"column":31},"end":{"line":776,"column":25}},"301":{"start":{"line":755,"column":28},"end":{"line":757,"column":80}},"302":{"start":{"line":758,"column":28},"end":{"line":758,"column":63}},"303":{"start":{"line":759,"column":28},"end":{"line":759,"column":40}},"304":{"start":{"line":760,"column":28},"end":{"line":760,"column":43}},"305":{"start":{"line":761,"column":31},"end":{"line":776,"column":25}},"306":{"start":{"line":763,"column":28},"end":{"line":763,"column":43}},"307":{"start":{"line":764,"column":28},"end":{"line":766,"column":70}},"308":{"start":{"line":767,"column":28},"end":{"line":767,"column":63}},"309":{"start":{"line":768,"column":28},"end":{"line":768,"column":60}},"310":{"start":{"line":770,"column":28},"end":{"line":770,"column":43}},"311":{"start":{"line":771,"column":28},"end":{"line":773,"column":90}},"312":{"start":{"line":774,"column":28},"end":{"line":774,"column":40}},"313":{"start":{"line":775,"column":28},"end":{"line":775,"column":57}},"314":{"start":{"line":778,"column":16},"end":{"line":781,"column":18}},"315":{"start":{"line":793,"column":16},"end":{"line":796,"column":80}},"316":{"start":{"line":797,"column":16},"end":{"line":810,"column":17}},"317":{"start":{"line":798,"column":20},"end":{"line":803,"column":75}},"318":{"start":{"line":804,"column":20},"end":{"line":809,"column":81}},"319":{"start":{"line":811,"column":16},"end":{"line":811,"column":49}},"320":{"start":{"line":812,"column":16},"end":{"line":812,"column":31}},"321":{"start":{"line":813,"column":16},"end":{"line":813,"column":28}},"322":{"start":{"line":821,"column":16},"end":{"line":823,"column":46}},"323":{"start":{"line":824,"column":16},"end":{"line":835,"column":17}},"324":{"start":{"line":825,"column":20},"end":{"line":828,"column":81}},"325":{"start":{"line":829,"column":20},"end":{"line":834,"column":81}},"326":{"start":{"line":836,"column":16},"end":{"line":836,"column":29}},"327":{"start":{"line":846,"column":16},"end":{"line":848,"column":37}},"328":{"start":{"line":849,"column":16},"end":{"line":849,"column":44}},"329":{"start":{"line":850,"column":16},"end":{"line":863,"column":17}},"330":{"start":{"line":851,"column":20},"end":{"line":856,"column":79}},"331":{"start":{"line":857,"column":20},"end":{"line":862,"column":81}},"332":{"start":{"line":864,"column":16},"end":{"line":864,"column":29}},"333":{"start":{"line":875,"column":16},"end":{"line":875,"column":65}},"334":{"start":{"line":886,"column":16},"end":{"line":888,"column":17}},"335":{"start":{"line":887,"column":20},"end":{"line":887,"column":60}},"336":{"start":{"line":889,"column":16},"end":{"line":889,"column":31}},"337":{"start":{"line":900,"column":16},"end":{"line":901,"column":29}},"338":{"start":{"line":901,"column":20},"end":{"line":901,"column":29}},"339":{"start":{"line":902,"column":16},"end":{"line":913,"column":17}},"340":{"start":{"line":903,"column":20},"end":{"line":903,"column":43}},"341":{"start":{"line":904,"column":20},"end":{"line":906,"column":21}},"342":{"start":{"line":905,"column":24},"end":{"line":905,"column":99}},"343":{"start":{"line":907,"column":23},"end":{"line":913,"column":17}},"344":{"start":{"line":910,"column":20},"end":{"line":910,"column":29}},"345":{"start":{"line":912,"column":20},"end":{"line":912,"column":29}},"346":{"start":{"line":914,"column":16},"end":{"line":914,"column":45}},"347":{"start":{"line":915,"column":16},"end":{"line":918,"column":18}},"348":{"start":{"line":926,"column":16},"end":{"line":927,"column":69}},"349":{"start":{"line":927,"column":20},"end":{"line":927,"column":69}},"350":{"start":{"line":928,"column":16},"end":{"line":928,"column":39}},"351":{"start":{"line":930,"column":16},"end":{"line":930,"column":85}},"352":{"start":{"line":931,"column":16},"end":{"line":931,"column":75}},"353":{"start":{"line":932,"column":16},"end":{"line":932,"column":48}},"354":{"start":{"line":934,"column":16},"end":{"line":934,"column":76}},"355":{"start":{"line":935,"column":16},"end":{"line":936,"column":37}},"356":{"start":{"line":936,"column":20},"end":{"line":936,"column":37}},"357":{"start":{"line":937,"column":16},"end":{"line":937,"column":73}},"358":{"start":{"line":938,"column":16},"end":{"line":938,"column":45}},"359":{"start":{"line":940,"column":16},"end":{"line":947,"column":43}},"360":{"start":{"line":941,"column":20},"end":{"line":941,"column":43}},"361":{"start":{"line":942,"column":20},"end":{"line":942,"column":61}},"362":{"start":{"line":943,"column":20},"end":{"line":943,"column":75}},"363":{"start":{"line":944,"column":20},"end":{"line":944,"column":86}},"364":{"start":{"line":947,"column":20},"end":{"line":947,"column":43}},"365":{"start":{"line":949,"column":16},"end":{"line":949,"column":82}},"366":{"start":{"line":950,"column":16},"end":{"line":950,"column":66}},"367":{"start":{"line":951,"column":16},"end":{"line":951,"column":67}},"368":{"start":{"line":952,"column":16},"end":{"line":952,"column":59}},"369":{"start":{"line":953,"column":16},"end":{"line":953,"column":43}},"370":{"start":{"line":957,"column":16},"end":{"line":961,"column":18}},"371":{"start":{"line":965,"column":16},"end":{"line":969,"column":18}},"372":{"start":{"line":998,"column":16},"end":{"line":998,"column":39}},"373":{"start":{"line":1002,"column":16},"end":{"line":1002,"column":81}},"374":{"start":{"line":1003,"column":16},"end":{"line":1005,"column":38}},"375":{"start":{"line":1009,"column":16},"end":{"line":1009,"column":37}},"376":{"start":{"line":1010,"column":16},"end":{"line":1016,"column":17}},"377":{"start":{"line":1011,"column":20},"end":{"line":1011,"column":73}},"378":{"start":{"line":1012,"column":20},"end":{"line":1015,"column":50}},"379":{"start":{"line":1013,"column":24},"end":{"line":1013,"column":66}},"380":{"start":{"line":1015,"column":24},"end":{"line":1015,"column":50}},"381":{"start":{"line":1017,"column":16},"end":{"line":1017,"column":35}},"382":{"start":{"line":1021,"column":16},"end":{"line":1021,"column":84}},"383":{"start":{"line":1022,"column":16},"end":{"line":1024,"column":38}},"384":{"start":{"line":1028,"column":16},"end":{"line":1028,"column":40}},"385":{"start":{"line":1029,"column":16},"end":{"line":1035,"column":17}},"386":{"start":{"line":1030,"column":20},"end":{"line":1030,"column":76}},"387":{"start":{"line":1031,"column":20},"end":{"line":1034,"column":53}},"388":{"start":{"line":1032,"column":24},"end":{"line":1032,"column":72}},"389":{"start":{"line":1034,"column":24},"end":{"line":1034,"column":53}},"390":{"start":{"line":1036,"column":16},"end":{"line":1036,"column":38}},"391":{"start":{"line":1040,"column":16},"end":{"line":1042,"column":17}},"392":{"start":{"line":1041,"column":20},"end":{"line":1041,"column":91}},"393":{"start":{"line":1043,"column":16},"end":{"line":1047,"column":17}},"394":{"start":{"line":1044,"column":20},"end":{"line":1046,"column":33}},"395":{"start":{"line":1046,"column":24},"end":{"line":1046,"column":33}},"396":{"start":{"line":1048,"column":16},"end":{"line":1048,"column":26}},"397":{"start":{"line":1052,"column":16},"end":{"line":1054,"column":17}},"398":{"start":{"line":1053,"column":20},"end":{"line":1053,"column":97}},"399":{"start":{"line":1055,"column":16},"end":{"line":1059,"column":17}},"400":{"start":{"line":1056,"column":20},"end":{"line":1058,"column":33}},"401":{"start":{"line":1058,"column":24},"end":{"line":1058,"column":33}},"402":{"start":{"line":1060,"column":16},"end":{"line":1060,"column":26}},"403":{"start":{"line":1064,"column":16},"end":{"line":1066,"column":24}},"404":{"start":{"line":1067,"column":16},"end":{"line":1070,"column":17}},"405":{"start":{"line":1068,"column":20},"end":{"line":1068,"column":36}},"406":{"start":{"line":1069,"column":20},"end":{"line":1069,"column":39}},"407":{"start":{"line":1071,"column":16},"end":{"line":1071,"column":31}},"408":{"start":{"line":1075,"column":16},"end":{"line":1077,"column":17}},"409":{"start":{"line":1076,"column":20},"end":{"line":1076,"column":91}},"410":{"start":{"line":1078,"column":16},"end":{"line":1078,"column":40}},"411":{"start":{"line":1082,"column":16},"end":{"line":1084,"column":17}},"412":{"start":{"line":1083,"column":20},"end":{"line":1083,"column":97}},"413":{"start":{"line":1085,"column":16},"end":{"line":1085,"column":43}},"414":{"start":{"line":1089,"column":16},"end":{"line":1091,"column":17}},"415":{"start":{"line":1090,"column":20},"end":{"line":1090,"column":91}},"416":{"start":{"line":1092,"column":16},"end":{"line":1092,"column":40}},"417":{"start":{"line":1096,"column":16},"end":{"line":1098,"column":17}},"418":{"start":{"line":1097,"column":20},"end":{"line":1097,"column":97}},"419":{"start":{"line":1099,"column":16},"end":{"line":1099,"column":50}},"420":{"start":{"line":1103,"column":16},"end":{"line":1103,"column":32}},"421":{"start":{"line":1104,"column":16},"end":{"line":1115,"column":17}},"422":{"start":{"line":1105,"column":20},"end":{"line":1112,"column":21}},"423":{"start":{"line":1106,"column":24},"end":{"line":1106,"column":40}},"424":{"start":{"line":1108,"column":25},"end":{"line":1112,"column":21}},"425":{"start":{"line":1109,"column":24},"end":{"line":1111,"column":75}},"426":{"start":{"line":1113,"column":20},"end":{"line":1114,"column":30}},"427":{"start":{"line":1114,"column":24},"end":{"line":1114,"column":30}},"428":{"start":{"line":1116,"column":16},"end":{"line":1116,"column":28}},"429":{"start":{"line":1120,"column":16},"end":{"line":1121,"column":25}},"430":{"start":{"line":1122,"column":16},"end":{"line":1133,"column":27}},"431":{"start":{"line":1123,"column":20},"end":{"line":1124,"column":34}},"432":{"start":{"line":1124,"column":24},"end":{"line":1124,"column":34}},"433":{"start":{"line":1125,"column":20},"end":{"line":1125,"column":47}},"434":{"start":{"line":1127,"column":21},"end":{"line":1133,"column":27}},"435":{"start":{"line":1128,"column":20},"end":{"line":1129,"column":34}},"436":{"start":{"line":1129,"column":24},"end":{"line":1129,"column":34}},"437":{"start":{"line":1130,"column":20},"end":{"line":1130,"column":50}},"438":{"start":{"line":1133,"column":20},"end":{"line":1133,"column":27}},"439":{"start":{"line":1134,"column":16},"end":{"line":1146,"column":17}},"440":{"start":{"line":1135,"column":20},"end":{"line":1145,"column":34}},"441":{"start":{"line":1136,"column":24},"end":{"line":1136,"column":44}},"442":{"start":{"line":1138,"column":25},"end":{"line":1145,"column":34}},"443":{"start":{"line":1139,"column":24},"end":{"line":1141,"column":83}},"444":{"start":{"line":1142,"column":24},"end":{"line":1143,"column":57}},"445":{"start":{"line":1143,"column":28},"end":{"line":1143,"column":57}},"446":{"start":{"line":1145,"column":25},"end":{"line":1145,"column":34}},"447":{"start":{"line":1147,"column":16},"end":{"line":1147,"column":28}},"448":{"start":{"line":1151,"column":16},"end":{"line":1151,"column":33}},"449":{"start":{"line":1152,"column":16},"end":{"line":1169,"column":17}},"450":{"start":{"line":1153,"column":20},"end":{"line":1153,"column":30}},"451":{"start":{"line":1155,"column":20},"end":{"line":1168,"column":21}},"452":{"start":{"line":1156,"column":24},"end":{"line":1167,"column":25}},"453":{"start":{"line":1158,"column":28},"end":{"line":1158,"column":113}},"454":{"start":{"line":1159,"column":31},"end":{"line":1167,"column":25}},"455":{"start":{"line":1160,"column":28},"end":{"line":1160,"column":107}},"456":{"start":{"line":1161,"column":28},"end":{"line":1162,"column":74}},"457":{"start":{"line":1162,"column":32},"end":{"line":1162,"column":74}},"458":{"start":{"line":1163,"column":31},"end":{"line":1167,"column":25}},"459":{"start":{"line":1164,"column":28},"end":{"line":1164,"column":87}},"460":{"start":{"line":1165,"column":31},"end":{"line":1167,"column":25}},"461":{"start":{"line":1166,"column":28},"end":{"line":1166,"column":88}},"462":{"start":{"line":1170,"column":16},"end":{"line":1171,"column":27}},"463":{"start":{"line":1171,"column":20},"end":{"line":1171,"column":27}},"464":{"start":{"line":1172,"column":16},"end":{"line":1172,"column":31}},"465":{"start":{"line":1183,"column":16},"end":{"line":1183,"column":33}},"466":{"start":{"line":1184,"column":16},"end":{"line":1195,"column":17}},"467":{"start":{"line":1185,"column":20},"end":{"line":1191,"column":69}},"468":{"start":{"line":1188,"column":24},"end":{"line":1188,"column":81}},"469":{"start":{"line":1189,"column":25},"end":{"line":1191,"column":69}},"470":{"start":{"line":1191,"column":24},"end":{"line":1191,"column":69}},"471":{"start":{"line":1192,"column":20},"end":{"line":1194,"column":72}},"472":{"start":{"line":1193,"column":24},"end":{"line":1194,"column":72}},"473":{"start":{"line":1196,"column":16},"end":{"line":1196,"column":31}},"474":{"start":{"line":1224,"column":16},"end":{"line":1224,"column":57}},"475":{"start":{"line":1225,"column":16},"end":{"line":1225,"column":113}},"476":{"start":{"line":1226,"column":16},"end":{"line":1235,"column":17}},"477":{"start":{"line":1227,"column":20},"end":{"line":1234,"column":49}},"478":{"start":{"line":1243,"column":16},"end":{"line":1244,"column":55}},"479":{"start":{"line":1244,"column":20},"end":{"line":1244,"column":55}},"480":{"start":{"line":1253,"column":16},"end":{"line":1254,"column":53}},"481":{"start":{"line":1254,"column":20},"end":{"line":1254,"column":53}},"482":{"start":{"line":1279,"column":16},"end":{"line":1280,"column":69}},"483":{"start":{"line":1280,"column":20},"end":{"line":1280,"column":69}},"484":{"start":{"line":1289,"column":16},"end":{"line":1290,"column":57}},"485":{"start":{"line":1290,"column":20},"end":{"line":1290,"column":57}},"486":{"start":{"line":1299,"column":16},"end":{"line":1300,"column":55}},"487":{"start":{"line":1300,"column":20},"end":{"line":1300,"column":55}},"488":{"start":{"line":1376,"column":16},"end":{"line":1376,"column":51}},"489":{"start":{"line":1377,"column":16},"end":{"line":1377,"column":28}},"490":{"start":{"line":1381,"column":16},"end":{"line":1384,"column":32}},"491":{"start":{"line":1382,"column":20},"end":{"line":1382,"column":46}},"492":{"start":{"line":1384,"column":20},"end":{"line":1384,"column":32}},"493":{"start":{"line":1392,"column":16},"end":{"line":1396,"column":17}},"494":{"start":{"line":1393,"column":20},"end":{"line":1393,"column":43}},"495":{"start":{"line":1395,"column":20},"end":{"line":1395,"column":44}},"496":{"start":{"line":1400,"column":16},"end":{"line":1404,"column":17}},"497":{"start":{"line":1401,"column":20},"end":{"line":1401,"column":45}},"498":{"start":{"line":1403,"column":20},"end":{"line":1403,"column":46}},"499":{"start":{"line":1412,"column":16},"end":{"line":1412,"column":39}},"500":{"start":{"line":1413,"column":16},"end":{"line":1413,"column":58}},"501":{"start":{"line":1414,"column":16},"end":{"line":1414,"column":65}},"502":{"start":{"line":1415,"column":16},"end":{"line":1421,"column":17}},"503":{"start":{"line":1416,"column":20},"end":{"line":1416,"column":79}},"504":{"start":{"line":1417,"column":20},"end":{"line":1417,"column":43}},"505":{"start":{"line":1418,"column":23},"end":{"line":1421,"column":17}},"506":{"start":{"line":1419,"column":20},"end":{"line":1419,"column":73}},"507":{"start":{"line":1420,"column":20},"end":{"line":1420,"column":37}},"508":{"start":{"line":1422,"column":16},"end":{"line":1423,"column":71}},"509":{"start":{"line":1423,"column":20},"end":{"line":1423,"column":71}},"510":{"start":{"line":1425,"column":16},"end":{"line":1425,"column":71}},"511":{"start":{"line":1426,"column":16},"end":{"line":1429,"column":48}},"512":{"start":{"line":1427,"column":20},"end":{"line":1427,"column":96}},"513":{"start":{"line":1429,"column":20},"end":{"line":1429,"column":48}},"514":{"start":{"line":1430,"column":16},"end":{"line":1430,"column":52}},"515":{"start":{"line":1432,"column":16},"end":{"line":1432,"column":82}},"516":{"start":{"line":1433,"column":16},"end":{"line":1433,"column":66}},"517":{"start":{"line":1434,"column":16},"end":{"line":1434,"column":67}},"518":{"start":{"line":1436,"column":16},"end":{"line":1436,"column":53}},"519":{"start":{"line":1439,"column":8},"end":{"line":1439,"column":34}},"520":{"start":{"line":1441,"column":8},"end":{"line":1441,"column":29}},"521":{"start":{"line":1444,"column":8},"end":{"line":1444,"column":39}},"522":{"start":{"line":1446,"column":8},"end":{"line":1446,"column":24}}},"branchMap":{"1":{"line":1,"type":"binary-expr","locations":[{"start":{"line":1,"column":14},"end":{"line":1,"column":20}},{"start":{"line":1,"column":24},"end":{"line":1,"column":26}}]},"2":{"line":33,"type":"if","locations":[{"start":{"line":33,"column":16},"end":{"line":33,"column":16}},{"start":{"line":33,"column":16},"end":{"line":33,"column":16}}]},"3":{"line":88,"type":"if","locations":[{"start":{"line":88,"column":16},"end":{"line":88,"column":16}},{"start":{"line":88,"column":16},"end":{"line":88,"column":16}}]},"4":{"line":112,"type":"if","locations":[{"start":{"line":112,"column":16},"end":{"line":112,"column":16}},{"start":{"line":112,"column":16},"end":{"line":112,"column":16}}]},"5":{"line":126,"type":"if","locations":[{"start":{"line":126,"column":16},"end":{"line":126,"column":16}},{"start":{"line":126,"column":16},"end":{"line":126,"column":16}}]},"6":{"line":140,"type":"if","locations":[{"start":{"line":140,"column":16},"end":{"line":140,"column":16}},{"start":{"line":140,"column":16},"end":{"line":140,"column":16}}]},"7":{"line":154,"type":"if","locations":[{"start":{"line":154,"column":16},"end":{"line":154,"column":16}},{"start":{"line":154,"column":16},"end":{"line":154,"column":16}}]},"8":{"line":157,"type":"if","locations":[{"start":{"line":157,"column":23},"end":{"line":157,"column":23}},{"start":{"line":157,"column":23},"end":{"line":157,"column":23}}]},"9":{"line":160,"type":"if","locations":[{"start":{"line":160,"column":23},"end":{"line":160,"column":23}},{"start":{"line":160,"column":23},"end":{"line":160,"column":23}}]},"10":{"line":163,"type":"if","locations":[{"start":{"line":163,"column":23},"end":{"line":163,"column":23}},{"start":{"line":163,"column":23},"end":{"line":163,"column":23}}]},"11":{"line":181,"type":"if","locations":[{"start":{"line":181,"column":16},"end":{"line":181,"column":16}},{"start":{"line":181,"column":16},"end":{"line":181,"column":16}}]},"12":{"line":200,"type":"if","locations":[{"start":{"line":200,"column":16},"end":{"line":200,"column":16}},{"start":{"line":200,"column":16},"end":{"line":200,"column":16}}]},"13":{"line":230,"type":"if","locations":[{"start":{"line":230,"column":24},"end":{"line":230,"column":24}},{"start":{"line":230,"column":24},"end":{"line":230,"column":24}}]},"14":{"line":233,"type":"if","locations":[{"start":{"line":233,"column":29},"end":{"line":233,"column":29}},{"start":{"line":233,"column":29},"end":{"line":233,"column":29}}]},"15":{"line":238,"type":"if","locations":[{"start":{"line":238,"column":24},"end":{"line":238,"column":24}},{"start":{"line":238,"column":24},"end":{"line":238,"column":24}}]},"16":{"line":239,"type":"if","locations":[{"start":{"line":239,"column":28},"end":{"line":239,"column":28}},{"start":{"line":239,"column":28},"end":{"line":239,"column":28}}]},"17":{"line":245,"type":"if","locations":[{"start":{"line":245,"column":28},"end":{"line":245,"column":28}},{"start":{"line":245,"column":28},"end":{"line":245,"column":28}}]},"18":{"line":247,"type":"if","locations":[{"start":{"line":247,"column":32},"end":{"line":247,"column":32}},{"start":{"line":247,"column":32},"end":{"line":247,"column":32}}]},"19":{"line":255,"type":"if","locations":[{"start":{"line":255,"column":32},"end":{"line":255,"column":32}},{"start":{"line":255,"column":32},"end":{"line":255,"column":32}}]},"20":{"line":255,"type":"binary-expr","locations":[{"start":{"line":255,"column":36},"end":{"line":255,"column":68}},{"start":{"line":255,"column":72},"end":{"line":255,"column":91}}]},"21":{"line":268,"type":"if","locations":[{"start":{"line":268,"column":28},"end":{"line":268,"column":28}},{"start":{"line":268,"column":28},"end":{"line":268,"column":28}}]},"22":{"line":273,"type":"if","locations":[{"start":{"line":273,"column":36},"end":{"line":273,"column":36}},{"start":{"line":273,"column":36},"end":{"line":273,"column":36}}]},"23":{"line":273,"type":"binary-expr","locations":[{"start":{"line":273,"column":40},"end":{"line":273,"column":56}},{"start":{"line":274,"column":40},"end":{"line":274,"column":84}}]},"24":{"line":279,"type":"if","locations":[{"start":{"line":279,"column":32},"end":{"line":279,"column":32}},{"start":{"line":279,"column":32},"end":{"line":279,"column":32}}]},"25":{"line":279,"type":"binary-expr","locations":[{"start":{"line":279,"column":36},"end":{"line":279,"column":50}},{"start":{"line":279,"column":54},"end":{"line":279,"column":69}}]},"26":{"line":289,"type":"if","locations":[{"start":{"line":289,"column":28},"end":{"line":289,"column":28}},{"start":{"line":289,"column":28},"end":{"line":289,"column":28}}]},"27":{"line":290,"type":"if","locations":[{"start":{"line":290,"column":32},"end":{"line":290,"column":32}},{"start":{"line":290,"column":32},"end":{"line":290,"column":32}}]},"28":{"line":292,"type":"if","locations":[{"start":{"line":292,"column":36},"end":{"line":292,"column":36}},{"start":{"line":292,"column":36},"end":{"line":292,"column":36}}]},"29":{"line":311,"type":"if","locations":[{"start":{"line":311,"column":20},"end":{"line":311,"column":20}},{"start":{"line":311,"column":20},"end":{"line":311,"column":20}}]},"30":{"line":313,"type":"if","locations":[{"start":{"line":313,"column":25},"end":{"line":313,"column":25}},{"start":{"line":313,"column":25},"end":{"line":313,"column":25}}]},"31":{"line":321,"type":"if","locations":[{"start":{"line":321,"column":20},"end":{"line":321,"column":20}},{"start":{"line":321,"column":20},"end":{"line":321,"column":20}}]},"32":{"line":323,"type":"if","locations":[{"start":{"line":323,"column":25},"end":{"line":323,"column":25}},{"start":{"line":323,"column":25},"end":{"line":323,"column":25}}]},"33":{"line":325,"type":"if","locations":[{"start":{"line":325,"column":25},"end":{"line":325,"column":25}},{"start":{"line":325,"column":25},"end":{"line":325,"column":25}}]},"34":{"line":327,"type":"if","locations":[{"start":{"line":327,"column":25},"end":{"line":327,"column":25}},{"start":{"line":327,"column":25},"end":{"line":327,"column":25}}]},"35":{"line":330,"type":"if","locations":[{"start":{"line":330,"column":25},"end":{"line":330,"column":25}},{"start":{"line":330,"column":25},"end":{"line":330,"column":25}}]},"36":{"line":348,"type":"if","locations":[{"start":{"line":348,"column":16},"end":{"line":348,"column":16}},{"start":{"line":348,"column":16},"end":{"line":348,"column":16}}]},"37":{"line":354,"type":"if","locations":[{"start":{"line":354,"column":20},"end":{"line":354,"column":20}},{"start":{"line":354,"column":20},"end":{"line":354,"column":20}}]},"38":{"line":357,"type":"if","locations":[{"start":{"line":357,"column":20},"end":{"line":357,"column":20}},{"start":{"line":357,"column":20},"end":{"line":357,"column":20}}]},"39":{"line":361,"type":"if","locations":[{"start":{"line":361,"column":16},"end":{"line":361,"column":16}},{"start":{"line":361,"column":16},"end":{"line":361,"column":16}}]},"40":{"line":364,"type":"if","locations":[{"start":{"line":364,"column":20},"end":{"line":364,"column":20}},{"start":{"line":364,"column":20},"end":{"line":364,"column":20}}]},"41":{"line":377,"type":"if","locations":[{"start":{"line":377,"column":16},"end":{"line":377,"column":16}},{"start":{"line":377,"column":16},"end":{"line":377,"column":16}}]},"42":{"line":380,"type":"if","locations":[{"start":{"line":380,"column":24},"end":{"line":380,"column":24}},{"start":{"line":380,"column":24},"end":{"line":380,"column":24}}]},"43":{"line":382,"type":"if","locations":[{"start":{"line":382,"column":24},"end":{"line":382,"column":24}},{"start":{"line":382,"column":24},"end":{"line":382,"column":24}}]},"44":{"line":400,"type":"if","locations":[{"start":{"line":400,"column":20},"end":{"line":400,"column":20}},{"start":{"line":400,"column":20},"end":{"line":400,"column":20}}]},"45":{"line":403,"type":"if","locations":[{"start":{"line":403,"column":24},"end":{"line":403,"column":24}},{"start":{"line":403,"column":24},"end":{"line":403,"column":24}}]},"46":{"line":412,"type":"if","locations":[{"start":{"line":412,"column":20},"end":{"line":412,"column":20}},{"start":{"line":412,"column":20},"end":{"line":412,"column":20}}]},"47":{"line":412,"type":"binary-expr","locations":[{"start":{"line":412,"column":24},"end":{"line":412,"column":55}},{"start":{"line":413,"column":24},"end":{"line":413,"column":60}}]},"48":{"line":430,"type":"if","locations":[{"start":{"line":430,"column":20},"end":{"line":430,"column":20}},{"start":{"line":430,"column":20},"end":{"line":430,"column":20}}]},"49":{"line":430,"type":"binary-expr","locations":[{"start":{"line":430,"column":24},"end":{"line":430,"column":47}},{"start":{"line":431,"column":24},"end":{"line":431,"column":59}},{"start":{"line":432,"column":24},"end":{"line":432,"column":50}}]},"50":{"line":434,"type":"if","locations":[{"start":{"line":434,"column":28},"end":{"line":434,"column":28}},{"start":{"line":434,"column":28},"end":{"line":434,"column":28}}]},"51":{"line":442,"type":"if","locations":[{"start":{"line":442,"column":20},"end":{"line":442,"column":20}},{"start":{"line":442,"column":20},"end":{"line":442,"column":20}}]},"52":{"line":442,"type":"binary-expr","locations":[{"start":{"line":442,"column":24},"end":{"line":442,"column":45}},{"start":{"line":442,"column":49},"end":{"line":442,"column":75}}]},"53":{"line":454,"type":"if","locations":[{"start":{"line":454,"column":16},"end":{"line":454,"column":16}},{"start":{"line":454,"column":16},"end":{"line":454,"column":16}}]},"54":{"line":464,"type":"if","locations":[{"start":{"line":464,"column":23},"end":{"line":464,"column":23}},{"start":{"line":464,"column":23},"end":{"line":464,"column":23}}]},"55":{"line":464,"type":"binary-expr","locations":[{"start":{"line":464,"column":27},"end":{"line":464,"column":39}},{"start":{"line":464,"column":43},"end":{"line":464,"column":65}}]},"56":{"line":474,"type":"if","locations":[{"start":{"line":474,"column":16},"end":{"line":474,"column":16}},{"start":{"line":474,"column":16},"end":{"line":474,"column":16}}]},"57":{"line":507,"type":"binary-expr","locations":[{"start":{"line":507,"column":32},"end":{"line":507,"column":41}},{"start":{"line":507,"column":45},"end":{"line":507,"column":46}}]},"58":{"line":508,"type":"binary-expr","locations":[{"start":{"line":508,"column":32},"end":{"line":508,"column":45}},{"start":{"line":508,"column":49},"end":{"line":508,"column":50}}]},"59":{"line":517,"type":"if","locations":[{"start":{"line":517,"column":16},"end":{"line":517,"column":16}},{"start":{"line":517,"column":16},"end":{"line":517,"column":16}}]},"60":{"line":541,"type":"cond-expr","locations":[{"start":{"line":541,"column":55},"end":{"line":541,"column":60}},{"start":{"line":541,"column":63},"end":{"line":541,"column":64}}]},"61":{"line":552,"type":"if","locations":[{"start":{"line":552,"column":20},"end":{"line":552,"column":20}},{"start":{"line":552,"column":20},"end":{"line":552,"column":20}}]},"62":{"line":552,"type":"binary-expr","locations":[{"start":{"line":552,"column":24},"end":{"line":552,"column":52}},{"start":{"line":552,"column":57},"end":{"line":552,"column":91}}]},"63":{"line":556,"type":"if","locations":[{"start":{"line":556,"column":28},"end":{"line":556,"column":28}},{"start":{"line":556,"column":28},"end":{"line":556,"column":28}}]},"64":{"line":576,"type":"if","locations":[{"start":{"line":576,"column":16},"end":{"line":576,"column":16}},{"start":{"line":576,"column":16},"end":{"line":576,"column":16}}]},"65":{"line":585,"type":"if","locations":[{"start":{"line":585,"column":23},"end":{"line":585,"column":23}},{"start":{"line":585,"column":23},"end":{"line":585,"column":23}}]},"66":{"line":585,"type":"binary-expr","locations":[{"start":{"line":585,"column":27},"end":{"line":585,"column":36}},{"start":{"line":585,"column":40},"end":{"line":585,"column":59}}]},"67":{"line":594,"type":"if","locations":[{"start":{"line":594,"column":16},"end":{"line":594,"column":16}},{"start":{"line":594,"column":16},"end":{"line":594,"column":16}}]},"68":{"line":620,"type":"if","locations":[{"start":{"line":620,"column":16},"end":{"line":620,"column":16}},{"start":{"line":620,"column":16},"end":{"line":620,"column":16}}]},"69":{"line":624,"type":"if","locations":[{"start":{"line":624,"column":16},"end":{"line":624,"column":16}},{"start":{"line":624,"column":16},"end":{"line":624,"column":16}}]},"70":{"line":624,"type":"binary-expr","locations":[{"start":{"line":624,"column":20},"end":{"line":624,"column":24}},{"start":{"line":624,"column":28},"end":{"line":624,"column":35}}]},"71":{"line":626,"type":"if","locations":[{"start":{"line":626,"column":21},"end":{"line":626,"column":21}},{"start":{"line":626,"column":21},"end":{"line":626,"column":21}}]},"72":{"line":668,"type":"if","locations":[{"start":{"line":668,"column":20},"end":{"line":668,"column":20}},{"start":{"line":668,"column":20},"end":{"line":668,"column":20}}]},"73":{"line":684,"type":"if","locations":[{"start":{"line":684,"column":16},"end":{"line":684,"column":16}},{"start":{"line":684,"column":16},"end":{"line":684,"column":16}}]},"74":{"line":690,"type":"if","locations":[{"start":{"line":690,"column":20},"end":{"line":690,"column":20}},{"start":{"line":690,"column":20},"end":{"line":690,"column":20}}]},"75":{"line":695,"type":"if","locations":[{"start":{"line":695,"column":24},"end":{"line":695,"column":24}},{"start":{"line":695,"column":24},"end":{"line":695,"column":24}}]},"76":{"line":695,"type":"binary-expr","locations":[{"start":{"line":695,"column":28},"end":{"line":695,"column":62}},{"start":{"line":696,"column":28},"end":{"line":696,"column":62}}]},"77":{"line":704,"type":"if","locations":[{"start":{"line":704,"column":27},"end":{"line":704,"column":27}},{"start":{"line":704,"column":27},"end":{"line":704,"column":27}}]},"78":{"line":727,"type":"if","locations":[{"start":{"line":727,"column":16},"end":{"line":727,"column":16}},{"start":{"line":727,"column":16},"end":{"line":727,"column":16}}]},"79":{"line":730,"type":"if","locations":[{"start":{"line":730,"column":16},"end":{"line":730,"column":16}},{"start":{"line":730,"column":16},"end":{"line":730,"column":16}}]},"80":{"line":734,"type":"if","locations":[{"start":{"line":734,"column":24},"end":{"line":734,"column":24}},{"start":{"line":734,"column":24},"end":{"line":734,"column":24}}]},"81":{"line":734,"type":"binary-expr","locations":[{"start":{"line":734,"column":28},"end":{"line":734,"column":53}},{"start":{"line":735,"column":29},"end":{"line":735,"column":60}}]},"82":{"line":747,"type":"if","locations":[{"start":{"line":747,"column":24},"end":{"line":747,"column":24}},{"start":{"line":747,"column":24},"end":{"line":747,"column":24}}]},"83":{"line":754,"type":"if","locations":[{"start":{"line":754,"column":31},"end":{"line":754,"column":31}},{"start":{"line":754,"column":31},"end":{"line":754,"column":31}}]},"84":{"line":761,"type":"if","locations":[{"start":{"line":761,"column":31},"end":{"line":761,"column":31}},{"start":{"line":761,"column":31},"end":{"line":761,"column":31}}]},"85":{"line":761,"type":"binary-expr","locations":[{"start":{"line":761,"column":35},"end":{"line":761,"column":60}},{"start":{"line":762,"column":35},"end":{"line":762,"column":66}}]},"86":{"line":799,"type":"binary-expr","locations":[{"start":{"line":799,"column":62},"end":{"line":799,"column":79}},{"start":{"line":800,"column":62},"end":{"line":800,"column":80}},{"start":{"line":801,"column":62},"end":{"line":801,"column":78}}]},"87":{"line":826,"type":"binary-expr","locations":[{"start":{"line":826,"column":62},"end":{"line":826,"column":79}},{"start":{"line":827,"column":62},"end":{"line":827,"column":80}},{"start":{"line":828,"column":62},"end":{"line":828,"column":78}}]},"88":{"line":852,"type":"binary-expr","locations":[{"start":{"line":852,"column":62},"end":{"line":852,"column":79}},{"start":{"line":853,"column":62},"end":{"line":853,"column":80}},{"start":{"line":854,"column":62},"end":{"line":854,"column":78}}]},"89":{"line":900,"type":"if","locations":[{"start":{"line":900,"column":16},"end":{"line":900,"column":16}},{"start":{"line":900,"column":16},"end":{"line":900,"column":16}}]},"90":{"line":902,"type":"if","locations":[{"start":{"line":902,"column":16},"end":{"line":902,"column":16}},{"start":{"line":902,"column":16},"end":{"line":902,"column":16}}]},"91":{"line":902,"type":"binary-expr","locations":[{"start":{"line":902,"column":20},"end":{"line":902,"column":45}},{"start":{"line":902,"column":49},"end":{"line":902,"column":80}}]},"92":{"line":907,"type":"if","locations":[{"start":{"line":907,"column":23},"end":{"line":907,"column":23}},{"start":{"line":907,"column":23},"end":{"line":907,"column":23}}]},"93":{"line":907,"type":"binary-expr","locations":[{"start":{"line":907,"column":27},"end":{"line":907,"column":52}},{"start":{"line":908,"column":27},"end":{"line":908,"column":63}}]},"94":{"line":926,"type":"if","locations":[{"start":{"line":926,"column":16},"end":{"line":926,"column":16}},{"start":{"line":926,"column":16},"end":{"line":926,"column":16}}]},"95":{"line":935,"type":"if","locations":[{"start":{"line":935,"column":16},"end":{"line":935,"column":16}},{"start":{"line":935,"column":16},"end":{"line":935,"column":16}}]},"96":{"line":940,"type":"if","locations":[{"start":{"line":940,"column":16},"end":{"line":940,"column":16}},{"start":{"line":940,"column":16},"end":{"line":940,"column":16}}]},"97":{"line":1003,"type":"binary-expr","locations":[{"start":{"line":1003,"column":24},"end":{"line":1003,"column":37}},{"start":{"line":1004,"column":24},"end":{"line":1004,"column":38}},{"start":{"line":1005,"column":24},"end":{"line":1005,"column":36}}]},"98":{"line":1012,"type":"if","locations":[{"start":{"line":1012,"column":20},"end":{"line":1012,"column":20}},{"start":{"line":1012,"column":20},"end":{"line":1012,"column":20}}]},"99":{"line":1022,"type":"binary-expr","locations":[{"start":{"line":1022,"column":24},"end":{"line":1022,"column":37}},{"start":{"line":1023,"column":24},"end":{"line":1023,"column":38}},{"start":{"line":1024,"column":24},"end":{"line":1024,"column":36}}]},"100":{"line":1031,"type":"if","locations":[{"start":{"line":1031,"column":20},"end":{"line":1031,"column":20}},{"start":{"line":1031,"column":20},"end":{"line":1031,"column":20}}]},"101":{"line":1040,"type":"if","locations":[{"start":{"line":1040,"column":16},"end":{"line":1040,"column":16}},{"start":{"line":1040,"column":16},"end":{"line":1040,"column":16}}]},"102":{"line":1044,"type":"if","locations":[{"start":{"line":1044,"column":20},"end":{"line":1044,"column":20}},{"start":{"line":1044,"column":20},"end":{"line":1044,"column":20}}]},"103":{"line":1052,"type":"if","locations":[{"start":{"line":1052,"column":16},"end":{"line":1052,"column":16}},{"start":{"line":1052,"column":16},"end":{"line":1052,"column":16}}]},"104":{"line":1056,"type":"if","locations":[{"start":{"line":1056,"column":20},"end":{"line":1056,"column":20}},{"start":{"line":1056,"column":20},"end":{"line":1056,"column":20}}]},"105":{"line":1075,"type":"if","locations":[{"start":{"line":1075,"column":16},"end":{"line":1075,"column":16}},{"start":{"line":1075,"column":16},"end":{"line":1075,"column":16}}]},"106":{"line":1082,"type":"if","locations":[{"start":{"line":1082,"column":16},"end":{"line":1082,"column":16}},{"start":{"line":1082,"column":16},"end":{"line":1082,"column":16}}]},"107":{"line":1089,"type":"if","locations":[{"start":{"line":1089,"column":16},"end":{"line":1089,"column":16}},{"start":{"line":1089,"column":16},"end":{"line":1089,"column":16}}]},"108":{"line":1096,"type":"if","locations":[{"start":{"line":1096,"column":16},"end":{"line":1096,"column":16}},{"start":{"line":1096,"column":16},"end":{"line":1096,"column":16}}]},"109":{"line":1105,"type":"if","locations":[{"start":{"line":1105,"column":20},"end":{"line":1105,"column":20}},{"start":{"line":1105,"column":20},"end":{"line":1105,"column":20}}]},"110":{"line":1108,"type":"if","locations":[{"start":{"line":1108,"column":25},"end":{"line":1108,"column":25}},{"start":{"line":1108,"column":25},"end":{"line":1108,"column":25}}]},"111":{"line":1113,"type":"if","locations":[{"start":{"line":1113,"column":20},"end":{"line":1113,"column":20}},{"start":{"line":1113,"column":20},"end":{"line":1113,"column":20}}]},"112":{"line":1122,"type":"if","locations":[{"start":{"line":1122,"column":16},"end":{"line":1122,"column":16}},{"start":{"line":1122,"column":16},"end":{"line":1122,"column":16}}]},"113":{"line":1123,"type":"if","locations":[{"start":{"line":1123,"column":20},"end":{"line":1123,"column":20}},{"start":{"line":1123,"column":20},"end":{"line":1123,"column":20}}]},"114":{"line":1127,"type":"if","locations":[{"start":{"line":1127,"column":21},"end":{"line":1127,"column":21}},{"start":{"line":1127,"column":21},"end":{"line":1127,"column":21}}]},"115":{"line":1128,"type":"if","locations":[{"start":{"line":1128,"column":20},"end":{"line":1128,"column":20}},{"start":{"line":1128,"column":20},"end":{"line":1128,"column":20}}]},"116":{"line":1135,"type":"if","locations":[{"start":{"line":1135,"column":20},"end":{"line":1135,"column":20}},{"start":{"line":1135,"column":20},"end":{"line":1135,"column":20}}]},"117":{"line":1138,"type":"if","locations":[{"start":{"line":1138,"column":25},"end":{"line":1138,"column":25}},{"start":{"line":1138,"column":25},"end":{"line":1138,"column":25}}]},"118":{"line":1138,"type":"binary-expr","locations":[{"start":{"line":1138,"column":29},"end":{"line":1138,"column":46}},{"start":{"line":1138,"column":50},"end":{"line":1138,"column":72}}]},"119":{"line":1142,"type":"if","locations":[{"start":{"line":1142,"column":24},"end":{"line":1142,"column":24}},{"start":{"line":1142,"column":24},"end":{"line":1142,"column":24}}]},"120":{"line":1152,"type":"if","locations":[{"start":{"line":1152,"column":16},"end":{"line":1152,"column":16}},{"start":{"line":1152,"column":16},"end":{"line":1152,"column":16}}]},"121":{"line":1156,"type":"if","locations":[{"start":{"line":1156,"column":24},"end":{"line":1156,"column":24}},{"start":{"line":1156,"column":24},"end":{"line":1156,"column":24}}]},"122":{"line":1156,"type":"binary-expr","locations":[{"start":{"line":1156,"column":28},"end":{"line":1156,"column":66}},{"sta
[...]
16},"end":{"line":88,"column":47}},"54":{"start":{"line":89,"column":16},"end":{"line":89,"column":60}},"55":{"start":{"line":91,"column":12},"end":{"line":96,"column":15}},"56":{"start":{"line":92,"column":16},"end":{"line":92,"column":35}},"57":{"start":{"line":93,"column":16},"end":{"line":93,"column":37}},"58":{"start":{"line":94,"column":16},"end":{"line":94,"column":47}},"59":{"start":{"line":95,"column":16},"end":{"line":95,"column":60}},"60":{"start":{"line":97,"column":12},"end":{"line":102,"column":15}},"61":{"start":{"line":98,"column":16},"end":{"line":98,"column":37}},"62":{"start":{"line":99,"column":16},"end":{"line":99,"column":33}},"63":{"start":{"line":100,"column":16},"end":{"line":100,"column":47}},"64":{"start":{"line":101,"column":16},"end":{"line":101,"column":60}},"65":{"start":{"line":103,"column":12},"end":{"line":108,"column":15}},"66":{"start":{"line":104,"column":16},"end":{"line":104,"column":35}},"67":{"start":{"line":105,"column":16},"end":{"line":105,"column":33}},"68":{"start":{"line":106,"column":16},"end":{"line":106,"column":37}},"69":{"start":{"line":107,"column":16},"end":{"line":107,"column":60}},"70":{"start":{"line":112,"column":4},"end":{"line":142,"column":7}},"71":{"start":{"line":113,"column":8},"end":{"line":118,"column":74}},"72":{"start":{"line":120,"column":8},"end":{"line":126,"column":11}},"73":{"start":{"line":121,"column":12},"end":{"line":124,"column":15}},"74":{"start":{"line":125,"column":12},"end":{"line":125,"column":32}},"75":{"start":{"line":128,"column":8},"end":{"line":131,"column":11}},"76":{"start":{"line":129,"column":12},"end":{"line":129,"column":56}},"77":{"start":{"line":130,"column":12},"end":{"line":130,"column":51}},"78":{"start":{"line":133,"column":8},"end":{"line":136,"column":11}},"79":{"start":{"line":134,"column":12},"end":{"line":134,"column":52}},"80":{"start":{"line":135,"column":12},"end":{"line":135,"column":51}},"81":{"start":{"line":138,"column":8},"end":{"line":141,"column":11}},"82":{"start":{"line":139,"column":12},"end":{"line":139,"column":65}},"83":{"start":{"line":140,"column":12},"end":{"line":140,"column":54}},"84":{"start":{"line":144,"column":4},"end":{"line":207,"column":7}},"85":{"start":{"line":145,"column":8},"end":{"line":152,"column":28}},"86":{"start":{"line":154,"column":8},"end":{"line":162,"column":11}},"87":{"start":{"line":155,"column":12},"end":{"line":158,"column":15}},"88":{"start":{"line":159,"column":12},"end":{"line":159,"column":52}},"89":{"start":{"line":160,"column":12},"end":{"line":160,"column":68}},"90":{"start":{"line":161,"column":12},"end":{"line":161,"column":32}},"91":{"start":{"line":164,"column":8},"end":{"line":168,"column":11}},"92":{"start":{"line":165,"column":12},"end":{"line":165,"column":51}},"93":{"start":{"line":166,"column":12},"end":{"line":166,"column":63}},"94":{"start":{"line":167,"column":12},"end":{"line":167,"column":75}},"95":{"start":{"line":170,"column":8},"end":{"line":173,"column":11}},"96":{"start":{"line":171,"column":12},"end":{"line":171,"column":62}},"97":{"start":{"line":172,"column":12},"end":{"line":172,"column":79}},"98":{"start":{"line":175,"column":8},"end":{"line":179,"column":11}},"99":{"start":{"line":176,"column":12},"end":{"line":176,"column":46}},"100":{"start":{"line":177,"column":12},"end":{"line":177,"column":62}},"101":{"start":{"line":178,"column":12},"end":{"line":178,"column":79}},"102":{"start":{"line":181,"column":8},"end":{"line":184,"column":11}},"103":{"start":{"line":182,"column":12},"end":{"line":182,"column":79}},"104":{"start":{"line":183,"column":12},"end":{"line":183,"column":79}},"105":{"start":{"line":186,"column":8},"end":{"line":189,"column":11}},"106":{"start":{"line":187,"column":12},"end":{"line":187,"column":54}},"107":{"start":{"line":188,"column":12},"end":{"line":188,"column":34}},"108":{"start":{"line":191,"column":8},"end":{"line":196,"column":11}},"109":{"start":{"line":192,"column":12},"end":{"line":192,"column":54}},"110":{"start":{"line":193,"column":12},"end":{"line":193,"column":76}},"111":{"start":{"line":195,"column":12},"end":{"line":195,"column":71}},"112":{"start":{"line":198,"column":8},"end":{"line":201,"column":11}},"113":{"start":{"line":199,"column":12},"end":{"line":199,"column":71}},"114":{"start":{"line":200,"column":12},"end":{"line":200,"column":51}},"115":{"start":{"line":203,"column":8},"end":{"line":206,"column":11}},"116":{"start":{"line":204,"column":12},"end":{"line":204,"column":62}},"117":{"start":{"line":205,"column":12},"end":{"line":205,"column":44}},"118":{"start":{"line":209,"column":4},"end":{"line":236,"column":7}},"119":{"start":{"line":210,"column":8},"end":{"line":215,"column":74}},"120":{"start":{"line":217,"column":8},"end":{"line":225,"column":11}},"121":{"start":{"line":218,"column":12},"end":{"line":221,"column":15}},"122":{"start":{"line":222,"column":12},"end":{"line":222,"column":52}},"123":{"start":{"line":223,"column":12},"end":{"line":223,"column":68}},"124":{"start":{"line":224,"column":12},"end":{"line":224,"column":32}},"125":{"start":{"line":227,"column":8},"end":{"line":229,"column":11}},"126":{"start":{"line":228,"column":12},"end":{"line":228,"column":60}},"127":{"start":{"line":231,"column":8},"end":{"line":235,"column":11}},"128":{"start":{"line":232,"column":12},"end":{"line":232,"column":47}},"129":{"start":{"line":233,"column":12},"end":{"line":233,"column":38}},"130":{"start":{"line":234,"column":12},"end":{"line":234,"column":73}},"131":{"start":{"line":238,"column":4},"end":{"line":264,"column":7}},"132":{"start":{"line":239,"column":8},"end":{"line":239,"column":15}},"133":{"start":{"line":241,"column":8},"end":{"line":245,"column":11}},"134":{"start":{"line":242,"column":12},"end":{"line":244,"column":15}},"135":{"start":{"line":247,"column":8},"end":{"line":263,"column":11}},"136":{"start":{"line":248,"column":12},"end":{"line":254,"column":40}},"137":{"start":{"line":255,"column":12},"end":{"line":255,"column":47}},"138":{"start":{"line":256,"column":12},"end":{"line":262,"column":51}}},"branchMap":{}},"src/js/defaultImplementations/defaultHTMLRenderer/ij.IIJDefaultHTMLRenderer.js":{"path":"src/js/defaultImplementations/defaultHTMLRenderer/ij.IIJDefaultHTMLRenderer.js","s":{"1":1,"2":0,"3":0,"4":0,"5":0,"6":0,"7":0,"8":0,"9":0,"10":0,"11":0,"12":0,"13":0,"14":0,"15":0,"16":0,"17":0,"18":0,"19":0,"20":0,"21":0,"22":0,"23":0,"24":0,"25":0,"26":0,"27":0,"28":0,"29":0,"30":0,"31":0,"32":0,"33":0,"34":0,"35":0,"36":0,"37":0,"38":0,"39":0,"40":0,"41":0,"42":0,"43":0,"44":0,"45":0,"46":0,"47":1},"b":{"1":[0,0],"2":[0,0],"3":[0,0],"4":[0,0],"5":[0,0]},"f":{"1":0,"2":0,"3":0,"4":0,"5":0,"6":0,"7":0,"8":0,"9":0,"10":0,"11":0,"12":0,"13":0,"14":0,"15":0,"16":0,"17":0,"18":0,"19":0,"20":0,"21":0},"fnMap":{"1":{"name":"(anonymous_1)","line":3,"loc":{"start":{"line":3,"column":17},"end":{"line":3,"column":33}}},"2":{"name":"(anonymous_2)","line":9,"loc":{"start":{"line":9,"column":26},"end":{"line":9,"column":36}}},"3":{"name":"(anonymous_3)","line":13,"loc":{"start":{"line":13,"column":19},"end":{"line":13,"column":53}}},"4":{"name":"(anonymous_4)","line":20,"loc":{"start":{"line":20,"column":19},"end":{"line":20,"column":53}}},"5":{"name":"(anonymous_5)","line":27,"loc":{"start":{"line":27,"column":25},"end":{"line":27,"column":35}}},"6":{"name":"(anonymous_6)","line":32,"loc":{"start":{"line":32,"column":27},"end":{"line":32,"column":42}}},"7":{"name":"(anonymous_7)","line":36,"loc":{"start":{"line":36,"column":28},"end":{"line":36,"column":38}}},"8":{"name":"(anonymous_8)","line":40,"loc":{"start":{"line":40,"column":34},"end":{"line":40,"column":44}}},"9":{"name":"(anonymous_9)","line":44,"loc":{"start":{"line":44,"column":29},"end":{"line":44,"column":39}}},"10":{"name":"(anonymous_10)","line":48,"loc":{"start":{"line":48,"column":20},"end":{"line":48,"column":50}}},"11":{"name":"(anonymous_11)","line":67,"loc":{"start":{"line":67,"column":18},"end":{"line":67,"column":43}}},"12":{"name":"(anonymous_12)","line":71,"loc":{"start":{"line":71,"column":26},"end":{"line":71,"column":111}}},"13":{"name":"(anonymous_13)","line":85,"loc":{"start":{"line":85,"column":22},"end":{"line":85,"column":32}}},"14":{"name":"(anonymous_14)","line":89,"loc":{"start":{"line":89,"column":21},"end":{"line":89,"column":63}}},"15":{"name":"(anonymous_15)","line":93,"loc":{"start":{"line":93,"column":23},"end":{"line":93,"column":50}}},"16":{"name":"(anonymous_16)","line":97,"loc":{"start":{"line":97,"column":27},"end":{"line":97,"column":46}}},"17":{"name":"(anonymous_17)","line":102,"loc":{"start":{"line":102,"column":17},"end":{"line":102,"column":68}}},"18":{"name":"(anonymous_18)","line":110,"loc":{"start":{"line":110,"column":27},"end":{"line":110,"column":54}}},"19":{"name":"(anonymous_19)","line":118,"loc":{"start":{"line":118,"column":18},"end":{"line":118,"column":35}}},"20":{"name":"(anonymous_20)","line":125,"loc":{"start":{"line":125,"column":21},"end":{"line":125,"column":53}}},"21":{"name":"(anonymous_21)","line":143,"loc":{"start":{"line":143,"column":18},"end":{"line":143,"column":47}}}},"statementMap":{"1":{"start":{"line":1,"column":0},"end":{"line":148,"column":2}},"2":{"start":{"line":4,"column":8},"end":{"line":4,"column":32}},"3":{"start":{"line":5,"column":8},"end":{"line":5,"column":53}},"4":{"start":{"line":6,"column":8},"end":{"line":6,"column":53}},"5":{"start":{"line":10,"column":8},"end":{"line":10,"column":52}},"6":{"start":{"line":14,"column":8},"end":{"line":16,"column":22}},"7":{"start":{"line":17,"column":8},"end":{"line":17,"column":30}},"8":{"start":{"line":21,"column":8},"end":{"line":23,"column":22}},"9":{"start":{"line":24,"column":8},"end":{"line":24,"column":30}},"10":{"start":{"line":28,"column":8},"end":{"line":28,"column":52}},"11":{"start":{"line":29,"column":8},"end":{"line":29,"column":19}},"12":{"start":{"line":33,"column":8},"end":{"line":33,"column":77}},"13":{"start":{"line":37,"column":8},"end":{"line":37,"column":49}},"14":{"start":{"line":41,"column":8},"end":{"line":41,"column":49}},"15":{"start":{"line":45,"column":8},"end":{"line":45,"column":52}},"16":{"start":{"line":49,"column":8},"end":{"line":61,"column":10}},"17":{"start":{"line":62,"column":8},"end":{"line":62,"column":39}},"18":{"start":{"line":63,"column":8},"end":{"line":63,"column":36}},"19":{"start":{"line":64,"column":8},"end":{"line":64,"column":31}},"20":{"start":{"line":68,"column":8},"end":{"line":68,"column":57}},"21":{"start":{"line":72,"column":8},"end":{"line":82,"column":10}},"22":{"start":{"line":86,"column":8},"end":{"line":86,"column":79}},"23":{"start":{"line":90,"column":8},"end":{"line":90,"column":66}},"24":{"start":{"line":94,"column":8},"end":{"line":94,"column":55}},"25":{"start":{"line":98,"column":8},"end":{"line":98,"column":112}},"26":{"start":{"line":103,"column":8},"end":{"line":103,"column":81}},"27":{"start":{"line":104,"column":8},"end":{"line":106,"column":9}},"28":{"start":{"line":105,"column":12},"end":{"line":105,"column":50}},"29":{"start":{"line":107,"column":8},"end":{"line":107,"column":70}},"30":{"start":{"line":111,"column":8},"end":{"line":111,"column":53}},"31":{"start":{"line":112,"column":8},"end":{"line":114,"column":9}},"32":{"start":{"line":113,"column":12},"end":{"line":113,"column":64}},"33":{"start":{"line":115,"column":8},"end":{"line":115,"column":28}},"34":{"start":{"line":119,"column":8},"end":{"line":121,"column":9}},"35":{"start":{"line":120,"column":12},"end":{"line":120,"column":49}},"36":{"start":{"line":122,"column":8},"end":{"line":122,"column":22}},"37":{"start":{"line":126,"column":8},"end":{"line":137,"column":9}},"38":{"start":{"line":127,"column":12},"end":{"line":128,"column":63}},"39":{"start":{"line":129,"column":12},"end":{"line":131,"column":83}},"40":{"start":{"line":132,"column":12},"end":{"line":132,"column":54}},"41":{"start":{"line":133,"column":12},"end":{"line":134,"column":41}},"42":{"start":{"line":135,"column":12},"end":{"line":136,"column":36}},"43":{"start":{"line":138,"column":8},"end":{"line":139,"column":69}},"44":{"start":{"line":140,"column":8},"end":{"line":140,"column":30}},"45":{"start":{"line":144,"column":8},"end":{"line":145,"column":66}},"46":{"start":{"line":146,"column":8},"end":{"line":146,"column":27}},"47":{"start":{"line":150,"column":0},"end":{"line":150,"column":79}}},"branchMap":{"1":{"line":59,"type":"binary-expr","locations":[{"start":{"line":59,"column":13},"end":{"line":59,"column":32}},{"start":{"line":59,"column":36},"end":{"line":59,"column":40}}]},"2":{"line":60,"type":"binary-expr","locations":[{"start":{"line":60,"column":13},"end":{"line":60,"column":34}},{"start":{"line":60,"column":38},"end":{"line":60,"column":43}}]},"3":{"line":80,"type":"binary-expr","locations":[{"start":{"line":80,"column":28},"end":{"line":80,"column":38}},{"start":{"line":80,"column":42},"end":{"line":80,"column":47}}]},"4":{"line":81,"type":"binary-expr","locations":[{"start":{"line":81,"column":30},"end":{"line":81,"column":42}},{"start":{"line":81,"column":46},"end":{"line":81,"column":50}}]},"5":{"line":126,"type":"if","locations":[{"start":{"line":126,"column":8},"end":{"line":126,"column":8}},{"start":{"line":126,"column":8},"end":{"line":126,"column":8}}]}}},"src/js/defaultImplementations/fileImport/DSVDataProvider.js":{"path":"src/js/defaultImplementations/fileImport/DSVDataProvider.js","s":{"1":1,"2":1,"3":1,"4":0,"5":0,"6":0,"7":0,"8":0,"9":0,"10":0,"11":0,"12":0,"13":0,"14":0,"15":0,"16":0,"17":0,"18":0,"19":0,"20":0,"21":0,"22":0,"23":0,"24":0,"25":0,"26":0,"27":0,"28":0,"29":0,"30":0,"31":0,"32":0,"33":0,"34":0,"35":0,"36":0,"37":0,"38":0,"39":0,"40":0,"41":0,"42":0,"43":0,"44":0,"45":0,"46":0,"47":0,"48":0,"49":0,"50":1,"51":1,"52":1},"b":{"1":[1,0],"2":[0,0],"3":[0,0],"4":[0,0],"5":[0,0],"6":[0,0],"7":[0,0],"8":[0,0],"9":[1,0]},"f":{"1":1,"2":0,"3":0,"4":0,"5":0,"6":0,"7":0,"8":0},"fnMap":{"1":{"name":"(anonymous_1)","line":4,"loc":{"start":{"line":4,"column":4},"end":{"line":4,"column":24}}},"2":{"name":"(anonymous_2)","line":15,"loc":{"start":{"line":15,"column":25},"end":{"line":15,"column":89}}},"3":{"name":"(anonymous_3)","line":23,"loc":{"start":{"line":23,"column":45},"end":{"line":23,"column":56}}},"4":{"name":"(anonymous_4)","line":42,"loc":{"start":{"line":42,"column":22},"end":{"line":42,"column":67}}},"5":{"name":"(anonymous_5)","line":58,"loc":{"start":{"line":58,"column":22},"end":{"line":58,"column":32}}},"6":{"name":"(anonymous_6)","line":68,"loc":{"start":{"line":68,"column":25},"end":{"line":68,"column":35}}},"7":{"name":"(anonymous_7)","line":72,"loc":{"start":{"line":72,"column":24},"end":{"line":72,"column":56}}},"8":{"name":"(anonymous_8)","line":87,"loc":{"start":{"line":87,"column":24},"end":{"line":87,"column":40}}}},"statementMap":{"1":{"start":{"line":1,"column":0},"end":{"line":1,"column":28}},"2":{"start":{"line":3,"column":0},"end":{"line":122,"column":2}},"3":{"start":{"line":14,"column":8},"end":{"line":114,"column":10}},"4":{"start":{"line":16,"column":16},"end":{"line":17,"column":43}},"5":{"start":{"line":20,"column":16},"end":{"line":20,"column":54}},"6":{"start":{"line":21,"column":16},"end":{"line":21,"column":60}},"7":{"start":{"line":23,"column":16},"end":{"line":31,"column":18}},"8":{"start":{"line":24,"column":20},"end":{"line":30,"column":21}},"9":{"start":{"line":25,"column":24},"end":{"line":25,"column":57}},"10":{"start":{"line":26,"column":24},"end":{"line":26,"column":99}},"11":{"start":{"line":27,"column":24},"end":{"line":27,"column":51}},"12":{"start":{"line":28,"column":24},"end":{"line":28,"column":86}},"13":{"start":{"line":29,"column":24},"end":{"line":29,"column":51}},"14":{"start":{"line":33,"column":16},"end":{"line":33,"column":48}},"15":{"start":{"line":34,"column":16},"end":{"line":34,"column":31}},"16":{"start":{"line":43,"column":16},"end":{"line":43,"column":34}},"17":{"start":{"line":44,"column":16},"end":{"line":48,"column":17}},"18":{"start":{"line":45,"column":20},"end":{"line":47,"column":21}},"19":{"start":{"line":46,"column":24},"end":{"line":46,"column":93}},"20":{"start":{"line":49,"column":16},"end":{"line":49,"column":32}},"21":{"start":{"line":59,"column":16},"end":{"line":59,"column":33}},"22":{"start":{"line":69,"column":16},"end":{"line":69,"column":36}},"23":{"start":{"line":73,"column":16},"end":{"line":73,"column":52}},"24":{"start":{"line":74,"column":16},"end":{"line":83,"column":17}},"25":{"start":{"line":76,"column":20},"end":{"line":82,"column":21}},"26":{"start":{"line":77,"column":24},"end":{"line":77,"column":54}},"27":{"start":{"line":78,"column":24},"end":{"line":78,"column":37}},"28":{"start":{"line":80,"column":24},"end":{"line":80,"column":40}},"29":{"start":{"line":81,"column":24},"end":{"line":81,"column":39}},"30":{"start":{"line":84,"column":16},"end":{"line":84,"column":29}},"31":{"start":{"line":88,"column":16},"end":{"line":88,"column":31}},"32":{"start":{"line":89,"column":16},"end":{"line":89,"column":34}},"33":{"start":{"line":90,"column":16},"end":{"line":90,"column":32}},"34":{"start":{"line":92,"column":16},"end":{"line":111,"column":17}},"35":{"start":{"line":94,"column":20},"end":{"line":94,"column":33}},"36":{"start":{"line":95,"column":20},"end":{"line":97,"column":21}},"37":{"start":{"line":96,"column":24},"end":{"line":96,"column":46}},"38":{"start":{"line":98,"column":20},"end":{"line":98,"column":40}},"39":{"start":{"line":99,"column":20},"end":{"line":99,"column":40}},"40":{"start":{"line":100,"column":20},"end":{"line":110,"column":21}},"41":{"start":{"line":101,"column":24},"end":{"line":101,"column":40}},"42":{"start":{"line":102,"column":24},"end":{"line":104,"column":25}},"43":{"start":{"line":103,"column":28},"end":{"line":103,"column":53}},"44":{"start":{"line":105,"column":24},"end":{"line":105,"column":50}},"45":{"start":{"line":106,"column":24},"end":{"line":106,"column":65}},"46":{"start":{"line":107,"column":24},"end":{"line":108,"column":45}},"47":{"start":{"line":108,"column":28},"end":{"line":108,"column":45}},"48":{"start":{"line":109,"column":24},"end":{"line":109,"column":66}},"49":{"start":{"line":112,"column":16},"end":{"line":112,"column":30}},"50":{"start":{"line":115,"column":8},"end":{"line":115,"column":81}},"51":{"start":{"line":117,"column":8},"end":{"line":117,"column":49}},"52":{"start":{"line":120,"column":8},"end":{"line":120,"column":24}}},"branchMap":{"1":{"line":1,"type":"binary-expr","locations":[{"start":{"line":1,"column":14},"end":{"line":1,"column":20}},{"start":{"line":1,"column":24},"end":{"line":1,"column":26}}]},"2":{"line":20,"type":"binary-expr","locations":[{"start":{"line":20,"column":32},"end":{"line":20,"column":48}},{"start":{"line":20,"column":52},"end":{"line":20,"column":53}}]},"3":{"line":21,"type":"binary-expr","locations":[{"start":{"line":21,"column":35},"end":{"line":21,"column":54}},{"start":{"line":21,"column":58},"end":{"line":21,"column":59}}]},"4":{"line":24,"type":"if","locations":[{"start":{"line":24,"column":20},"end":{"line":24,"column":20}},{"start":{"line":24,"column":20},"end":{"line":24,"column":20}}]},"5":{"line":24,"type":"binary-expr","locations":[{"start":{"line":24,"column":24},"end":{"line":24,"column":47}},{"start":{"line":24,"column":51},"end":{"line":24,"column":72}}]},"6":{"line":76,"type":"if","locations":[{"start":{"line":76,"column":20},"end":{"line":76,"column":20}},{"start":{"line":76,"column":20},"end":{"line":76,"column":20}}]},"7":{"line":107,"type":"if","locations":[{"start":{"line":107,"column":24},"end":{"line":107,"column":24}},{"start":{"line":107,"column":24},"end":{"line":107,"column":24}}]},"8":{"line":109,"type":"binary-expr","locations":[{"start":{"line":109,"column":46},"end":{"line":109,"column":57}},{"start":{"line":109,"column":61},"end":{"line":109,"column":65}}]},"9":{"line":121,"type":"binary-expr","locations":[{"start":{"line":121,"column":6},"end":{"line":121,"column":15}},{"start":{"line":121,"column":19},"end":{"line":121,"column":21}}]}}}}